This is pdfTeX, Version 3.14159265-2.6-1.40.19 (TeX Live 2018/Debian) (preloaded format=pdflatex 2018.4.29)  29 APR 2018 22:04
entering extended mode
 restricted \write18 enabled.
 %&-line parsing enabled.
**fapa-text-ki.tex
(./fapa-text-ki.tex
LaTeX2e <2018-04-01> patch level 2
Babel <3.18> and hyphenation patterns for 31 language(s) loaded.
(./kidiplom.cls
Document Class: kidiplom 2012/09/09 KI PrF UP v Olomouci Diploma Class

Class kidiplom Warning: [kidiplom] You are using kidiplom class 1.00.

(/usr/share/texlive/texmf-dist/tex/latex/base/article.cls
Document Class: article 2014/09/29 v1.4h Standard LaTeX document class
(/usr/share/texlive/texmf-dist/tex/latex/base/size12.clo
File: size12.clo 2014/09/29 v1.4h Standard LaTeX file (size option)
)
\c@part=\count80
\c@section=\count81
\c@subsection=\count82
\c@subsubsection=\count83
\c@paragraph=\count84
\c@subparagraph=\count85
\c@figure=\count86
\c@table=\count87
\abovecaptionskip=\skip41
\belowcaptionskip=\skip42
\bibindent=\dimen102
)
(/usr/share/texlive/texmf-dist/tex/latex/oberdiek/kvoptions.sty
Package: kvoptions 2016/05/16 v3.12 Key value format for package options (HO)

(/usr/share/texlive/texmf-dist/tex/latex/graphics/keyval.sty
Package: keyval 2014/10/28 v1.15 key=value parser (DPC)
\KV@toks@=\toks14
)
(/usr/share/texlive/texmf-dist/tex/generic/oberdiek/ltxcmds.sty
Package: ltxcmds 2016/05/16 v1.23 LaTeX kernel commands for general use (HO)
)
(/usr/share/texlive/texmf-dist/tex/generic/oberdiek/kvsetkeys.sty
Package: kvsetkeys 2016/05/16 v1.17 Key value parser (HO)

(/usr/share/texlive/texmf-dist/tex/generic/oberdiek/infwarerr.sty
Package: infwarerr 2016/05/16 v1.4 Providing info/warning/error messages (HO)
)
(/usr/share/texlive/texmf-dist/tex/generic/oberdiek/etexcmds.sty
Package: etexcmds 2016/05/16 v1.6 Avoid name clashes with e-TeX commands (HO)

(/usr/share/texlive/texmf-dist/tex/generic/oberdiek/ifluatex.sty
Package: ifluatex 2016/05/16 v1.4 Provides the ifluatex switch (HO)
Package ifluatex Info: LuaTeX not detected.
)
Package etexcmds Info: Could not find \expanded.
(etexcmds)             That can mean that you are not using pdfTeX 1.50 or
(etexcmds)             that some package has redefined \expanded.
(etexcmds)             In the latter case, load this package earlier.
)))
(./kibase.sty
Package: kibase 2012/09/09 KI PrF UP v Olomouci Base Style
 (/usr/share/texlive/texmf-dist/tex/latex/base/inputenc.sty
Package: inputenc 2018/04/06 v1.3b Input encoding file
\inpenc@prehook=\toks15
\inpenc@posthook=\toks16
)
(/usr/share/texlive/texmf-dist/tex/generic/babel/babel.sty
Package: babel 2018/02/14 3.18 The Babel package

(/usr/share/texlive/texmf-dist/tex/generic/babel/switch.def
File: switch.def 2018/02/14 3.18 Babel switching mechanism
)
(/usr/share/texlive/texmf-dist/tex/generic/babel-czech/czech.ldf
Language: czech 2008/07/06 v3.1a Czech support from the babel system

(/usr/share/texlive/texmf-dist/tex/generic/babel/babel.def
File: babel.def 2018/02/14 3.18 Babel common definitions
\babel@savecnt=\count88
\U@D=\dimen103

(/usr/share/texlive/texmf-dist/tex/generic/babel/txtbabel.def)
\bbl@dirlevel=\count89
)
Package babel Info: Making " an active character on input line 172.
\cs@wordlen=\count90
Package babel Info: Making - an active character on input line 226.
)
(/usr/share/texlive/texmf-dist/tex/generic/babel-english/english.ldf
Language: english 2017/06/06 v3.3r English support from the babel system
\l@british = a dialect from \language\l@english 
\l@UKenglish = a dialect from \language\l@english 
\l@canadian = a dialect from \language\l@american 
\l@australian = a dialect from \language\l@british 
\l@newzealand = a dialect from \language\l@british 
)
(/usr/share/texlive/texmf-dist/tex/generic/babel-czech/czech.ldf
Language: czech 2008/07/06 v3.1a Czech support from the babel system
))
(/usr/share/texlive/texmf-dist/tex/latex/xcolor/xcolor.sty
Package: xcolor 2016/05/11 v2.12 LaTeX color extensions (UK)

(/usr/share/texlive/texmf-dist/tex/latex/graphics-cfg/color.cfg
File: color.cfg 2016/01/02 v1.6 sample color configuration
)
Package xcolor Info: Package option `usenames' ignored on input line 216.
Package xcolor Info: Driver file: pdftex.def on input line 225.

(/usr/share/texlive/texmf-dist/tex/latex/graphics-def/pdftex.def
File: pdftex.def 2018/01/08 v1.0l Graphics/color driver for pdftex
)
(/usr/share/texlive/texmf-dist/tex/latex/colortbl/colortbl.sty
Package: colortbl 2012/02/13 v1.0a Color table columns (DPC)

(/usr/share/texlive/texmf-dist/tex/latex/tools/array.sty
Package: array 2018/04/07 v2.4g Tabular extension package (FMi)
\col@sep=\dimen104
\ar@mcellbox=\box26
\extrarowheight=\dimen105
\NC@list=\toks17
\extratabsurround=\skip43
\backup@length=\skip44
\ar@cellbox=\box27
)
\everycr=\toks18
\minrowclearance=\skip45
)
\rownum=\count91
Package xcolor Info: Model `cmy' substituted by `cmy0' on input line 1348.
Package xcolor Info: Model `hsb' substituted by `rgb' on input line 1352.
Package xcolor Info: Model `RGB' extended on input line 1364.
Package xcolor Info: Model `HTML' substituted by `rgb' on input line 1366.
Package xcolor Info: Model `Hsb' substituted by `hsb' on input line 1367.
Package xcolor Info: Model `tHsb' substituted by `hsb' on input line 1368.
Package xcolor Info: Model `HSB' substituted by `hsb' on input line 1369.
Package xcolor Info: Model `Gray' substituted by `gray' on input line 1370.
Package xcolor Info: Model `wave' substituted by `hsb' on input line 1371.

(/usr/share/texlive/texmf-dist/tex/latex/graphics/dvipsnam.def
File: dvipsnam.def 2016/06/17 v3.0m Driver-dependent file (DPC,SPQR)
))
(/usr/share/texlive/texmf-dist/tex/latex/hyperref/hyperref.sty
Package: hyperref 2018/02/06 v6.86b Hypertext links for LaTeX

(/usr/share/texlive/texmf-dist/tex/generic/oberdiek/hobsub-hyperref.sty
Package: hobsub-hyperref 2016/05/16 v1.14 Bundle oberdiek, subset hyperref (HO)


(/usr/share/texlive/texmf-dist/tex/generic/oberdiek/hobsub-generic.sty
Package: hobsub-generic 2016/05/16 v1.14 Bundle oberdiek, subset generic (HO)
Package: hobsub 2016/05/16 v1.14 Construct package bundles (HO)
Package hobsub Info: Skipping package `infwarerr' (already loaded).
Package hobsub Info: Skipping package `ltxcmds' (already loaded).
Package hobsub Info: Skipping package `ifluatex' (already loaded).
Package: ifvtex 2016/05/16 v1.6 Detect VTeX and its facilities (HO)
Package ifvtex Info: VTeX not detected.
Package: intcalc 2016/05/16 v1.2 Expandable calculations with integers (HO)
Package: ifpdf 2017/03/15 v3.2 Provides the ifpdf switch
Package hobsub Info: Skipping package `etexcmds' (already loaded).
Package hobsub Info: Skipping package `kvsetkeys' (already loaded).
Package: kvdefinekeys 2016/05/16 v1.4 Define keys (HO)
Package: pdftexcmds 2018/01/30 v0.27 Utility functions of pdfTeX for LuaTeX (HO
)
Package pdftexcmds Info: LuaTeX not detected.
Package pdftexcmds Info: \pdf@primitive is available.
Package pdftexcmds Info: \pdf@ifprimitive is available.
Package pdftexcmds Info: \pdfdraftmode found.
Package: pdfescape 2016/05/16 v1.14 Implements pdfTeX's escape features (HO)
Package: bigintcalc 2016/05/16 v1.4 Expandable calculations on big integers (HO
)
Package: bitset 2016/05/16 v1.2 Handle bit-vector datatype (HO)
Package: uniquecounter 2016/05/16 v1.3 Provide unlimited unique counter (HO)
)
Package hobsub Info: Skipping package `hobsub' (already loaded).
Package: letltxmacro 2016/05/16 v1.5 Let assignment for LaTeX macros (HO)
Package: hopatch 2016/05/16 v1.3 Wrapper for package hooks (HO)
Package: xcolor-patch 2016/05/16 xcolor patch
Package: atveryend 2016/05/16 v1.9 Hooks at the very end of document (HO)
Package atveryend Info: \enddocument detected (standard20110627).
Package: atbegshi 2016/06/09 v1.18 At begin shipout hook (HO)
Package: refcount 2016/05/16 v3.5 Data extraction from label references (HO)
Package: hycolor 2016/05/16 v1.8 Color options for hyperref/bookmark (HO)
)
(/usr/share/texlive/texmf-dist/tex/generic/ifxetex/ifxetex.sty
Package: ifxetex 2010/09/12 v0.6 Provides ifxetex conditional
)
(/usr/share/texlive/texmf-dist/tex/latex/oberdiek/auxhook.sty
Package: auxhook 2016/05/16 v1.4 Hooks for auxiliary files (HO)
)
\@linkdim=\dimen106
\Hy@linkcounter=\count92
\Hy@pagecounter=\count93

(/usr/share/texlive/texmf-dist/tex/latex/hyperref/pd1enc.def
File: pd1enc.def 2018/02/06 v6.86b Hyperref: PDFDocEncoding definition (HO)
Now handling font encoding PD1 ...
... no UTF-8 mapping file for font encoding PD1
)
\Hy@SavedSpaceFactor=\count94

(/usr/share/texlive/texmf-dist/tex/latex/latexconfig/hyperref.cfg
File: hyperref.cfg 2002/06/06 v1.2 hyperref configuration of TeXLive
)
Package hyperref Info: Option `unicode' set `true' on input line 4383.

(/usr/share/texlive/texmf-dist/tex/latex/hyperref/puenc.def
File: puenc.def 2018/02/06 v6.86b Hyperref: PDF Unicode definition (HO)
Now handling font encoding PU ...
... no UTF-8 mapping file for font encoding PU
)
Package hyperref Info: Option `breaklinks' set `true' on input line 4383.
Package hyperref Info: Hyper figures OFF on input line 4509.
Package hyperref Info: Link nesting OFF on input line 4514.
Package hyperref Info: Hyper index ON on input line 4517.
Package hyperref Info: Plain pages OFF on input line 4524.
Package hyperref Info: Backreferencing OFF on input line 4529.
Package hyperref Info: Implicit mode ON; LaTeX internals redefined.
Package hyperref Info: Bookmarks ON on input line 4762.
\c@Hy@tempcnt=\count95

(/usr/share/texlive/texmf-dist/tex/latex/url/url.sty
\Urlmuskip=\muskip10
Package: url 2013/09/16  ver 3.4  Verb mode for urls, etc.
)
LaTeX Info: Redefining \url on input line 5115.
\XeTeXLinkMargin=\dimen107
\Fld@menulength=\count96
\Field@Width=\dimen108
\Fld@charsize=\dimen109
Package hyperref Info: Hyper figures OFF on input line 6369.
Package hyperref Info: Link nesting OFF on input line 6374.
Package hyperref Info: Hyper index ON on input line 6377.
Package hyperref Info: backreferencing OFF on input line 6384.
Package hyperref Info: Link coloring OFF on input line 6389.
Package hyperref Info: Link coloring with OCG OFF on input line 6394.
Package hyperref Info: PDF/A mode OFF on input line 6399.
LaTeX Info: Redefining \ref on input line 6439.
LaTeX Info: Redefining \pageref on input line 6443.
\Hy@abspage=\count97
\c@Item=\count98
\c@Hfootnote=\count99
)
Package hyperref Info: Driver (autodetected): hpdftex.

(/usr/share/texlive/texmf-dist/tex/latex/hyperref/hpdftex.def
File: hpdftex.def 2018/02/06 v6.86b Hyperref driver for pdfTeX
\Fld@listcount=\count100
\c@bookmark@seq@number=\count101

(/usr/share/texlive/texmf-dist/tex/latex/oberdiek/rerunfilecheck.sty
Package: rerunfilecheck 2016/05/16 v1.8 Rerun checks for auxiliary files (HO)
Package uniquecounter Info: New unique counter `rerunfilecheck' on input line 2
82.
)
\Hy@SectionHShift=\skip46
)
(/usr/share/texlive/texmf-dist/tex/latex/oberdiek/bookmark.sty
Package: bookmark 2016/05/17 v1.26 PDF bookmarks (HO)

(/usr/share/texlive/texmf-dist/tex/latex/oberdiek/bkm-pdftex.def
File: bkm-pdftex.def 2016/05/17 v1.26 bookmark driver for pdfTeX (HO)
\BKM@id=\count102
))
(/usr/share/texlive/texmf-dist/tex/latex/listings/listings.sty
\lst@mode=\count103
\lst@gtempboxa=\box28
\lst@token=\toks19
\lst@length=\count104
\lst@currlwidth=\dimen110
\lst@column=\count105
\lst@pos=\count106
\lst@lostspace=\dimen111
\lst@width=\dimen112
\lst@newlines=\count107
\lst@lineno=\count108
\lst@maxwidth=\dimen113

(/usr/share/texlive/texmf-dist/tex/latex/listings/lstmisc.sty
File: lstmisc.sty 2015/06/04 1.6 (Carsten Heinz)
\c@lstnumber=\count109
\lst@skipnumbers=\count110
\lst@framebox=\box29
)
(/usr/share/texlive/texmf-dist/tex/latex/listings/listings.cfg
File: listings.cfg 2015/06/04 1.6 listings configuration
))
Package: listings 2015/06/04 1.6 (Carsten Heinz)

(/usr/share/texlive/texmf-dist/tex/latex/base/ifthen.sty
Package: ifthen 2014/09/29 v1.1c Standard LaTeX ifthen package (DPC)
)
(/usr/share/texmf/tex/latex/lm/lmodern.sty
Package: lmodern 2009/10/30 v1.6 Latin Modern Fonts
LaTeX Font Info:    Overwriting symbol font `operators' in version `normal'
(Font)                  OT1/cmr/m/n --> OT1/lmr/m/n on input line 22.
LaTeX Font Info:    Overwriting symbol font `letters' in version `normal'
(Font)                  OML/cmm/m/it --> OML/lmm/m/it on input line 23.
LaTeX Font Info:    Overwriting symbol font `symbols' in version `normal'
(Font)                  OMS/cmsy/m/n --> OMS/lmsy/m/n on input line 24.
LaTeX Font Info:    Overwriting symbol font `largesymbols' in version `normal'
(Font)                  OMX/cmex/m/n --> OMX/lmex/m/n on input line 25.
LaTeX Font Info:    Overwriting symbol font `operators' in version `bold'
(Font)                  OT1/cmr/bx/n --> OT1/lmr/bx/n on input line 26.
LaTeX Font Info:    Overwriting symbol font `letters' in version `bold'
(Font)                  OML/cmm/b/it --> OML/lmm/b/it on input line 27.
LaTeX Font Info:    Overwriting symbol font `symbols' in version `bold'
(Font)                  OMS/cmsy/b/n --> OMS/lmsy/b/n on input line 28.
LaTeX Font Info:    Overwriting symbol font `largesymbols' in version `bold'
(Font)                  OMX/cmex/m/n --> OMX/lmex/m/n on input line 29.
LaTeX Font Info:    Overwriting math alphabet `\mathbf' in version `normal'
(Font)                  OT1/cmr/bx/n --> OT1/lmr/bx/n on input line 31.
LaTeX Font Info:    Overwriting math alphabet `\mathsf' in version `normal'
(Font)                  OT1/cmss/m/n --> OT1/lmss/m/n on input line 32.
LaTeX Font Info:    Overwriting math alphabet `\mathit' in version `normal'
(Font)                  OT1/cmr/m/it --> OT1/lmr/m/it on input line 33.
LaTeX Font Info:    Overwriting math alphabet `\mathtt' in version `normal'
(Font)                  OT1/cmtt/m/n --> OT1/lmtt/m/n on input line 34.
LaTeX Font Info:    Overwriting math alphabet `\mathbf' in version `bold'
(Font)                  OT1/cmr/bx/n --> OT1/lmr/bx/n on input line 35.
LaTeX Font Info:    Overwriting math alphabet `\mathsf' in version `bold'
(Font)                  OT1/cmss/bx/n --> OT1/lmss/bx/n on input line 36.
LaTeX Font Info:    Overwriting math alphabet `\mathit' in version `bold'
(Font)                  OT1/cmr/bx/it --> OT1/lmr/bx/it on input line 37.
LaTeX Font Info:    Overwriting math alphabet `\mathtt' in version `bold'
(Font)                  OT1/cmtt/m/n --> OT1/lmtt/m/n on input line 38.
)
(/usr/share/texlive/texmf-dist/tex/latex/base/fontenc.sty
Package: fontenc 2017/04/05 v2.0i Standard LaTeX package

(/usr/share/texlive/texmf-dist/tex/latex/base/t1enc.def
File: t1enc.def 2017/04/05 v2.0i Standard LaTeX file
LaTeX Font Info:    Redeclaring font encoding T1 on input line 48.
))
(/usr/share/texlive/texmf-dist/tex/latex/graphics/graphicx.sty
Package: graphicx 2017/06/01 v1.1a Enhanced LaTeX Graphics (DPC,SPQR)

(/usr/share/texlive/texmf-dist/tex/latex/graphics/graphics.sty
Package: graphics 2017/06/25 v1.2c Standard LaTeX Graphics (DPC,SPQR)

(/usr/share/texlive/texmf-dist/tex/latex/graphics/trig.sty
Package: trig 2016/01/03 v1.10 sin cos tan (DPC)
)
(/usr/share/texlive/texmf-dist/tex/latex/graphics-cfg/graphics.cfg
File: graphics.cfg 2016/06/04 v1.11 sample graphics configuration
)
Package graphics Info: Driver file: pdftex.def on input line 99.
)
\Gin@req@height=\dimen114
\Gin@req@width=\dimen115
)
(/usr/share/texlive/texmf-dist/tex/latex/csquotes/csquotes.sty
Package: csquotes 2018/02/11 v5.2c context-sensitive quotations (JAW)

(/usr/share/texlive/texmf-dist/tex/latex/etoolbox/etoolbox.sty
Package: etoolbox 2018/02/11 v2.5e e-TeX tools for LaTeX (JAW)
\etb@tempcnta=\count111
)
\csq@reset=\count112
\csq@gtype=\count113
\csq@glevel=\count114
\csq@qlevel=\count115
\csq@maxlvl=\count116
\csq@tshold=\count117
\csq@ltx@everypar=\toks20

(/usr/share/texlive/texmf-dist/tex/latex/csquotes/csquotes.def
File: csquotes.def 2018/02/11 v5.2c csquotes generic definitions (JAW)
)
Package csquotes Info: Trying to load configuration file 'csquotes.cfg'...
Package csquotes Info: ... configuration file loaded successfully.

(/usr/share/texlive/texmf-dist/tex/latex/csquotes/csquotes.cfg
File: csquotes.cfg 
))
Package csquotes Info: Redefining quotation style 'czech'.
Package csquotes Info: Redefining alias 'slovak' -> 'czech'.
Package hyperref Info: Option `colorlinks' set `true' on input line 297.
Package hyperref Info: Option `linktocpage' set `true' on input line 307.
Package hyperref Info: Option `pageanchor' set `true' on input line 307.
Package hyperref Info: Option `breaklinks' set `true' on input line 307.
Package hyperref Info: Option `plainpages' set `false' on input line 307.
Package hyperref Info: Option `bookmarksnumbered' set `true' on input line 307.

Package hyperref Info: Option `hypertexnames' set `true' on input line 307.

(/usr/share/texlive/texmf-dist/tex/latex/base/makeidx.sty
Package: makeidx 2014/09/29 v1.0m Standard LaTeX package
)
(/usr/share/texlive/texmf-dist/tex/latex/tools/multicol.sty
Package: multicol 2018/04/01 v1.8r multicolumn formatting (FMi)
\c@tracingmulticols=\count118
\mult@box=\box30
\multicol@leftmargin=\dimen116
\c@unbalance=\count119
\c@collectmore=\count120
\doublecol@number=\count121
\multicoltolerance=\count122
\multicolpretolerance=\count123
\full@width=\dimen117
\page@free=\dimen118
\premulticols=\dimen119
\postmulticols=\dimen120
\multicolsep=\skip47
\multicolbaselineskip=\skip48
\partial@page=\box31
\last@line=\box32
\maxbalancingoverflow=\dimen121
\mult@rightbox=\box33
\mult@grightbox=\box34
\mult@gfirstbox=\box35
\mult@firstbox=\box36
\@tempa=\box37
\@tempa=\box38
\@tempa=\box39
\@tempa=\box40
\@tempa=\box41
\@tempa=\box42
\@tempa=\box43
\@tempa=\box44
\@tempa=\box45
\@tempa=\box46
\@tempa=\box47
\@tempa=\box48
\@tempa=\box49
\@tempa=\box50
\@tempa=\box51
\@tempa=\box52
\@tempa=\box53
\c@columnbadness=\count124
\c@finalcolumnbadness=\count125
\last@try=\dimen122
\multicolovershoot=\dimen123
\multicolundershoot=\dimen124
\mult@nat@firstbox=\box54
\colbreak@box=\box55
\mc@col@check@num=\count126
)
\@indexfile=\write3
\openout3 = `fapa-text-ki.idx'.


Writing index file fapa-text-ki.idx
\c@indexno=\count127
(/usr/share/texlive/texmf-dist/tex/latex/biblatex/biblatex.sty
Package: biblatex 2018/03/04 v3.11 programmable bibliographies (PK/MW)

(/usr/share/texlive/texmf-dist/tex/latex/logreq/logreq.sty
Package: logreq 2010/08/04 v1.0 xml request logger
\lrq@indent=\count128

(/usr/share/texlive/texmf-dist/tex/latex/logreq/logreq.def
File: logreq.def 2010/08/04 v1.0 logreq spec v1.0
))
(/usr/share/texlive/texmf-dist/tex/generic/xstring/xstring.sty
(/usr/share/texlive/texmf-dist/tex/generic/xstring/xstring.tex
\@xs@message=\write4
\integerpart=\count129
\decimalpart=\count130
)
Package: xstring 2013/10/13  v1.7c  String manipulations (C Tellechea)
)
\c@tabx@nest=\count131
\c@listtotal=\count132
\c@listcount=\count133
\c@liststart=\count134
\c@liststop=\count135
\c@citecount=\count136
\c@citetotal=\count137
\c@multicitecount=\count138
\c@multicitetotal=\count139
\c@instcount=\count140
\c@maxnames=\count141
\c@minnames=\count142
\c@maxitems=\count143
\c@minitems=\count144
\c@citecounter=\count145
\c@savedcitecounter=\count146
\c@uniquelist=\count147
\c@uniquename=\count148
\c@refsection=\count149
\c@refsegment=\count150
\c@maxextratitle=\count151
\c@maxextratitleyear=\count152
\c@maxextradate=\count153
\c@maxextraalpha=\count154
\c@abbrvpenalty=\count155
\c@highnamepenalty=\count156
\c@lownamepenalty=\count157
\c@maxparens=\count158
\c@parenlevel=\count159
\blx@tempcnta=\count160
\blx@tempcntb=\count161
\blx@tempcntc=\count162
\blx@maxsection=\count163
\blx@maxsegment@0=\count164
\blx@notetype=\count165
\blx@parenlevel@text=\count166
\blx@parenlevel@foot=\count167
\blx@sectionciteorder@0=\count168
\labelnumberwidth=\skip49
\labelalphawidth=\skip50
\biblabelsep=\skip51
\bibitemsep=\skip52
\bibnamesep=\skip53
\bibinitsep=\skip54
\bibparsep=\skip55
\bibhang=\skip56
\blx@bcfin=\read1
\blx@bcfout=\write5
\c@mincomprange=\count169
\c@maxcomprange=\count170
\c@mincompwidth=\count171
Package biblatex Info: Trying to load biblatex default data model...
Package biblatex Info: ... file 'blx-dm.def' found.

(/usr/share/texlive/texmf-dist/tex/latex/biblatex/blx-dm.def
File: blx-dm.def 2018/03/04 v3.11 biblatex localization (PK/MW)
)
Package biblatex Info: Trying to load biblatex style data model...
Package biblatex Info: ... file 'iso-numeric.dbx' found.

(/usr/share/texlive/texmf-dist/tex/latex/biblatex-iso690/iso-numeric.dbx
File: iso-numeric.dbx 2017/04/25 v0.3.2 biblatex data model extension
)
Package biblatex Info: Trying to load biblatex custom data model...
Package biblatex Info: ... file 'biblatex-dm.cfg' not found.
\c@afterword=\count172
\c@savedafterword=\count173
\c@annotator=\count174
\c@savedannotator=\count175
\c@author=\count176
\c@savedauthor=\count177
\c@bookauthor=\count178
\c@savedbookauthor=\count179
\c@commentator=\count180
\c@savedcommentator=\count181
\c@editor=\count182
\c@savededitor=\count183
\c@editora=\count184
\c@savededitora=\count185
\c@editorb=\count186
\c@savededitorb=\count187
\c@editorc=\count188
\c@savededitorc=\count189
\c@foreword=\count190
\c@savedforeword=\count191
\c@holder=\count192
\c@savedholder=\count193
\c@introduction=\count194
\c@savedintroduction=\count195
\c@namea=\count196
\c@savednamea=\count197
\c@nameb=\count198
\c@savednameb=\count199
\c@namec=\count266
\c@savednamec=\count267
\c@translator=\count268
\c@savedtranslator=\count269
\c@shortauthor=\count270
\c@savedshortauthor=\count271
\c@shorteditor=\count272
\c@savedshorteditor=\count273
\c@supervisor=\count274
\c@savedsupervisor=\count275
\c@labelname=\count276
\c@savedlabelname=\count277
\c@institution=\count278
\c@savedinstitution=\count279
\c@lista=\count280
\c@savedlista=\count281
\c@listb=\count282
\c@savedlistb=\count283
\c@listc=\count284
\c@savedlistc=\count285
\c@listd=\count286
\c@savedlistd=\count287
\c@liste=\count288
\c@savedliste=\count289
\c@listf=\count290
\c@savedlistf=\count291
\c@location=\count292
\c@savedlocation=\count293
\c@organization=\count294
\c@savedorganization=\count295
\c@origlocation=\count296
\c@savedoriglocation=\count297
\c@origpublisher=\count298
\c@savedorigpublisher=\count299
\c@publisher=\count300
\c@savedpublisher=\count301
\c@language=\count302
\c@savedlanguage=\count303
\c@origlanguage=\count304
\c@savedoriglanguage=\count305
\c@pageref=\count306
\c@savedpageref=\count307
\shorthandwidth=\skip57
\shortjournalwidth=\skip58
\shortserieswidth=\skip59
\shorttitlewidth=\skip60
\shortauthorwidth=\skip61
\shorteditorwidth=\skip62
\locallabelnumberwidth=\skip63
\locallabelalphawidth=\skip64
\localshorthandwidth=\skip65
\localshortjournalwidth=\skip66
\localshortserieswidth=\skip67
\localshorttitlewidth=\skip68
\localshortauthorwidth=\skip69
\localshorteditorwidth=\skip70
Package biblatex Info: Trying to load compatibility code...
Package biblatex Info: ... file 'blx-compat.def' found.

(/usr/share/texlive/texmf-dist/tex/latex/biblatex/blx-compat.def
File: blx-compat.def 2018/03/04 v3.11 biblatex compatibility (PK/MW)
)
Package biblatex Info: Trying to load generic definitions...
Package biblatex Info: ... file 'biblatex.def' found.

(/usr/share/texlive/texmf-dist/tex/latex/biblatex/biblatex.def
File: biblatex.def 2018/03/04 v3.11 biblatex compatibility (PK/MW)
\c@textcitecount=\count308
\c@textcitetotal=\count309
\c@textcitemaxnames=\count310
\c@biburlnumpenalty=\count311
\c@biburlucpenalty=\count312
\c@biburllcpenalty=\count313
\c@smartand=\count314
)
Package biblatex Info: Trying to load natbib compatibility...
Package biblatex Info: ... file 'blx-natbib.def' found.

(/usr/share/texlive/texmf-dist/tex/latex/biblatex/blx-natbib.def
File: blx-natbib.def 2018/03/04 v3.11 biblatex compatibility (PK/MW)
)
Package biblatex Info: Trying to load bibliography style 'iso-numeric'...
Package biblatex Info: ... file 'iso-numeric.bbx' found.

(/usr/share/texlive/texmf-dist/tex/latex/biblatex-iso690/iso-numeric.bbx
File: iso-numeric.bbx 2017/04/25 v0.3.2 biblatex bibliography style
Package biblatex Info: Trying to load bibliography style 'iso'...
Package biblatex Info: ... file 'iso.bbx' found.

(/usr/share/texlive/texmf-dist/tex/latex/biblatex-iso690/iso.bbx
File: iso.bbx 2017/04/25 v0.3.2 biblatex bibliography style

Space colon enabled: false
Showing total pages enabled: false
Short numeration enabled: false
Printing thesis info at the end enabled: true

Package biblatex Warning: 'edtf' date format specifier is deprecated.
(biblatex)                Use 'iso' instead.

))
Package biblatex Info: Trying to load citation style 'iso-numeric'...
Package biblatex Info: ... file 'iso-numeric.cbx' found.
 (/usr/share/texlive/texmf-dist/tex/latex/biblatex-iso690/iso-numeric.cbx
File: iso-numeric.cbx 2017/04/25 v0.3.2 biblatex citation style
Package biblatex Info: Trying to load citation style 'numeric'...
Package biblatex Info: ... file 'numeric.cbx' found.

(/usr/share/texlive/texmf-dist/tex/latex/biblatex/cbx/numeric.cbx
File: numeric.cbx 2018/03/04 v3.11 biblatex citation style (PK/MW)
Package biblatex Info: Redefining '\cite'.
Package biblatex Info: Redefining '\parencite'.
Package biblatex Info: Redefining '\footcite'.
Package biblatex Info: Redefining '\footcitetext'.
Package biblatex Info: Redefining '\smartcite'.
Package biblatex Info: Redefining '\supercite'.
Package biblatex Info: Redefining '\textcite'.
Package biblatex Info: Redefining '\textcites'.
Package biblatex Info: Redefining '\cites'.
Package biblatex Info: Redefining '\parencites'.
Package biblatex Info: Redefining '\smartcites'.
)
Package biblatex Info: Trying to load citation style 'iso-fullcite'...
Package biblatex Info: ... file 'iso-fullcite.cbx' found.

(/usr/share/texlive/texmf-dist/tex/latex/biblatex-iso690/iso-fullcite.cbx
Package biblatex Info: Redefining '\fullcite'.
Package biblatex Info: Redefining '\footfullcite'.
))
Package biblatex Info: Trying to load configuration file...
Package biblatex Info: ... file 'biblatex.cfg' found.

(/usr/share/texlive/texmf-dist/tex/latex/biblatex/biblatex.cfg
File: biblatex.cfg 
)

Package biblatex Warning: 'babel' option is deprecated.
(biblatex)                Please use 'autolang' instead.

) (/usr/share/texlive/texmf-dist/tex/latex/listings/lstlang1.sty
File: lstlang1.sty 2015/06/04 1.6 listings language file
)
(/usr/share/texlive/texmf-dist/tex/latex/listings/lstlang2.sty
File: lstlang2.sty 2015/06/04 1.6 listings language file
)
(/usr/share/texlive/texmf-dist/tex/latex/listings/lstlang3.sty
File: lstlang3.sty 2015/06/04 1.6 listings language file
)
(/usr/share/texlive/texmf-dist/tex/latex/listings/lstmisc.sty
File: lstmisc.sty 2015/06/04 1.6 (Carsten Heinz)
)
(/usr/share/texlive/texmf-dist/tex/latex/amsmath/amsmath.sty
Package: amsmath 2017/09/02 v2.17a AMS math features
\@mathmargin=\skip71

For additional information on amsmath, use the `?' option.
(/usr/share/texlive/texmf-dist/tex/latex/amsmath/amstext.sty
Package: amstext 2000/06/29 v2.01 AMS text

(/usr/share/texlive/texmf-dist/tex/latex/amsmath/amsgen.sty
File: amsgen.sty 1999/11/30 v2.0 generic functions
\@emptytoks=\toks21
\ex@=\dimen125
))
(/usr/share/texlive/texmf-dist/tex/latex/amsmath/amsbsy.sty
Package: amsbsy 1999/11/29 v1.2d Bold Symbols
\pmbraise@=\dimen126
)
(/usr/share/texlive/texmf-dist/tex/latex/amsmath/amsopn.sty
Package: amsopn 2016/03/08 v2.02 operator names
)
\inf@bad=\count315
LaTeX Info: Redefining \frac on input line 213.
\uproot@=\count316
\leftroot@=\count317
LaTeX Info: Redefining \overline on input line 375.
\classnum@=\count318
\DOTSCASE@=\count319
LaTeX Info: Redefining \ldots on input line 472.
LaTeX Info: Redefining \dots on input line 475.
LaTeX Info: Redefining \cdots on input line 596.
\Mathstrutbox@=\box56
\strutbox@=\box57
\big@size=\dimen127
LaTeX Font Info:    Redeclaring font encoding OML on input line 712.
LaTeX Font Info:    Redeclaring font encoding OMS on input line 713.
\macc@depth=\count320
\c@MaxMatrixCols=\count321
\dotsspace@=\muskip11
\c@parentequation=\count322
\dspbrk@lvl=\count323
\tag@help=\toks22
\row@=\count324
\column@=\count325
\maxfields@=\count326
\andhelp@=\toks23
\eqnshift@=\dimen128
\alignsep@=\dimen129
\tagshift@=\dimen130
\tagwidth@=\dimen131
\totwidth@=\dimen132
\lineht@=\dimen133
\@envbody=\toks24
\multlinegap=\skip72
\multlinetaggap=\skip73
\mathdisplay@stack=\toks25
LaTeX Info: Redefining \[ on input line 2817.
LaTeX Info: Redefining \] on input line 2818.
)
(/usr/share/texlive/texmf-dist/tex/latex/amscls/amsthm.sty
Package: amsthm 2017/10/31 v2.20.4
\thm@style=\toks26
\thm@bodyfont=\toks27
\thm@headfont=\toks28
\thm@notefont=\toks29
\thm@headpunct=\toks30
\thm@preskip=\skip74
\thm@postskip=\skip75
\thm@headsep=\skip76
\dth@everypar=\toks31
)
(/usr/share/texlive/texmf-dist/tex/latex/thmtools/thmtools.sty
Package: thmtools 2014/04/21 v66
\thmt@toks=\toks32
\c@thmt@dummyctr=\count327

(/usr/share/texlive/texmf-dist/tex/latex/thmtools/thm-patch.sty
Package: thm-patch 2014/04/21 v66

(/usr/share/texlive/texmf-dist/tex/latex/thmtools/parseargs.sty
Package: parseargs 2014/04/21 v66
\@parsespec=\toks33
))
(/usr/share/texlive/texmf-dist/tex/latex/thmtools/thm-kv.sty
Package: thm-kv 2014/04/21 v66
Package thm-kv Info: Theorem names will be uppercased on input line 40.
Package thm-kv Info: kvsetkeys patch (v1.16 or later) on input line 156.
)
(/usr/share/texlive/texmf-dist/tex/latex/thmtools/thm-autoref.sty
Package: thm-autoref 2014/04/21 v66

(/usr/share/texlive/texmf-dist/tex/latex/thmtools/aliasctr.sty
Package: aliasctr 2014/04/21 v66

(/usr/share/texlive/texmf-dist/tex/latex/carlisle/remreset.sty)))
(/usr/share/texlive/texmf-dist/tex/latex/thmtools/thm-listof.sty
Package: thm-listof 2014/04/21 v66
)
(/usr/share/texlive/texmf-dist/tex/latex/thmtools/thm-restate.sty
Package: thm-restate 2014/04/21 v66
)
(/usr/share/texlive/texmf-dist/tex/latex/thmtools/thm-amsthm.sty
Package: thm-amsthm 2014/04/21 v66
\thmt@style@headstyle=\toks34
))
Package thmtools Info: Key `qed' (with value `\qedsymbol ')
(thmtools)             is not a known style key.
(thmtools)             Will pass this to every \declaretheorem
(thmtools)             that uses `style=kiproofstyle' on input line 715.
\c@definition=\count328
)
(/usr/share/texlive/texmf-dist/tex/latex/geometry/geometry.sty
Package: geometry 2018/03/24 v5.7 Page Geometry
\Gm@cnth=\count329
\Gm@cntv=\count330
\c@Gm@tempcnt=\count331
\Gm@bindingoffset=\dimen134
\Gm@wd@mp=\dimen135
\Gm@odd@mp=\dimen136
\Gm@even@mp=\dimen137
\Gm@layoutwidth=\dimen138
\Gm@layoutheight=\dimen139
\Gm@layouthoffset=\dimen140
\Gm@layoutvoffset=\dimen141
\Gm@dimlist=\toks35
)
(/usr/share/texlive/texmf-dist/tex/latex/lastpage/lastpage.sty
Package: lastpage 2015/03/29 v1.2m Refers to last page's name (HMM; JPG)
)
(/usr/share/texlive/texmf-dist/tex/latex/amsfonts/amssymb.sty
Package: amssymb 2013/01/14 v3.01 AMS font symbols

(/usr/share/texlive/texmf-dist/tex/latex/amsfonts/amsfonts.sty
Package: amsfonts 2013/01/14 v3.01 Basic AMSFonts support
\symAMSa=\mathgroup4
\symAMSb=\mathgroup5
LaTeX Font Info:    Overwriting math alphabet `\mathfrak' in version `bold'
(Font)                  U/euf/m/n --> U/euf/b/n on input line 106.
))
(/usr/share/texlive/texmf-dist/tex/latex/amsfonts/euscript.sty
Package: euscript 2009/06/22 v3.00 Euler Script fonts
LaTeX Font Info:    Overwriting math alphabet `\EuScript' in version `bold'
(Font)                  U/eus/m/n --> U/eus/b/n on input line 33.
))
(/usr/share/texlive/texmf-dist/tex/latex/jknapltx/mathrsfs.sty
Package: mathrsfs 1996/01/01 Math RSFS package v1.0 (jk)
\symrsfs=\mathgroup6
)
(/usr/share/texlive/texmf-dist/tex/latex/mathtools/mathtools.sty
Package: mathtools 2018/01/08 v1.21 mathematical typesetting tools

(/usr/share/texlive/texmf-dist/tex/latex/tools/calc.sty
Package: calc 2017/05/25 v4.3 Infix arithmetic (KKT,FJ)
\calc@Acount=\count332
\calc@Bcount=\count333
\calc@Adimen=\dimen142
\calc@Bdimen=\dimen143
\calc@Askip=\skip77
\calc@Bskip=\skip78
LaTeX Info: Redefining \setlength on input line 80.
LaTeX Info: Redefining \addtolength on input line 81.
\calc@Ccount=\count334
\calc@Cskip=\skip79
)
(/usr/share/texlive/texmf-dist/tex/latex/mathtools/mhsetup.sty
Package: mhsetup 2017/03/31 v1.3 programming setup (MH)
)
LaTeX Info: Thecontrolsequence`\('isalreadyrobust on input line 129.
LaTeX Info: Thecontrolsequence`\)'isalreadyrobust on input line 129.
LaTeX Info: Thecontrolsequence`\['isalreadyrobust on input line 129.
LaTeX Info: Thecontrolsequence`\]'isalreadyrobust on input line 129.
\g_MT_multlinerow_int=\count335
\l_MT_multwidth_dim=\dimen144
\origjot=\skip80
\l_MT_shortvdotswithinadjustabove_dim=\dimen145
\l_MT_shortvdotswithinadjustbelow_dim=\dimen146
\l_MT_above_intertext_sep=\dimen147
\l_MT_below_intertext_sep=\dimen148
\l_MT_above_shortintertext_sep=\dimen149
\l_MT_below_shortintertext_sep=\dimen150
)
(/usr/share/texlive/texmf-dist/tex/latex/cases/cases.sty
Package: cases 2002/05/02 ver 2.5 
)
(/usr/share/texlive/texmf-dist/tex/latex/multirow/multirow.sty
Package: multirow 2016/11/25 v2.2 Span multiple rows of a table
\multirow@colwidth=\skip81
\multirow@cntb=\count336
\multirow@dima=\skip82
\bigstrutjot=\dimen151
)
(/usr/share/texlive/texmf-dist/tex/latex/caption/subcaption.sty
Package: subcaption 2016/05/22 v1.1-161 Sub-captions (AR)

(/usr/share/texlive/texmf-dist/tex/latex/caption/caption.sty
Package: caption 2016/02/21 v3.3-144 Customizing captions (AR)

(/usr/share/texlive/texmf-dist/tex/latex/caption/caption3.sty
Package: caption3 2016/05/22 v1.7-166 caption3 kernel (AR)
Package caption3 Info: TeX engine: e-TeX on input line 67.
\captionmargin=\dimen152
\captionmargin@=\dimen153
\captionwidth=\dimen154
\caption@tempdima=\dimen155
\caption@indent=\dimen156
\caption@parindent=\dimen157
\caption@hangindent=\dimen158
)
\c@ContinuedFloat=\count337
Package caption Info: hyperref package is loaded.
Package caption Info: listings package is loaded.
)
\c@subfigure=\count338
\c@subtable=\count339
)
(/usr/share/texlive/texmf-dist/tex/latex/base/fontenc.sty
Package: fontenc 2017/04/05 v2.0i Standard LaTeX package

(/usr/share/texlive/texmf-dist/tex/latex/base/t1enc.def
File: t1enc.def 2017/04/05 v2.0i Standard LaTeX file
LaTeX Font Info:    Redeclaring font encoding T1 on input line 48.
))
\c@notation=\count340
\c@note=\count341
Package csquotes Info: Checking for multilingual support...
Package csquotes Info: ... found 'babel' package.
Package csquotes Info: Enabling multilingual quotes.
Package biblatex Info: Trying to load language 'czech' -> 'czech-iso'...
Package biblatex Info: ... file 'czech-iso.lbx' found.

(/usr/share/texlive/texmf-dist/tex/latex/biblatex-iso690/czech-iso.lbx
File: czech-iso.lbx 2017/04/25 v0.3.2 biblatex localization
Package biblatex Info: Trying to load language 'czech'...
Package biblatex Info: ... file 'czech.lbx' found.

(/usr/share/texlive/texmf-dist/tex/latex/biblatex/lbx/czech.lbx
File: czech.lbx 2018/03/04 v3.11 biblatex localization (PK/MW)
)
Package biblatex Info: Trying to load language 'czech'...
Package biblatex Info: ... file 'czech.lbx' found.

(/usr/share/texlive/texmf-dist/tex/latex/biblatex/lbx/czech.lbx
File: czech.lbx 2018/03/04 v3.11 biblatex localization (PK/MW)
))
Package biblatex Info: Trying to load language 'english' -> 'english-iso'...
Package biblatex Info: ... file 'english-iso.lbx' found.

(/usr/share/texlive/texmf-dist/tex/latex/biblatex-iso690/english-iso.lbx
File: english-iso.lbx 2017/04/25 v0.3.2 biblatex localization
Package biblatex Info: Trying to load language 'english'...
Package biblatex Info: ... file 'english.lbx' found.

(/usr/share/texlive/texmf-dist/tex/latex/biblatex/lbx/english.lbx
File: english.lbx 2018/03/04 v3.11 biblatex localization (PK/MW)
)
Package biblatex Info: Trying to load language 'english'...
Package biblatex Info: ... file 'english.lbx' found.

(/usr/share/texlive/texmf-dist/tex/latex/biblatex/lbx/english.lbx
File: english.lbx 2018/03/04 v3.11 biblatex localization (PK/MW)
))
(./fapa-text-ki.aux (./fapa-text.aux))
\openout1 = `fapa-text-ki.aux'.

LaTeX Font Info:    Checking defaults for OML/cmm/m/it on input line 176.
LaTeX Font Info:    ... okay on input line 176.
LaTeX Font Info:    Checking defaults for T1/cmr/m/n on input line 176.
LaTeX Font Info:    ... okay on input line 176.
LaTeX Font Info:    Checking defaults for OT1/cmr/m/n on input line 176.
LaTeX Font Info:    ... okay on input line 176.
LaTeX Font Info:    Checking defaults for OMS/cmsy/m/n on input line 176.
LaTeX Font Info:    ... okay on input line 176.
LaTeX Font Info:    Checking defaults for OMX/cmex/m/n on input line 176.
LaTeX Font Info:    ... okay on input line 176.
LaTeX Font Info:    Checking defaults for U/cmr/m/n on input line 176.
LaTeX Font Info:    ... okay on input line 176.
LaTeX Font Info:    Checking defaults for PD1/pdf/m/n on input line 176.
LaTeX Font Info:    ... okay on input line 176.
LaTeX Font Info:    Checking defaults for PU/pdf/m/n on input line 176.
LaTeX Font Info:    ... okay on input line 176.
LaTeX Font Info:    Try loading font information for T1+lmr on input line 176.
 (/usr/share/texmf/tex/latex/lm/t1lmr.fd
File: t1lmr.fd 2009/10/30 v1.6 Font defs for Latin Modern
) (/usr/share/texlive/texmf-dist/tex/context/base/mkii/supp-pdf.mkii
[Loading MPS to PDF converter (version 2006.09.02).]
\scratchcounter=\count342
\scratchdimen=\dimen159
\scratchbox=\box58
\nofMPsegments=\count343
\nofMParguments=\count344
\everyMPshowfont=\toks36
\MPscratchCnt=\count345
\MPscratchDim=\dimen160
\MPnumerator=\count346
\makeMPintoPDFobject=\count347
\everyMPtoPDFconversion=\toks37
) (/usr/share/texlive/texmf-dist/tex/latex/oberdiek/epstopdf-base.sty
Package: epstopdf-base 2016/05/15 v2.6 Base part for package epstopdf

(/usr/share/texlive/texmf-dist/tex/latex/oberdiek/grfext.sty
Package: grfext 2016/05/16 v1.2 Manage graphics extensions (HO)
)
Package epstopdf-base Info: Redefining graphics rule for `.eps' on input line 4
38.
Package grfext Info: Graphics extension search list:
(grfext)             [.pdf,.png,.jpg,.mps,.jpeg,.jbig2,.jb2,.PDF,.PNG,.JPG,.JPE
G,.JBIG2,.JB2,.eps]
(grfext)             \AppendGraphicsExtensions on input line 456.

(/usr/share/texlive/texmf-dist/tex/latex/latexconfig/epstopdf-sys.cfg
File: epstopdf-sys.cfg 2010/07/13 v1.3 Configuration of (r)epstopdf for TeX Liv
e
))
\AtBeginShipoutBox=\box59
Package hyperref Info: Link coloring ON on input line 176.

(/usr/share/texlive/texmf-dist/tex/latex/hyperref/nameref.sty
Package: nameref 2016/05/21 v2.44 Cross-referencing by name of section

(/usr/share/texlive/texmf-dist/tex/generic/oberdiek/gettitlestring.sty
Package: gettitlestring 2016/05/16 v1.5 Cleanup title references (HO)
)
\c@section@level=\count348
)
LaTeX Info: Redefining \ref on input line 176.
LaTeX Info: Redefining \pageref on input line 176.
LaTeX Info: Redefining \nameref on input line 176.
\c@lstlisting=\count349
Package biblatex Info: Input encoding 'utf8' detected.
Package biblatex Info: Data encoding 'utf8' specified.
(biblatex)             No need to reencode data.
\openout5 = `fapa-text-ki.bcf'.

Package biblatex Info: Trying to load bibliographic data...
Package biblatex Info: ... file 'fapa-text-ki.bbl' found.

(./fapa-text-ki.bbl)
Package biblatex Info: Reference section=0 on input line 176.
Package biblatex Info: Reference segment=0 on input line 176.

*geometry* detected driver: pdftex
*geometry* verbose mode - [ preamble ] result:
* driver: pdftex
* paper: a4paper
* layout: <same size as paper>
* layoutoffset:(h,v)=(0.0pt,0.0pt)
* modes: 
* h-part:(L,W,R)=(113.81102pt, 409.50119pt, 74.19566pt)
* v-part:(T,H,B)=(99.58464pt, 645.87756pt, 99.58464pt)
* \paperwidth=597.50787pt
* \paperheight=845.04684pt
* \textwidth=409.50119pt
* \textheight=645.87756pt
* \oddsidemargin=41.54103pt
* \evensidemargin=41.54103pt
* \topmargin=-9.68535pt
* \headheight=12.0pt
* \headsep=25.0pt
* \topskip=12.0pt
* \footskip=30.0pt
* \marginparwidth=44.0pt
* \marginparsep=10.0pt
* \columnsep=10.0pt
* \skip\footins=10.8pt plus 4.0pt minus 2.0pt
* \hoffset=0.0pt
* \voffset=0.0pt
* \mag=1000
* \@twocolumnfalse
* \@twosidefalse
* \@mparswitchfalse
* \@reversemarginfalse
* (1in=72.27pt=25.4mm, 1cm=28.453pt)

Package lastpage Info: Please have a look at the pageslts package at
(lastpage)             https://www.ctan.org/pkg/pageslts
(lastpage)             ! on input line 176.
Package caption Info: Begin \AtBeginDocument code.
Package caption Info: End \AtBeginDocument code.
<graphics/kititle-cz-nofont.pdf, id=4, 375.4025pt x 72.27pt>
File: graphics/kititle-cz-nofont.pdf Graphic file (type pdf)
<use graphics/kititle-cz-nofont.pdf>
Package pdftex.def Info: graphics/kititle-cz-nofont.pdf  used on input line 181
.
(pdftex.def)             Requested size: 225.24323pt x 43.36232pt.
<graphics/UP_znak.pdf, id=5, 101.59215pt x 101.59215pt>
File: graphics/UP_znak.pdf Graphic file (type pdf)
<use graphics/UP_znak.pdf>
Package pdftex.def Info: graphics/UP_znak.pdf  used on input line 181.
(pdftex.def)             Requested size: 101.59187pt x 101.59187pt.
LaTeX Font Info:    Try loading font information for OT1+lmr on input line 181.

(/usr/share/texmf/tex/latex/lm/ot1lmr.fd
File: ot1lmr.fd 2009/10/30 v1.6 Font defs for Latin Modern
)
LaTeX Font Info:    Try loading font information for OML+lmm on input line 181.


(/usr/share/texmf/tex/latex/lm/omllmm.fd
File: omllmm.fd 2009/10/30 v1.6 Font defs for Latin Modern
)
LaTeX Font Info:    Try loading font information for OMS+lmsy on input line 181
.

(/usr/share/texmf/tex/latex/lm/omslmsy.fd
File: omslmsy.fd 2009/10/30 v1.6 Font defs for Latin Modern
)
LaTeX Font Info:    Try loading font information for OMX+lmex on input line 181
.

(/usr/share/texmf/tex/latex/lm/omxlmex.fd
File: omxlmex.fd 2009/10/30 v1.6 Font defs for Latin Modern
)
LaTeX Font Info:    External font `lmex10' loaded for size
(Font)              <12> on input line 181.
LaTeX Font Info:    External font `lmex10' loaded for size
(Font)              <8> on input line 181.
LaTeX Font Info:    External font `lmex10' loaded for size
(Font)              <6> on input line 181.
LaTeX Font Info:    Try loading font information for U+msa on input line 181.

(/usr/share/texlive/texmf-dist/tex/latex/amsfonts/umsa.fd
File: umsa.fd 2013/01/14 v3.01 AMS symbols A
)
LaTeX Font Info:    Try loading font information for U+msb on input line 181.

(/usr/share/texlive/texmf-dist/tex/latex/amsfonts/umsb.fd
File: umsb.fd 2013/01/14 v3.01 AMS symbols B
)
LaTeX Font Info:    Try loading font information for U+rsfs on input line 181.

(/usr/share/texlive/texmf-dist/tex/latex/jknapltx/ursfs.fd
File: ursfs.fd 1998/03/24 rsfs font definition file (jk)
)
Underfull \hbox (badness 10000) in paragraph at lines 181--181
[]|\T1/lmr/m/n/12 VedoucÌ pr·ce: doc. Mi-chal
 []

[1

{/var/lib/texmf/fonts/map/pdftex/updmap/pdftex.map} <./graphics/kititle-cz-nofo
nt.pdf> <./graphics/UP_znak.pdf>]
LaTeX Font Info:    External font `lmex10' loaded for size
(Font)              <10.95> on input line 181.
pdfTeX warning (ext4): destination with the same identifier (name{page.1}) has 
been already used, duplicate ignored
<to be read again> 
                   \relax 
l.181 \maketitle
                 [1] [2

] [3

] (./fapa-text-ki.toc [4

] [5])
\tf@toc=\write6
\openout6 = `fapa-text-ki.toc'.

 [6]
(./fapa-text-ki.lof
LaTeX Font Info:    Try loading font information for T1+pcr on input line 12.
 (/usr/share/texlive/texmf-dist/tex/latex/psnfss/t1pcr.fd
File: t1pcr.fd 2001/06/04 font definitions for T1/pcr.
))
\tf@lof=\write7
\openout7 = `fapa-text-ki.lof'.


(./fapa-text-ki.lot)
\tf@lot=\write8
\openout8 = `fapa-text-ki.lot'.


showing definition
showing consequence
showing lemma
showing remark
showing theorem
showing proof
showing example
(./fapa-text-ki.loe [7

]) (./fapa-text-ki.lol)
\tf@lol=\write9
\openout9 = `fapa-text-ki.lol'.

 [8]
\openout2 = `fapa-text.aux'.

 (./fapa-text.tex
LaTeX Font Info:    External font `lmex10' loaded for size
(Font)              <10> on input line 43.
LaTeX Font Info:    External font `lmex10' loaded for size
(Font)              <7> on input line 43.
LaTeX Font Info:    External font `lmex10' loaded for size
(Font)              <5> on input line 43.
 [9


]
Package hyperref Info: bookmark level for unknown definition defaults to 0 on i
nput line 47.
Package hyperref Info: bookmark level for unknown notation* defaults to 0 on in
put line 54.
 [10]
Package hyperref Info: bookmark level for unknown example defaults to 0 on inpu
t line 105.

[11] [12]
Package hyperref Info: bookmark level for unknown note defaults to 0 on input l
ine 174.
 [13]
File: mpimg-charts0.mps Graphic file (type mps)
 [MP to PDF] (./mpimg-charts0.mps)
LaTeX Font Info:    Try loading font information for OMS+lmr on input line 212.


(/usr/share/texmf/tex/latex/lm/omslmr.fd
File: omslmr.fd 2009/10/30 v1.6 Font defs for Latin Modern
)
LaTeX Font Info:    Font shape `OMS/lmr/m/n' in size <12> not available
(Font)              Font shape `OMS/lmsy/m/n' tried instead on input line 212.
 [14] [15] [16]
Overfull \hbox (10.86026pt too wide) in paragraph at lines 307--308
[]\T1/lmr/m/n/12 D∑le∫itÈ je takÈ d•-lenÌ au-to-mat∑ na de-ter-mi-nis-tickÈ a n
e-de-ter-mi-nis-tickÈ. Obecn·
 []

[17]pdfTeX warning (ext4): destination with the same identifier (name{definitio
n.1}) has been already used, duplicate ignored
<to be read again> 
                   \relax 
l.325  N
        edeterministick√Ω bivalentn√≠ automat $\mathbf{A}$ je pƒõtice $(Q, \...
[18]

LaTeX Warning: Citation 'Bel-DetFuzzAut' on page 19 undefined on input line 348
.

pdfTeX warning (ext4): destination with the same identifier (name{definition.3}
) has been already used, duplicate ignored
<to be read again> 
                   \relax 
l.352  N
        edeterministick√Ω fuzzy automat $\mathbf{A}$ je pƒõtice $(Q, \Sigma,...
Package hyperref Info: bookmark level for unknown notation defaults to 0 on inp
ut line 355.

LaTeX Warning: Reference `not:muOverSym' on page 19 undefined on input line 355
.


Overfull \hbox (18.032pt too wide) in paragraph at lines 367--368
\T1/lmr/m/n/12 na-hra-zuje ma-ti-co-v˝m zp∑-so-bem (nap∞. [[][]10[][]], [[][]11
[][]]). O£Ìs-lujme si stavy $\OML/lmm/m/it/12 Q \OT1/lmr/m/n/12 = \OMS/lmsy/m/n
/12 f\OML/lmm/m/it/12 q[]; [] q[]\OMS/lmsy/m/n/12 g$\T1/lmr/m/n/12 .
 []


Overfull \hbox (0.21005pt too wide) in paragraph at lines 367--368
\T1/lmr/m/n/12 PotÈ pro ka∫d˝ sym-bol $\OML/lmm/m/it/12 x \OMS/lmsy/m/n/12 2 \O
T1/lmr/m/n/12 ^^F$ \T1/lmr/m/n/12 se-sta-vÌme ma-tici $\OML/lmm/m/it/12 ^^V[]$ 
\T1/lmr/m/n/12 ta-ko-vou, ∫e $\OML/lmm/m/it/12 ^^V[]; [] \OT1/lmr/m/n/12 = \OML
/lmm/m/it/12 ^^V\OT1/lmr/m/n/12 (\OML/lmm/m/it/12 q[]; x; q[]\OT1/lmr/m/n/12 )$

 []

[19]
File: mpimg-theory-diags0.mps Graphic file (type mps)
 [MP to PDF] (./mpimg-theory-diags0.mps)pdfTeX warning (ext4): destination with
 the same identifier (name{note.1}) has been already used, duplicate ignored
<to be read again> 
                   \relax 
l.440  F
        uzzy mno≈æiny poƒç√°teƒçn√≠ch a koncov√Ωch stav≈Ø jsou ve sv√© podst...
[20]pdfTeX warning (ext4): destination with the same identifier (name{definitio
n.6}) has been already used, duplicate ignored
<to be read again> 
                   \relax 
l.446   M
         ƒõjme nedeterminsitick√Ω fuzzy automat $\mathbf{A}$. Pak ka≈æd√Ω pr...
pdfTeX warning (ext4): destination with the same identifier (name{definition.7}
) has been already used, duplicate ignored
<to be read again> 
                   \relax 
l.451  M
        ƒõjme nedeterministick√Ω fuzzy automat $\mathbf{A}$ a fuzzy stav $\w...
pdfTeX warning (ext4): destination with the same identifier (name{definition.8}
) has been already used, duplicate ignored
<to be read again> 
                   \relax 
l.456  M
        ƒõjme nedeterministick√Ω fuzzy automat $\mathbf{A}$. Pak p≈ôechodov√...
pdfTeX warning (ext4): destination with the same identifier (name{definition.9}
) has been already used, duplicate ignored
<to be read again> 
                   \relax 
l.460   M
         ƒõjme nedeterminsitick√Ω fuzzy automat $\mathbf{A}$. Ka≈ædou poslou...
[21]pdfTeX warning (ext4): destination with the same identifier (name{note.2}) 
has been already used, duplicate ignored
<to be read again> 
                   \relax 
l.498   V
          literatu≈ôe (nap≈ô. \cite{SebJoh-InvFuzzAutInvFuzzLang} \cite{IgnC...
[22]
Overfull \hbox (21.52031pt too wide) in paragraph at lines 512--513
\T1/lmr/m/it/12 ch·-pat tak, ∫e au-to-mat pro-jde v≤echny $\OT1/lmr/m/n/12 (\OM
L/lmm/m/it/12 n \OT1/lmr/m/n/12 + 1)$ \T1/lmr/m/it/12 prv-kovÈ po-sloup-nosti s
tav∑ $\OML/lmm/m/it/12 q; q[]; [] ; q[]; q$
 []

pdfTeX warning (ext4): destination with the same identifier (name{example.13}) 
has been already used, duplicate ignored
<to be read again> 
                   \relax 
l.524  U
        va≈æujme automat $\mathbf{A}$ v p≈ô√≠kladu \ref{ex:FuzAut} a ≈ôetƒõz...
[23]
Overfull \hbox (1.04443pt too wide) in paragraph at lines 553--554
[]\T1/lmr/m/n/12 P∞echodovou funkci lze £Ìst n·-sle-du-jÌ-cÌm zp∑-so-bem. Por l
i-bo-volnÈ $\OT1/lmr/m/n/12 (\OML/lmm/m/it/12 q; a; q[]; p\OT1/lmr/m/n/12 ) \OM
S/lmsy/m/n/12 2
 []

[24]
Overfull \hbox (44.25171pt too wide) in paragraph at lines 581--582
[] []\T1/lmr/m/n/12 M•jme $\OML/lmm/m/it/12 Q \OT1/lmr/m/n/12 = \OMS/lmsy/m/n/1
2 f\OML/lmm/m/it/12 q[]; q[]\OMS/lmsy/m/n/12 g$\T1/lmr/m/n/12 , $\OT1/lmr/m/n/1
2 ^^F = \OMS/lmsy/m/n/12 f\OML/lmm/m/it/12 a; b\OMS/lmsy/m/n/12 g$\T1/lmr/m/n/1
2 , $\OML/lmm/m/it/12 F \OT1/lmr/m/n/12 = \OMS/lmsy/m/n/12 f\OML/lmm/m/it/12 q[
]\OMS/lmsy/m/n/12 g$ \T1/lmr/m/n/12 a $\OML/lmm/m/it/12 ^^V\OT1/lmr/m/n/12 (\OM
L/lmm/m/it/12 q[]; a\OT1/lmr/m/n/12 ) = \OML/lmm/m/it/12 ^^V\OT1/lmr/m/n/12 (\O
ML/lmm/m/it/12 q[]; b\OT1/lmr/m/n/12 ) = \OMS/lmsy/m/n/12 f\OT1/lmr/m/n/12 (\OM
L/lmm/m/it/12 q[]; \OT1/lmr/m/n/12 1\OML/lmm/m/it/12 =\OT1/lmr/m/n/12 2)\OML/lm
m/m/it/12 ; \OT1/lmr/m/n/12 (\OML/lmm/m/it/12 q[]; \OT1/lmr/m/n/12 1\OML/lmm/m/
it/12 =\OT1/lmr/m/n/12 2)\OMS/lmsy/m/n/12 g$\T1/lmr/m/n/12 ,
 []

pdfTeX warning (ext4): destination with the same identifier (name{note.1}) has 
been already used, duplicate ignored
<to be read again> 
                   \relax 
l.597  V
        ybrann√© varianty automat≈Ø se mohou kombinovat. Nap≈ô√≠klad automat...
[25]
LaTeX Font Info:    External font `lmex10' loaded for size
(Font)              <14.4> on input line 615.


Package hyperref Warning: Token not allowed in a PDF string (Unicode):
(hyperref)                removing `math shift' on input line 615.


Package hyperref Warning: Token not allowed in a PDF string (Unicode):
(hyperref)                removing `\epsilon' on input line 615.


Package hyperref Warning: Token not allowed in a PDF string (Unicode):
(hyperref)                removing `math shift' on input line 615.

[26]pdfTeX warning (ext4): destination with the same identifier (name{note.2}) 
has been already used, duplicate ignored
<to be read again> 
                   \relax 
l.645  V
         souvislosti s automaty budeme ƒçasto pou≈æ√≠vat pojem \uv{abecda ud...
[27]
File: mpimg-rest0.mps Graphic file (type mps)
 [MP to PDF] (./mpimg-rest0.mps)
File: mpimg-rest1.mps Graphic file (type mps)
 [MP to PDF] (./mpimg-rest1.mps)
File: mpimg-rest2.mps Graphic file (type mps)

[MP to PDF] (./mpimg-rest2.mps)
Overfull \hbox (3.74646pt too wide) in paragraph at lines 691--692
[]\T1/lmr/m/n/12 (Fuzzy) Tree au-to-maty jsou n·-stro-jem, kter˝ roz-po-zn·v· S
-termy, resp. (fuzzy)
 []

[28] [29]pdfTeX warning (ext4): destination with the same identifier (name{exam
ple.2}) has been already used, duplicate ignored
<to be read again> 
                   \relax 
l.754   T
         ypick√Ωm p≈ô√≠kladem bunƒõƒçn√©ho automatu je tzv. Hra ≈æivota (Gam...
[30]
Package epstopdf Info: Source file: <genimg-game-of-life-1.eps>
(epstopdf)                    date: 2017-08-21 21:01:42
(epstopdf)                    size: 134831 bytes
(epstopdf)             Output file: <genimg-game-of-life-1-eps-converted-to.pdf
>
(epstopdf)                    date: 2018-04-29 17:02:57
(epstopdf)                    size: 23676 bytes
(epstopdf)             Command: <repstopdf --outfile=genimg-game-of-life-1-eps-
converted-to.pdf genimg-game-of-life-1.eps>
(epstopdf)             \includegraphics on input line 779.
Package epstopdf Info: Output file is already uptodate.
<genimg-game-of-life-1-eps-converted-to.pdf, id=657, 80.3pt x 81.30376pt>
File: genimg-game-of-life-1-eps-converted-to.pdf Graphic file (type pdf)
<use genimg-game-of-life-1-eps-converted-to.pdf>
Package pdftex.def Info: genimg-game-of-life-1-eps-converted-to.pdf  used on in
put line 779.
(pdftex.def)             Requested size: 147.41718pt x 149.2645pt.
Package epstopdf Info: Source file: <genimg-game-of-life-2.eps>
(epstopdf)                    date: 2017-08-21 21:02:01
(epstopdf)                    size: 109721 bytes
(epstopdf)             Output file: <genimg-game-of-life-2-eps-converted-to.pdf
>
(epstopdf)                    date: 2018-04-29 17:02:58
(epstopdf)                    size: 20413 bytes
(epstopdf)             Command: <repstopdf --outfile=genimg-game-of-life-2-eps-
converted-to.pdf genimg-game-of-life-2.eps>
(epstopdf)             \includegraphics on input line 784.
Package epstopdf Info: Output file is already uptodate.
<genimg-game-of-life-2-eps-converted-to.pdf, id=658, 80.3pt x 81.30376pt>
File: genimg-game-of-life-2-eps-converted-to.pdf Graphic file (type pdf)
<use genimg-game-of-life-2-eps-converted-to.pdf>
Package pdftex.def Info: genimg-game-of-life-2-eps-converted-to.pdf  used on in
put line 784.
(pdftex.def)             Requested size: 147.41718pt x 149.2645pt.
Package epstopdf Info: Source file: <genimg-game-of-life-3.eps>
(epstopdf)                    date: 2017-08-21 21:02:23
(epstopdf)                    size: 103820 bytes
(epstopdf)             Output file: <genimg-game-of-life-3-eps-converted-to.pdf
>
(epstopdf)                    date: 2018-04-29 17:03:00
(epstopdf)                    size: 19455 bytes
(epstopdf)             Command: <repstopdf --outfile=genimg-game-of-life-3-eps-
converted-to.pdf genimg-game-of-life-3.eps>
(epstopdf)             \includegraphics on input line 789.
Package epstopdf Info: Output file is already uptodate.
<genimg-game-of-life-3-eps-converted-to.pdf, id=659, 80.3pt x 81.30376pt>
File: genimg-game-of-life-3-eps-converted-to.pdf Graphic file (type pdf)
<use genimg-game-of-life-3-eps-converted-to.pdf>
Package pdftex.def Info: genimg-game-of-life-3-eps-converted-to.pdf  used on in
put line 789.
(pdftex.def)             Requested size: 147.41718pt x 149.2645pt.
Package epstopdf Info: Source file: <genimg-game-of-life-4.eps>
(epstopdf)                    date: 2017-08-21 21:02:35
(epstopdf)                    size: 53636 bytes
(epstopdf)             Output file: <genimg-game-of-life-4-eps-converted-to.pdf
>
(epstopdf)                    date: 2018-04-29 17:03:01
(epstopdf)                    size: 11798 bytes
(epstopdf)             Command: <repstopdf --outfile=genimg-game-of-life-4-eps-
converted-to.pdf genimg-game-of-life-4.eps>
(epstopdf)             \includegraphics on input line 794.
Package epstopdf Info: Output file is already uptodate.
<genimg-game-of-life-4-eps-converted-to.pdf, id=660, 80.3pt x 81.30376pt>
File: genimg-game-of-life-4-eps-converted-to.pdf Graphic file (type pdf)
<use genimg-game-of-life-4-eps-converted-to.pdf>
Package pdftex.def Info: genimg-game-of-life-4-eps-converted-to.pdf  used on in
put line 794.
(pdftex.def)             Requested size: 147.41718pt x 149.2645pt.
pdfTeX warning (ext4): destination with the same identifier (name{example.4}) h
as been already used, duplicate ignored
<to be read again> 
                   \relax 
l.805  P
        ≈ô√≠kladem bunƒõƒçn√©ho fuzzy automatu m≈Ø≈æe b√Ωt nap≈ô√≠klad n√°sl...
[31 <./genimg-game-of-life-1-eps-converted-to.pdf> <./genimg-game-of-life-2-eps
-converted-to.pdf> <./genimg-game-of-life-3-eps-converted-to.pdf> <./genimg-gam
e-of-life-4-eps-converted-to.pdf>]

Package hyperref Warning: Token not allowed in a PDF string (Unicode):
(hyperref)                removing `math shift' on input line 848.


Package hyperref Warning: Token not allowed in a PDF string (Unicode):
(hyperref)                removing `math shift' on input line 848.

[32]pdfTeX warning (ext4): destination with the same identifier (name{definitio
n.1}) has been already used, duplicate ignored
<to be read again> 
                   \relax 
l.862   M
         ƒõjme ≈ôetƒõzec $w$ nad abecedou $\Sigma$ d√©lky $n$. Fuzzy automat...
pdfTeX warning (ext4): destination with the same identifier (name{example.2}) h
as been already used, duplicate ignored
<to be read again> 
                   \relax 
l.876  P
        ≈ô√≠klad fuzzy automatu rozpozn√°vaj√≠c√≠ ≈ôetƒõzec $w = $ \str{hell...
File: mpimg-theory-diags1.mps Graphic file (type mps)
[MP to PDF] (./mpimg-theory-diags1.mps) [33]

LaTeX Warning: Reference `not:muOverSym' on page 34 undefined on input line 891
.

[34]pdfTeX warning (ext4): destination with the same identifier (name{definitio
n.3}) has been already used, duplicate ignored
<to be read again> 
                   \relax 
l.923  M
        ƒõjme bin√°rn√≠ fuzzy relaci $R: E \rightarrow [0, 1]$ a nedetermini...
File: mpimg-theory-diags2.mps Graphic file (type mps)
[MP to PDF] (./mpimg-theory-diags2.mps)
File: mpimg-theory-diags3.mps Graphic file (type mps)
 [MP to PDF] (./mpimg-theory-diags3.mps)
File: mpimg-theory-diags4.mps Graphic file (type mps)
[MP to PDF] (./mpimg-theory-diags4.mps)
File: mpimg-theory-diags5.mps Graphic file (type mps)
 [MP to PDF] (./mpimg-theory-diags5.mps) [35] [36] [37]
Overfull \hbox (1.42123pt too wide) in paragraph at lines 988--988
[]\T1/lmr/bx/n/17.28 Rozpozn·v·nÌ, kla-si-fi-kace a ko-rekce tex-to-v˝ch
 []

[38] [39] [40] [41]
File: mpimg-rest3.mps Graphic file (type mps)
 [MP to PDF] (./mpimg-rest3.mps) [42]pdfTeX warning (ext4): destination with th
e same identifier (name{note.1}) has been already used, duplicate ignored
<to be read again> 
                   \relax 
l.1129   P
          odobnou techniku, zalo≈æenou na pravdƒõpodobnostn√≠ch automatech, ...

Package hyperref Warning: Token not allowed in a PDF string (Unicode):
(hyperref)                removing `math shift' on input line 1134.


Package hyperref Warning: Token not allowed in a PDF string (Unicode):
(hyperref)                removing `math shift' on input line 1134.

[43] [44]
File: mpimg-apps-diags0.mps Graphic file (type mps)
 [MP to PDF] (./mpimg-apps-diags0.mps) [45] [46]
File: mpimg-apps-diags1.mps Graphic file (type mps)
 [MP to PDF]
(./mpimg-apps-diags1.mps)
Package epstopdf Info: Source file: <genimg-chess-emos-screens.eps>
(epstopdf)                    date: 2018-04-29 16:25:51
(epstopdf)                    size: 287911 bytes
(epstopdf)             Output file: <genimg-chess-emos-screens-eps-converted-to
.pdf>
(epstopdf)                    date: 2018-04-29 17:03:04
(epstopdf)                    size: 96164 bytes
(epstopdf)             Command: <repstopdf --outfile=genimg-chess-emos-screens-
eps-converted-to.pdf genimg-chess-emos-screens.eps>
(epstopdf)             \includegraphics on input line 1232.
Package epstopdf Info: Output file is already uptodate.
<genimg-chess-emos-screens-eps-converted-to.pdf, id=909, 451.6875pt x 158.5925p
t>
File: genimg-chess-emos-screens-eps-converted-to.pdf Graphic file (type pdf)
<use genimg-chess-emos-screens-eps-converted-to.pdf>
Package pdftex.def Info: genimg-chess-emos-screens-eps-converted-to.pdf  used o
n input line 1232.
(pdftex.def)             Requested size: 409.50119pt x 143.78941pt.
 [47 <./genimg-chess-emos-screens-eps-converted-to.pdf>] [48] [49]
Package epstopdf Info: Source file: <genimg-urban-growt-transitions-1.eps>
(epstopdf)                    date: 2017-08-13 21:43:11
(epstopdf)                    size: 11883 bytes
(epstopdf)             Output file: <genimg-urban-growt-transitions-1-eps-conve
rted-to.pdf>
(epstopdf)                    date: 2018-04-29 17:03:06
(epstopdf)                    size: 5413 bytes
(epstopdf)             Command: <repstopdf --outfile=genimg-urban-growt-transit
ions-1-eps-converted-to.pdf genimg-urban-growt-transitions-1.eps>
(epstopdf)             \includegraphics on input line 1295.
Package epstopdf Info: Output file is already uptodate.
<genimg-urban-growt-transitions-1-eps-converted-to.pdf, id=982, 238.8925pt x 67
.25125pt>
File: genimg-urban-growt-transitions-1-eps-converted-to.pdf Graphic file (type 
pdf)
<use genimg-urban-growt-transitions-1-eps-converted-to.pdf>
Package pdftex.def Info: genimg-urban-growt-transitions-1-eps-converted-to.pdf 
 used on input line 1295.
(pdftex.def)             Requested size: 368.54857pt x 103.75807pt.
Package epstopdf Info: Source file: <genimg-urban-growt-transitions-2.eps>
(epstopdf)                    date: 2017-08-13 21:43:04
(epstopdf)                    size: 12145 bytes
(epstopdf)             Output file: <genimg-urban-growt-transitions-2-eps-conve
rted-to.pdf>
(epstopdf)                    date: 2018-04-29 17:03:07
(epstopdf)                    size: 5984 bytes
(epstopdf)             Command: <repstopdf --outfile=genimg-urban-growt-transit
ions-2-eps-converted-to.pdf genimg-urban-growt-transitions-2.eps>
(epstopdf)             \includegraphics on input line 1300.
Package epstopdf Info: Output file is already uptodate.
<genimg-urban-growt-transitions-2-eps-converted-to.pdf, id=983, 238.8925pt x 67
.25125pt>
File: genimg-urban-growt-transitions-2-eps-converted-to.pdf Graphic file (type 
pdf)
<use genimg-urban-growt-transitions-2-eps-converted-to.pdf>
Package pdftex.def Info: genimg-urban-growt-transitions-2-eps-converted-to.pdf 
 used on input line 1300.
(pdftex.def)             Requested size: 368.54857pt x 103.75807pt.
Package epstopdf Info: Source file: <genimg-urban-growt-transitions-3.eps>
(epstopdf)                    date: 2017-08-13 21:42:49
(epstopdf)                    size: 12511 bytes
(epstopdf)             Output file: <genimg-urban-growt-transitions-3-eps-conve
rted-to.pdf>
(epstopdf)                    date: 2018-04-29 17:03:08
(epstopdf)                    size: 6097 bytes
(epstopdf)             Command: <repstopdf --outfile=genimg-urban-growt-transit
ions-3-eps-converted-to.pdf genimg-urban-growt-transitions-3.eps>
(epstopdf)             \includegraphics on input line 1305.
Package epstopdf Info: Output file is already uptodate.
<genimg-urban-growt-transitions-3-eps-converted-to.pdf, id=984, 238.8925pt x 67
.25125pt>
File: genimg-urban-growt-transitions-3-eps-converted-to.pdf Graphic file (type 
pdf)
<use genimg-urban-growt-transitions-3-eps-converted-to.pdf>
Package pdftex.def Info: genimg-urban-growt-transitions-3-eps-converted-to.pdf 
 used on input line 1305.
(pdftex.def)             Requested size: 368.54857pt x 103.75807pt.
Package epstopdf Info: Source file: <genimg-urban-growt-city-1.eps>
(epstopdf)                    date: 2017-08-13 23:00:51
(epstopdf)                    size: 3840124 bytes
(epstopdf)             Output file: <genimg-urban-growt-city-1-eps-converted-to
.pdf>
(epstopdf)                    date: 2018-04-29 17:03:16
(epstopdf)                    size: 338565 bytes
(epstopdf)             Command: <repstopdf --outfile=genimg-urban-growt-city-1-
eps-converted-to.pdf genimg-urban-growt-city-1.eps>
(epstopdf)             \includegraphics on input line 1316.
Package epstopdf Info: Output file is already uptodate.
<genimg-urban-growt-city-1-eps-converted-to.pdf, id=988, 563.10374pt x 252.945p
t>
File: genimg-urban-growt-city-1-eps-converted-to.pdf Graphic file (type pdf)
<use genimg-urban-growt-city-1-eps-converted-to.pdf>
Package pdftex.def Info: genimg-urban-growt-city-1-eps-converted-to.pdf  used o
n input line 1316.
(pdftex.def)             Requested size: 409.50119pt x 183.94972pt.
Package epstopdf Info: Source file: <genimg-urban-growt-city-2.eps>
(epstopdf)                    date: 2017-08-13 23:11:53
(epstopdf)                    size: 2578822 bytes
(epstopdf)             Output file: <genimg-urban-growt-city-2-eps-converted-to
.pdf>
(epstopdf)                    date: 2018-04-29 17:03:22
(epstopdf)                    size: 215473 bytes
(epstopdf)             Command: <repstopdf --outfile=genimg-urban-growt-city-2-
eps-converted-to.pdf genimg-urban-growt-city-2.eps>
(epstopdf)             \includegraphics on input line 1321.
Package epstopdf Info: Output file is already uptodate.
<genimg-urban-growt-city-2-eps-converted-to.pdf, id=989, 563.10374pt x 256.96pt
>
File: genimg-urban-growt-city-2-eps-converted-to.pdf Graphic file (type pdf)
<use genimg-urban-growt-city-2-eps-converted-to.pdf>
Package pdftex.def Info: genimg-urban-growt-city-2-eps-converted-to.pdf  used o
n input line 1321.
(pdftex.def)             Requested size: 409.50119pt x 186.86955pt.
 [50 <./genimg-urban-growt-transitions-1-eps-converted-to.pdf> <./genimg-urban-
growt-transitions-2-eps-converted-to.pdf> <./genimg-urban-growt-transitions-3-e
ps-converted-to.pdf>] [51 <./genimg-urban-growt-city-1-eps-converted-to.pdf> <.
/genimg-urban-growt-city-2-eps-converted-to.pdf>] [52]
Package epstopdf Info: Source file: <genimg-filters.eps>
(epstopdf)                    date: 2017-08-27 12:31:53
(epstopdf)                    size: 53874 bytes
(epstopdf)             Output file: <genimg-filters-eps-converted-to.pdf>
(epstopdf)                    date: 2018-04-29 17:03:23
(epstopdf)                    size: 16746 bytes
(epstopdf)             Command: <repstopdf --outfile=genimg-filters-eps-convert
ed-to.pdf genimg-filters.eps>
(epstopdf)             \includegraphics on input line 1375.
Package epstopdf Info: Output file is already uptodate.
<genimg-filters-eps-converted-to.pdf, id=1022, 281.05pt x 81.30376pt>
File: genimg-filters-eps-converted-to.pdf Graphic file (type pdf)
<use genimg-filters-eps-converted-to.pdf>
Package pdftex.def Info: genimg-filters-eps-converted-to.pdf  used on input lin
e 1375.
(pdftex.def)             Requested size: 409.50119pt x 118.46924pt.
File: mpimg-rest4.mps Graphic file (type mps)
 [MP to PDF]
(./mpimg-rest4.mps)
File: mpimg-rest5.mps Graphic file (type mps)
 [MP to PDF] (./mpimg-rest5.mps)
Underfull \hbox (badness 4144) in paragraph at lines 1393--1393
[]\T1/lmr/m/n/10.95 (b) |Uk·zka hrany pro-ch·-ze-jÌcÌ
 []


Underfull \hbox (badness 2635) in paragraph at lines 1393--1393
\T1/lmr/m/n/10.95 bu¨-kou. Ve sm•ru $\OML/lmm/m/it/10.95 U$ \T1/lmr/m/n/10.95 (
£er-venÈ
 []

[53 <./genimg-filters-eps-converted-to.pdf>]
Package epstopdf Info: Source file: <genimg-noises-1.eps>
(epstopdf)                    date: 2017-08-27 15:28:24
(epstopdf)                    size: 1640478 bytes
(epstopdf)             Output file: <genimg-noises-1-eps-converted-to.pdf>
(epstopdf)                    date: 2018-04-29 17:03:27
(epstopdf)                    size: 544489 bytes
(epstopdf)             Command: <repstopdf --outfile=genimg-noises-1-eps-conver
ted-to.pdf genimg-noises-1.eps>
(epstopdf)             \includegraphics on input line 1413.
Package epstopdf Info: Output file is already uptodate.
<genimg-noises-1-eps-converted-to.pdf, id=1044, 80.3pt x 80.3pt>
File: genimg-noises-1-eps-converted-to.pdf Graphic file (type pdf)
<use genimg-noises-1-eps-converted-to.pdf>
Package pdftex.def Info: genimg-noises-1-eps-converted-to.pdf  used on input li
ne 1413.
(pdftex.def)             Requested size: 122.8516pt x 122.85489pt.
Package epstopdf Info: Source file: <genimg-noises-2.eps>
(epstopdf)                    date: 2017-08-27 15:28:33
(epstopdf)                    size: 1640487 bytes
(epstopdf)             Output file: <genimg-noises-2-eps-converted-to.pdf>
(epstopdf)                    date: 2018-04-29 17:03:31
(epstopdf)                    size: 544500 bytes
(epstopdf)             Command: <repstopdf --outfile=genimg-noises-2-eps-conver
ted-to.pdf genimg-noises-2.eps>
(epstopdf)             \includegraphics on input line 1418.
Package epstopdf Info: Output file is already uptodate.
<genimg-noises-2-eps-converted-to.pdf, id=1045, 80.3pt x 80.3pt>
File: genimg-noises-2-eps-converted-to.pdf Graphic file (type pdf)
<use genimg-noises-2-eps-converted-to.pdf>
Package pdftex.def Info: genimg-noises-2-eps-converted-to.pdf  used on input li
ne 1418.
(pdftex.def)             Requested size: 122.8516pt x 122.85489pt.
Package epstopdf Info: Source file: <genimg-noises-3.eps>
(epstopdf)                    date: 2017-08-27 15:28:44
(epstopdf)                    size: 1640510 bytes
(epstopdf)             Output file: <genimg-noises-3-eps-converted-to.pdf>
(epstopdf)                    date: 2018-04-29 17:03:35
(epstopdf)                    size: 544496 bytes
(epstopdf)             Command: <repstopdf --outfile=genimg-noises-3-eps-conver
ted-to.pdf genimg-noises-3.eps>
(epstopdf)             \includegraphics on input line 1423.
Package epstopdf Info: Output file is already uptodate.
<genimg-noises-3-eps-converted-to.pdf, id=1046, 80.3pt x 80.3pt>
File: genimg-noises-3-eps-converted-to.pdf Graphic file (type pdf)
<use genimg-noises-3-eps-converted-to.pdf>
Package pdftex.def Info: genimg-noises-3-eps-converted-to.pdf  used on input li
ne 1423.
(pdftex.def)             Requested size: 122.8516pt x 122.85489pt.
 [54 <./genimg-noises-1-eps-converted-to.pdf> <./genimg-noises-2-eps-converted-
to.pdf> <./genimg-noises-3-eps-converted-to.pdf>]pdfTeX warning (ext4): destina
tion with the same identifier (name{example.1}) has been already used, duplicat
e ignored
<to be read again> 
                   \relax 
l.1447   N
          a obr√°zku \ref{img:Geoms} je vyobrazena uk√°zka slo≈æen√©ho geome...
File: mpimg-rest6.mps Graphic file (type mps)
[MP to PDF] (./mpimg-rest6.mps)
File: mpimg-rest7.mps Graphic file (type mps)
 [MP to PDF] (./mpimg-rest7.mps)
Overfull \hbox (5.83577pt too wide) in paragraph at lines 1456--1457
[][] 
 []

[55]
Overfull \hbox (4.88448pt too wide) in paragraph at lines 1464--1465
[]\T1/lmr/m/n/12 Obdobn˝m zp∑-so-bem m∑-∫eme po-psat r∑znÈ dal≤Ì pri-mi-tivnÌ g
e-o-me-t-rickÈ tvary.
 []

[56] [57]
Package epstopdf Info: Source file: <genimg-follicles-1.eps>
(epstopdf)                    date: 2017-08-24 20:01:51
(epstopdf)                    size: 34492 bytes
(epstopdf)             Output file: <genimg-follicles-1-eps-converted-to.pdf>
(epstopdf)                    date: 2018-04-29 17:03:37
(epstopdf)                    size: 27064 bytes
(epstopdf)             Command: <repstopdf --outfile=genimg-follicles-1-eps-con
verted-to.pdf genimg-follicles-1.eps>
(epstopdf)             \includegraphics on input line 1537.
Package epstopdf Info: Output file is already uptodate.
<genimg-follicles-1-eps-converted-to.pdf, id=1120, 281.05pt x 62.2325pt>
File: genimg-follicles-1-eps-converted-to.pdf Graphic file (type pdf)
<use genimg-follicles-1-eps-converted-to.pdf>
Package pdftex.def Info: genimg-follicles-1-eps-converted-to.pdf  used on input
 line 1537.
(pdftex.def)             Requested size: 409.50119pt x 90.68016pt.
Package epstopdf Info: Source file: <genimg-follicles-2.eps>
(epstopdf)                    date: 2017-08-24 20:02:17
(epstopdf)                    size: 4635 bytes
(epstopdf)             Output file: <genimg-follicles-2-eps-converted-to.pdf>
(epstopdf)                    date: 2018-04-29 17:03:39
(epstopdf)                    size: 4226 bytes
(epstopdf)             Command: <repstopdf --outfile=genimg-follicles-2-eps-con
verted-to.pdf genimg-follicles-2.eps>
(epstopdf)             \includegraphics on input line 1542.
Package epstopdf Info: Output file is already uptodate.
<genimg-follicles-2-eps-converted-to.pdf, id=1121, 281.05pt x 60.225pt>
File: genimg-follicles-2-eps-converted-to.pdf Graphic file (type pdf)
<use genimg-follicles-2-eps-converted-to.pdf>
Package pdftex.def Info: genimg-follicles-2-eps-converted-to.pdf  used on input
 line 1542.
(pdftex.def)             Requested size: 409.50119pt x 87.75497pt.
 [58]
Overfull \hbox (10.39764pt too wide) in paragraph at lines 1570--1571
[][]\T1/pcr/m/n/12 fuzzy-tree-automata []\T1/lmr/m/n/12 (fuzzy tree au-to-mat) 
a [][]\T1/pcr/m/n/12 cellular-fuzzy-automata
 []

[59 <./genimg-follicles-1-eps-converted-to.pdf> <./genimg-follicles-2-eps-conve
rted-to.pdf>]
Overfull \hbox (20.3411pt too wide) in paragraph at lines 1585--1586
[][]\T1/lmr/m/n/12 7.3[][]. Re-a-li-zuje ji t∞Ìda [][]\T1/pcr/m/n/12 TyposCorre
cter []\T1/lmr/m/n/12 a spu≤tÌ se po-mocÌ [][]\T1/pcr/m/n/12 TyposCorrecterApp[
]\T1/lmr/m/n/12 .
 []

[60]
<genimg-handwritrec-screen.png, id=1168, 739.76375pt x 475.7775pt>
File: genimg-handwritrec-screen.png Graphic file (type png)
<use genimg-handwritrec-screen.png>
Package pdftex.def Info: genimg-handwritrec-screen.png  used on input line 1622
.
(pdftex.def)             Requested size: 327.60219pt x 210.69305pt.


Package hyperref Warning: Token not allowed in a PDF string (Unicode):
(hyperref)                removing `math shift' on input line 1627.


Package hyperref Warning: Token not allowed in a PDF string (Unicode):
(hyperref)                removing `math shift' on input line 1627.

[61 <./genimg-handwritrec-screen.png>]
Overfull \hbox (4.7603pt too wide) in paragraph at lines 1640--1641
[][]\T1/pcr/m/n/12 ConvolutionalCFA []\T1/lmr/m/n/12 im-ple-men-tuje au-to-mat 
re-a-li-zu-jÌcÌ obec-nou kon-vo-luci. T∞Ìda
 []

[62] [63]) [64] [65


] [66

]
LaTeX Font Info:    Font shape `T1/pcr/bx/n' in size <12> not available
(Font)              Font shape `T1/pcr/b/n' tried instead on input line 215.

Overfull \hbox (28.62613pt too wide) in paragraph at lines 215--223
\T1/lmr/m/n/12 p∞Ìmo z CD/DVD. / Kom-pletnÌ ad-re-s·-∞ov· struk-tura webovÈ apl
i-kace \T1/lmr/m/sc/12 Webovka
 []


Overfull \hbox (7.71727pt too wide) in paragraph at lines 215--223
\T1/lmr/m/n/12 (v ZIP ar-chivu) pro zko-pÌ-ro-v·nÌ na webov˝ ser-ver. Ad-re-s·∞
 ob-sa-huje i v≤echny
 []


Overfull \hbox (8.70828pt too wide) in paragraph at lines 231--237
\T1/lmr/m/n/12 KompletnÌ zdro-jovÈ texty pro-gramu \T1/lmr/m/sc/12 Pro-gram \T1
/lmr/m/n/12 / webovÈ apli-kace \T1/lmr/m/sc/12 Webovka
 []


Overfull \hbox (2.8623pt too wide) in paragraph at lines 231--237
\T1/lmr/m/n/12 se v≤emi po-t∞eb-n˝mi (p∞Ìp. p∞e-vza-t˝mi) zdro-jo-v˝mi texty, k
nihov-nami a dal-
 []

[67

]

Package biblatex Warning: '\mkdaterangeedtf' is deprecated.
(biblatex)                Please use '\mkdaterangeiso'.


Package biblatex Warning: '\mkdaterangeedtf' is deprecated.
(biblatex)                Please use '\mkdaterangeiso'.


Package biblatex Warning: '\mkdaterangeedtf' is deprecated.
(biblatex)                Please use '\mkdaterangeiso'.


Package biblatex Warning: '\mkdaterangeedtf' is deprecated.
(biblatex)                Please use '\mkdaterangeiso'.


Package biblatex Warning: '\mkdaterangeedtf' is deprecated.
(biblatex)                Please use '\mkdaterangeiso'.


Package biblatex Warning: '\mkdaterangeedtf' is deprecated.
(biblatex)                Please use '\mkdaterangeiso'.


Package biblatex Warning: '\mkdaterangeedtf' is deprecated.
(biblatex)                Please use '\mkdaterangeiso'.


Package biblatex Warning: '\mkdaterangeedtf' is deprecated.
(biblatex)                Please use '\mkdaterangeiso'.


Package biblatex Warning: '\mkdaterangeedtf' is deprecated.
(biblatex)                Please use '\mkdaterangeiso'.


Overfull \hbox (12.10776pt too wide) in paragraph at lines 263--263
[]\T1/lmr/m/n/12 ANDREJKOV¡, Gab-riela; AL-MA-RIMI, Ab-du-lwa-hed; MA-HMOUD, As
maa.
 []


Package biblatex Warning: '\mkdaterangeedtf' is deprecated.
(biblatex)                Please use '\mkdaterangeiso'.


Package biblatex Warning: '\mkdaterangeedtf' is deprecated.
(biblatex)                Please use '\mkdaterangeiso'.


Package biblatex Warning: '\mkdaterangeedtf' is deprecated.
(biblatex)                Please use '\mkdaterangeiso'.


Package biblatex Warning: '\mkdaterangeedtf' is deprecated.
(biblatex)                Please use '\mkdaterangeiso'.


Package biblatex Warning: '\mkdaterangeedtf' is deprecated.
(biblatex)                Please use '\mkdaterangeiso'.


Package biblatex Warning: '\mkdaterangeedtf' is deprecated.
(biblatex)                Please use '\mkdaterangeiso'.


Package biblatex Warning: '\mkdaterangeedtf' is deprecated.
(biblatex)                Please use '\mkdaterangeiso'.


Package biblatex Warning: '\mkdaterangeedtf' is deprecated.
(biblatex)                Please use '\mkdaterangeiso'.

[68

]

Package biblatex Warning: '\mkdaterangeedtf' is deprecated.
(biblatex)                Please use '\mkdaterangeiso'.


Package biblatex Warning: '\mkdaterangeedtf' is deprecated.
(biblatex)                Please use '\mkdaterangeiso'.


Package biblatex Warning: '\mkdaterangeedtf' is deprecated.
(biblatex)                Please use '\mkdaterangeiso'.


Package biblatex Warning: '\mkdaterangeedtf' is deprecated.
(biblatex)                Please use '\mkdaterangeiso'.


Package biblatex Warning: '\mkdaterangeedtf' is deprecated.
(biblatex)                Please use '\mkdaterangeiso'.


Package biblatex Warning: '\mkdaterangeedtf' is deprecated.
(biblatex)                Please use '\mkdaterangeiso'.


Package biblatex Warning: '\mkdaterangeedtf' is deprecated.
(biblatex)                Please use '\mkdaterangeiso'.


Package biblatex Warning: '\mkdaterangeedtf' is deprecated.
(biblatex)                Please use '\mkdaterangeiso'.


Package biblatex Warning: '\mkdaterangeedtf' is deprecated.
(biblatex)                Please use '\mkdaterangeiso'.


Package biblatex Warning: '\mkdaterangeedtf' is deprecated.
(biblatex)                Please use '\mkdaterangeiso'.


Package biblatex Warning: '\mkdaterangeedtf' is deprecated.
(biblatex)                Please use '\mkdaterangeiso'.


Package biblatex Warning: '\mkdaterangeedtf' is deprecated.
(biblatex)                Please use '\mkdaterangeiso'.


Package biblatex Warning: '\mkdaterangeedtf' is deprecated.
(biblatex)                Please use '\mkdaterangeiso'.


Package biblatex Warning: '\mkdaterangeedtf' is deprecated.
(biblatex)                Please use '\mkdaterangeiso'.


Package biblatex Warning: '\mkdaterangeedtf' is deprecated.
(biblatex)                Please use '\mkdaterangeiso'.


Package biblatex Warning: '\mkdaterangeedtf' is deprecated.
(biblatex)                Please use '\mkdaterangeiso'.


Package biblatex Warning: '\mkdaterangeedtf' is deprecated.
(biblatex)                Please use '\mkdaterangeiso'.

[69]

Package biblatex Warning: '\mkdaterangeedtf' is deprecated.
(biblatex)                Please use '\mkdaterangeiso'.


Package biblatex Warning: '\mkdaterangeedtf' is deprecated.
(biblatex)                Please use '\mkdaterangeiso'.


Package biblatex Warning: '\mkdaterangeedtf' is deprecated.
(biblatex)                Please use '\mkdaterangeiso'.


Package biblatex Warning: '\mkdaterangeedtf' is deprecated.
(biblatex)                Please use '\mkdaterangeiso'.


Package biblatex Warning: '\mkdaterangeedtf' is deprecated.
(biblatex)                Please use '\mkdaterangeiso'.


Package biblatex Warning: '\mkdaterangeedtf' is deprecated.
(biblatex)                Please use '\mkdaterangeiso'.


Package biblatex Warning: '\mkdaterangeedtf' is deprecated.
(biblatex)                Please use '\mkdaterangeiso'.


Package biblatex Warning: '\mkdaterangeedtf' is deprecated.
(biblatex)                Please use '\mkdaterangeiso'.


Package biblatex Warning: '\mkdaterangeedtf' is deprecated.
(biblatex)                Please use '\mkdaterangeiso'.


Package biblatex Warning: '\mkdaterangeedtf' is deprecated.
(biblatex)                Please use '\mkdaterangeiso'.


Package biblatex Warning: '\mkdaterangeedtf' is deprecated.
(biblatex)                Please use '\mkdaterangeiso'.


Package biblatex Warning: '\mkdaterangeedtf' is deprecated.
(biblatex)                Please use '\mkdaterangeiso'.


Package biblatex Warning: '\mkdaterangeedtf' is deprecated.
(biblatex)                Please use '\mkdaterangeiso'.


Package biblatex Warning: '\mkdaterangeedtf' is deprecated.
(biblatex)                Please use '\mkdaterangeiso'.


Package biblatex Warning: '\mkdaterangeedtf' is deprecated.
(biblatex)                Please use '\mkdaterangeiso'.


Package biblatex Warning: '\mkdaterangeedtf' is deprecated.
(biblatex)                Please use '\mkdaterangeiso'.


Package biblatex Warning: '\mkdaterangeedtf' is deprecated.
(biblatex)                Please use '\mkdaterangeiso'.

[70]

Package biblatex Warning: '\mkdaterangeedtf' is deprecated.
(biblatex)                Please use '\mkdaterangeiso'.


Package biblatex Warning: '\mkdaterangeedtf' is deprecated.
(biblatex)                Please use '\mkdaterangeiso'.


Package biblatex Warning: '\mkdaterangeedtf' is deprecated.
(biblatex)                Please use '\mkdaterangeiso'.


Package biblatex Warning: '\mkdaterangeedtf' is deprecated.
(biblatex)                Please use '\mkdaterangeiso'.


Package biblatex Warning: '\mkdaterangeedtf' is deprecated.
(biblatex)                Please use '\mkdaterangeiso'.


Package biblatex Warning: '\mkdaterangeedtf' is deprecated.
(biblatex)                Please use '\mkdaterangeiso'.


Package biblatex Warning: '\mkdaterangeedtf' is deprecated.
(biblatex)                Please use '\mkdaterangeiso'.


Package biblatex Warning: '\mkdaterangeedtf' is deprecated.
(biblatex)                Please use '\mkdaterangeiso'.


Package biblatex Warning: '\mkdaterangeedtf' is deprecated.
(biblatex)                Please use '\mkdaterangeiso'.


Package biblatex Warning: '\mkdaterangeedtf' is deprecated.
(biblatex)                Please use '\mkdaterangeiso'.


Package biblatex Warning: '\mkdaterangeedtf' is deprecated.
(biblatex)                Please use '\mkdaterangeiso'.


Package biblatex Warning: '\mkdaterangeedtf' is deprecated.
(biblatex)                Please use '\mkdaterangeiso'.

[71]

Package biblatex Warning: '\mkdaterangeedtf' is deprecated.
(biblatex)                Please use '\mkdaterangeiso'.


Package biblatex Warning: '\mkdaterangeedtf' is deprecated.
(biblatex)                Please use '\mkdaterangeiso'.


Package biblatex Warning: '\mkdaterangeedtf' is deprecated.
(biblatex)                Please use '\mkdaterangeiso'.


Package biblatex Warning: '\mkdaterangeedtf' is deprecated.
(biblatex)                Please use '\mkdaterangeiso'.


Package biblatex Warning: '\mkdaterangeedtf' is deprecated.
(biblatex)                Please use '\mkdaterangeiso'.


Package biblatex Warning: '\mkdaterangeedtf' is deprecated.
(biblatex)                Please use '\mkdaterangeiso'.


Overfull \hbox (3.67448pt too wide) in paragraph at lines 263--263
[]\T1/lmr/m/n/12 MOHRI, Me-hryar; PE-RE-IRA, Fer-nando; RI-LEY, Mi-chael. Wei-g
h-ted finite-
 []


Package biblatex Warning: '\mkdaterangeedtf' is deprecated.
(biblatex)                Please use '\mkdaterangeiso'.


Package biblatex Warning: '\mkdaterangeedtf' is deprecated.
(biblatex)                Please use '\mkdaterangeiso'.


Package biblatex Warning: '\mkdaterangeedtf' is deprecated.
(biblatex)                Please use '\mkdaterangeiso'.


Package biblatex Warning: '\mkdaterangeedtf' is deprecated.
(biblatex)                Please use '\mkdaterangeiso'.


Package biblatex Warning: '\mkdaterangeedtf' is deprecated.
(biblatex)                Please use '\mkdaterangeiso'.


Package biblatex Warning: '\mkdaterangeedtf' is deprecated.
(biblatex)                Please use '\mkdaterangeiso'.


Package biblatex Warning: '\mkdaterangeedtf' is deprecated.
(biblatex)                Please use '\mkdaterangeiso'.


Overfull \hbox (164.85773pt too wide) in paragraph at lines 263--263
\T1/lmr/m/n/12 na [][]https://sites.google.com/site/novaiso690/[][]]. Do-stupnÈ
 takÈ z: [][]https://sites.google.com/site/novaiso690/[][]. 
 []

[72]

Package biblatex Warning: '\mkdaterangeedtf' is deprecated.
(biblatex)                Please use '\mkdaterangeiso'.


Package biblatex Warning: '\mkdaterangeedtf' is deprecated.
(biblatex)                Please use '\mkdaterangeiso'.


Package biblatex Warning: '\mkdaterangeedtf' is deprecated.
(biblatex)                Please use '\mkdaterangeiso'.


Overfull \hbox (0.32076pt too wide) in paragraph at lines 263--263
[]\T1/lmr/m/n/12 BAILADOR, Gon-zalo; TRI-VI—O, Gra-ci·n. Pat-tern re-co-gni-tio
n using tem-
 []


Package biblatex Warning: '\mkdaterangeedtf' is deprecated.
(biblatex)                Please use '\mkdaterangeiso'.


Overfull \hbox (4.01825pt too wide) in paragraph at lines 263--263
[]\T1/lmr/m/n/12 KEMPF, Ro-land; ADAMY, J¸r-gen. Sequen-tial pat-tern re-co-gni
-tion employ-
 []


Package biblatex Warning: '\mkdaterangeedtf' is deprecated.
(biblatex)                Please use '\mkdaterangeiso'.


Package biblatex Warning: '\mkdaterangeedtf' is deprecated.
(biblatex)                Please use '\mkdaterangeiso'.


Package biblatex Warning: '\mkdaterangeedtf' is deprecated.
(biblatex)                Please use '\mkdaterangeiso'.


Package biblatex Warning: '\mkdaterangeedtf' is deprecated.
(biblatex)                Please use '\mkdaterangeiso'.


Package biblatex Warning: '\mkdaterangeedtf' is deprecated.
(biblatex)                Please use '\mkdaterangeiso'.


Package biblatex Warning: '\mkdaterangeedtf' is deprecated.
(biblatex)                Please use '\mkdaterangeiso'.


Package biblatex Warning: '\mkdaterangeedtf' is deprecated.
(biblatex)                Please use '\mkdaterangeiso'.


Package biblatex Warning: '\mkdaterangeedtf' is deprecated.
(biblatex)                Please use '\mkdaterangeiso'.


Package biblatex Warning: '\mkdaterangeedtf' is deprecated.
(biblatex)                Please use '\mkdaterangeiso'.


Package biblatex Warning: '\mkdaterangeedtf' is deprecated.
(biblatex)                Please use '\mkdaterangeiso'.


Package biblatex Warning: '\mkdaterangeedtf' is deprecated.
(biblatex)                Please use '\mkdaterangeiso'.

[73]

Package biblatex Warning: '\mkdaterangeedtf' is deprecated.
(biblatex)                Please use '\mkdaterangeiso'.


Package biblatex Warning: '\mkdaterangeedtf' is deprecated.
(biblatex)                Please use '\mkdaterangeiso'.


Package biblatex Warning: '\mkdaterangeedtf' is deprecated.
(biblatex)                Please use '\mkdaterangeiso'.


Overfull \hbox (9.18307pt too wide) in paragraph at lines 263--263
\T1/lmr/m/n/12 MU-—OZ, Ra-fael. UMCC_DLSI_Prob: A Pro-ba-bi-lis-tic Au-to-mata 
for Aspect
 []


Package biblatex Warning: '\mkdaterangeedtf' is deprecated.
(biblatex)                Please use '\mkdaterangeiso'.


Package biblatex Warning: '\mkdaterangeedtf' is deprecated.
(biblatex)                Please use '\mkdaterangeiso'.


Package biblatex Warning: '\mkdaterangeedtf' is deprecated.
(biblatex)                Please use '\mkdaterangeiso'.


Package biblatex Warning: '\mkdaterangeedtf' is deprecated.
(biblatex)                Please use '\mkdaterangeiso'.


Package biblatex Warning: '\mkdaterangeedtf' is deprecated.
(biblatex)                Please use '\mkdaterangeiso'.


Package biblatex Warning: '\mkdaterangeedtf' is deprecated.
(biblatex)                Please use '\mkdaterangeiso'.


Package biblatex Warning: '\mkdaterangeedtf' is deprecated.
(biblatex)                Please use '\mkdaterangeiso'.


Package biblatex Warning: '\mkdaterangeedtf' is deprecated.
(biblatex)                Please use '\mkdaterangeiso'.

[74]

Package biblatex Warning: '\mkdaterangeedtf' is deprecated.
(biblatex)                Please use '\mkdaterangeiso'.


Overfull \hbox (183.06508pt too wide) in paragraph at lines 263--263
\T1/lmr/m/n/12 2008. Do-stupnÈ on-line na [][]https://pdfs.semanticscholar.org/
6e2a/c1dbea43cd06b4f7bab26f3f04ce6816908b.pdf[][]. 
 []


Package biblatex Warning: '\mkdaterangeedtf' is deprecated.
(biblatex)                Please use '\mkdaterangeiso'.


Package biblatex Warning: '\mkdaterangeedtf' is deprecated.
(biblatex)                Please use '\mkdaterangeiso'.


Package biblatex Warning: '\mkdaterangeedtf' is deprecated.
(biblatex)                Please use '\mkdaterangeiso'.


Package biblatex Warning: '\mkdaterangeedtf' is deprecated.
(biblatex)                Please use '\mkdaterangeiso'.


Package biblatex Warning: '\mkdaterangeedtf' is deprecated.
(biblatex)                Please use '\mkdaterangeiso'.


Package biblatex Warning: '\mkdaterangeedtf' is deprecated.
(biblatex)                Please use '\mkdaterangeiso'.


Package biblatex Warning: '\mkdaterangeedtf' is deprecated.
(biblatex)                Please use '\mkdaterangeiso'.


Package biblatex Warning: '\mkdaterangeedtf' is deprecated.
(biblatex)                Please use '\mkdaterangeiso'.


Package biblatex Warning: '\mkdaterangeedtf' is deprecated.
(biblatex)                Please use '\mkdaterangeiso'.


Package biblatex Warning: '\mkdaterangeedtf' is deprecated.
(biblatex)                Please use '\mkdaterangeiso'.


Package biblatex Warning: '\mkdaterangeedtf' is deprecated.
(biblatex)                Please use '\mkdaterangeiso'.


Package biblatex Warning: '\mkdaterangeedtf' is deprecated.
(biblatex)                Please use '\mkdaterangeiso'.

[75]

Package biblatex Warning: '\mkdaterangeedtf' is deprecated.
(biblatex)                Please use '\mkdaterangeiso'.


Package biblatex Warning: '\mkdaterangeedtf' is deprecated.
(biblatex)                Please use '\mkdaterangeiso'.


Package biblatex Warning: '\mkdaterangeedtf' is deprecated.
(biblatex)                Please use '\mkdaterangeiso'.


Package biblatex Warning: '\mkdaterangeedtf' is deprecated.
(biblatex)                Please use '\mkdaterangeiso'.


Package biblatex Warning: '\mkdaterangeedtf' is deprecated.
(biblatex)                Please use '\mkdaterangeiso'.


Package biblatex Warning: '\mkdaterangeedtf' is deprecated.
(biblatex)                Please use '\mkdaterangeiso'.


Package biblatex Warning: '\mkdaterangeedtf' is deprecated.
(biblatex)                Please use '\mkdaterangeiso'.


Package biblatex Warning: '\mkdaterangeedtf' is deprecated.
(biblatex)                Please use '\mkdaterangeiso'.


Package biblatex Warning: '\mkdaterangeedtf' is deprecated.
(biblatex)                Please use '\mkdaterangeiso'.


Overfull \hbox (3.43118pt too wide) in paragraph at lines 263--263
[]\T1/lmr/m/n/12 ZLATNIK, Da-niel; STEI-NER, Be-a-t-rice; SCHWEI-T-ZER, Ger-har
d. Finite-
 []


Package biblatex Warning: '\mkdaterangeedtf' is deprecated.
(biblatex)                Please use '\mkdaterangeiso'.


Package biblatex Warning: '\mkdaterangeedtf' is deprecated.
(biblatex)                Please use '\mkdaterangeiso'.


Package biblatex Warning: '\mkdaterangeedtf' is deprecated.
(biblatex)                Please use '\mkdaterangeiso'.


Package biblatex Warning: '\mkdaterangeedtf' is deprecated.
(biblatex)                Please use '\mkdaterangeiso'.

[76]

Package biblatex Warning: '\mkdaterangeedtf' is deprecated.
(biblatex)                Please use '\mkdaterangeiso'.


Package biblatex Warning: '\mkdaterangeedtf' is deprecated.
(biblatex)                Please use '\mkdaterangeiso'.


Package biblatex Warning: '\mkdaterangeedtf' is deprecated.
(biblatex)                Please use '\mkdaterangeiso'.


Package biblatex Warning: '\mkdaterangeedtf' is deprecated.
(biblatex)                Please use '\mkdaterangeiso'.


Package biblatex Warning: '\mkdaterangeedtf' is deprecated.
(biblatex)                Please use '\mkdaterangeiso'.


Overfull \hbox (71.95634pt too wide) in paragraph at lines 263--263
[]\T1/lmr/m/n/12 SLOVNIKY.CZ. \T1/lmr/m/it/12 fo-li-kul \T1/lmr/m/n/12 [Do-stup
nÈ on-line na [][]http://lekarske.slovniky.cz/pojem/folikul[][]].
 []


Package biblatex Warning: '\mkdaterangeedtf' is deprecated.
(biblatex)                Please use '\mkdaterangeiso'.


Package biblatex Warning: '\mkdaterangeedtf' is deprecated.
(biblatex)                Please use '\mkdaterangeiso'.


Package biblatex Warning: '\mkdaterangeedtf' is deprecated.
(biblatex)                Please use '\mkdaterangeiso'.


Package biblatex Warning: '\mkdaterangeedtf' is deprecated.
(biblatex)                Please use '\mkdaterangeiso'.


Overfull \hbox (2.99373pt too wide) in paragraph at lines 263--263
[]\T1/lmr/m/n/12 ALVAREZ-ALVAREZ, Al-berto; TRI-VINO, Gra-cian. Com-pre-hensi-b
le mo-
 []


Package biblatex Warning: '\mkdaterangeedtf' is deprecated.
(biblatex)                Please use '\mkdaterangeiso'.


Overfull \hbox (106.80888pt too wide) in paragraph at lines 263--263
[]\T1/lmr/m/n/12 FISHER, R.A. \T1/lmr/m/it/12 Iris Data Set \T1/lmr/m/n/12 [Do-
stupnÈ on-line na [][]https://archive.ics.uci.edu/ml/datasets/Iris[][]].
 []


Package biblatex Warning: '\mkdaterangeedtf' is deprecated.
(biblatex)                Please use '\mkdaterangeiso'.


Overfull \hbox (172.32881pt too wide) in paragraph at lines 263--263
[]\T1/lmr/m/n/12 PUBLISHERS, Col-lins. \T1/lmr/m/it/12 Flags Data Set \T1/lmr/m
/n/12 [Do-stupnÈ on-line na [][]https://archive.ics.uci.edu/ml/datasets/Flags[]
[]].
 []


AED: lastpage setting LastPage
[77]
\tf@loe=\write10
\openout10 = `fapa-text-ki.loe'.

Package atveryend Info: Empty hook `BeforeClearDocument' on input line 276.
Package atveryend Info: Executing hook `AfterLastShipout' on input line 276.
 (./fapa-text-ki.aux (./fapa-text.aux))
Package atveryend Info: Executing hook `AtVeryEndDocument' on input line 276.
Package atveryend Info: Empty hook `AtEndAfterFileList' on input line 276.


LaTeX Warning: There were undefined references.


Package biblatex Warning: Please (re)run Biber on the file:
(biblatex)                fapa-text-ki
(biblatex)                and rerun LaTeX afterwards.

Package logreq Info: Writing requests to 'fapa-text-ki.run.xml'.
\openout1 = `fapa-text-ki.run.xml'.

Package atveryend Info: Empty hook `AtVeryVeryEnd' on input line 276.
 ) 
Here is how much of TeX's memory you used:
 24136 strings out of 493979
 396629 string characters out of 6160469
 908717 words of memory out of 5000000
 26857 multiletter control sequences out of 15000+600000
 116218 words of font info for 98 fonts, out of 8000000 for 9000
 360 hyphenation exceptions out of 8191
 55i,18n,52p,2610b,2563s stack positions out of 5000i,500n,10000p,200000b,80000s
{/usr/share/texlive/texmf-dist/fonts/enc/dvips/base/8r.enc}{/usr/share/texmf/
fonts/enc/dvips/lm/lm-mathsy.enc}{/usr/share/texmf/fonts/enc/dvips/lm/lm-rm.enc
}{/usr/share/texmf/fonts/enc/dvips/lm/lm-mathit.enc}{/usr/share/texmf/fonts/enc
/dvips/lm/lm-mathex.enc}{/usr/share/texmf/fonts/enc/dvips/lm/lm-ec.enc}</usr/sh
are/texlive/texmf-dist/fonts/type1/public/amsfonts/cm/cmmi10.pfb></usr/share/te
xlive/texmf-dist/fonts/type1/public/amsfonts/cm/cmmi12.pfb></usr/share/texlive/
texmf-dist/fonts/type1/public/amsfonts/cm/cmmi7.pfb></usr/share/texlive/texmf-d
ist/fonts/type1/public/amsfonts/cm/cmr10.pfb></usr/share/texlive/texmf-dist/fon
ts/type1/public/amsfonts/cm/cmr7.pfb></usr/share/texlive/texmf-dist/fonts/type1
/public/amsfonts/cm/cmsy10.pfb></usr/share/texlive/texmf-dist/fonts/type1/publi
c/amsfonts/cm/cmsy7.pfb></usr/share/texmf/fonts/type1/public/lm/lmbx10.pfb></us
r/share/texmf/fonts/type1/public/lm/lmbx12.pfb></usr/share/texmf/fonts/type1/pu
blic/lm/lmcsc10.pfb></usr/share/texmf/fonts/type1/public/lm/lmex10.pfb></usr/sh
are/texmf/fonts/type1/public/lm/lmmi10.pfb></usr/share/texmf/fonts/type1/public
/lm/lmmi12.pfb></usr/share/texmf/fonts/type1/public/lm/lmmi6.pfb></usr/share/te
xmf/fonts/type1/public/lm/lmmi7.pfb></usr/share/texmf/fonts/type1/public/lm/lmm
i8.pfb></usr/share/texmf/fonts/type1/public/lm/lmr10.pfb></usr/share/texmf/font
s/type1/public/lm/lmr12.pfb></usr/share/texmf/fonts/type1/public/lm/lmr17.pfb><
/usr/share/texmf/fonts/type1/public/lm/lmr6.pfb></usr/share/texmf/fonts/type1/p
ublic/lm/lmr7.pfb></usr/share/texmf/fonts/type1/public/lm/lmr8.pfb></usr/share/
texmf/fonts/type1/public/lm/lmri12.pfb></usr/share/texmf/fonts/type1/public/lm/
lmsy10.pfb></usr/share/texmf/fonts/type1/public/lm/lmsy6.pfb></usr/share/texmf/
fonts/type1/public/lm/lmsy7.pfb></usr/share/texmf/fonts/type1/public/lm/lmsy8.p
fb></usr/share/texlive/texmf-dist/fonts/type1/public/amsfonts/symbols/msbm10.pf
b></usr/share/texlive/texmf-dist/fonts/type1/urw/courier/ucrb8a.pfb></usr/share
/texlive/texmf-dist/fonts/type1/urw/courier/ucrr8a.pfb>
Output written on fapa-text-ki.pdf (78 pages, 3128309 bytes).
PDF statistics:
 1750 PDF objects out of 2073 (max. 8388607)
 1582 compressed objects within 16 object streams
 466 named destinations out of 1000 (max. 500000)
 808 words of extra memory for PDF output out of 10000 (max. 10000000)

