This is pdfTeX, Version 3.14159265-2.6-1.40.19 (TeX Live 2018/Debian) (preloaded format=pdflatex 2018.4.29)  5 MAY 2018 01:38
entering extended mode
 restricted \write18 enabled.
 %&-line parsing enabled.
**fapa-text-plain.tex
(./fapa-text-plain.tex
LaTeX2e <2018-04-01> patch level 2
Babel <3.18> and hyphenation patterns for 31 language(s) loaded.
(/usr/share/texlive/texmf-dist/tex/latex/base/article.cls
Document Class: article 2014/09/29 v1.4h Standard LaTeX document class
(/usr/share/texlive/texmf-dist/tex/latex/base/size10.clo
File: size10.clo 2014/09/29 v1.4h Standard LaTeX file (size option)
)
\c@part=\count80
\c@section=\count81
\c@subsection=\count82
\c@subsubsection=\count83
\c@paragraph=\count84
\c@subparagraph=\count85
\c@figure=\count86
\c@table=\count87
\abovecaptionskip=\skip41
\belowcaptionskip=\skip42
\bibindent=\dimen102
)
(/usr/share/texlive/texmf-dist/tex/latex/base/inputenc.sty
Package: inputenc 2018/04/06 v1.3b Input encoding file
\inpenc@prehook=\toks14
\inpenc@posthook=\toks15

(/usr/share/texlive/texmf-dist/tex/latex/ucs/utf8x.def
File: utf8x.def 2004/10/17 UCS: Input encoding UTF-8
))
(/usr/share/texlive/texmf-dist/tex/latex/ucs/ucs.sty
Package: ucs 2013/05/11 v2.2 UCS: Unicode input support

(/usr/share/texlive/texmf-dist/tex/latex/ucs/data/uni-global.def
File: uni-global.def 2013/05/13 UCS: Unicode global data
)
\uc@secondtry=\count88
\uc@combtoks=\toks16
\uc@combtoksb=\toks17
\uc@temptokena=\toks18
)
(/usr/share/texlive/texmf-dist/tex/generic/babel/babel.sty
Package: babel 2018/02/14 3.18 The Babel package

(/usr/share/texlive/texmf-dist/tex/generic/babel/switch.def
File: switch.def 2018/02/14 3.18 Babel switching mechanism
)
(/usr/share/texlive/texmf-dist/tex/generic/babel-czech/czech.ldf
Language: czech 2008/07/06 v3.1a Czech support from the babel system

(/usr/share/texlive/texmf-dist/tex/generic/babel/babel.def
File: babel.def 2018/02/14 3.18 Babel common definitions
\babel@savecnt=\count89
\U@D=\dimen103

(/usr/share/texlive/texmf-dist/tex/generic/babel/txtbabel.def)
\bbl@dirlevel=\count90
)
Package babel Info: Making " an active character on input line 172.
\cs@wordlen=\count91
Package babel Info: Making - an active character on input line 226.
))
(/usr/share/texlive/texmf-dist/tex/latex/amscls/amsthm.sty
Package: amsthm 2017/10/31 v2.20.4
\thm@style=\toks19
\thm@bodyfont=\toks20
\thm@headfont=\toks21
\thm@notefont=\toks22
\thm@headpunct=\toks23
\thm@preskip=\skip43
\thm@postskip=\skip44
\thm@headsep=\skip45
\dth@everypar=\toks24
)
(/usr/share/texlive/texmf-dist/tex/latex/amsmath/amsmath.sty
Package: amsmath 2017/09/02 v2.17a AMS math features
\@mathmargin=\skip46

For additional information on amsmath, use the `?' option.
(/usr/share/texlive/texmf-dist/tex/latex/amsmath/amstext.sty
Package: amstext 2000/06/29 v2.01 AMS text

(/usr/share/texlive/texmf-dist/tex/latex/amsmath/amsgen.sty
File: amsgen.sty 1999/11/30 v2.0 generic functions
\@emptytoks=\toks25
\ex@=\dimen104
))
(/usr/share/texlive/texmf-dist/tex/latex/amsmath/amsbsy.sty
Package: amsbsy 1999/11/29 v1.2d Bold Symbols
\pmbraise@=\dimen105
)
(/usr/share/texlive/texmf-dist/tex/latex/amsmath/amsopn.sty
Package: amsopn 2016/03/08 v2.02 operator names
)
\inf@bad=\count92
LaTeX Info: Redefining \frac on input line 213.
\uproot@=\count93
\leftroot@=\count94
LaTeX Info: Redefining \overline on input line 375.
\classnum@=\count95
\DOTSCASE@=\count96
LaTeX Info: Redefining \ldots on input line 472.
LaTeX Info: Redefining \dots on input line 475.
LaTeX Info: Redefining \cdots on input line 596.
\Mathstrutbox@=\box26
\strutbox@=\box27
\big@size=\dimen106
LaTeX Font Info:    Redeclaring font encoding OML on input line 712.
LaTeX Font Info:    Redeclaring font encoding OMS on input line 713.
\macc@depth=\count97
\c@MaxMatrixCols=\count98
\dotsspace@=\muskip10
\c@parentequation=\count99
\dspbrk@lvl=\count100
\tag@help=\toks26
\row@=\count101
\column@=\count102
\maxfields@=\count103
\andhelp@=\toks27
\eqnshift@=\dimen107
\alignsep@=\dimen108
\tagshift@=\dimen109
\tagwidth@=\dimen110
\totwidth@=\dimen111
\lineht@=\dimen112
\@envbody=\toks28
\multlinegap=\skip47
\multlinetaggap=\skip48
\mathdisplay@stack=\toks29
LaTeX Info: Redefining \[ on input line 2817.
LaTeX Info: Redefining \] on input line 2818.
)
(/usr/share/texlive/texmf-dist/tex/latex/amsfonts/amsfonts.sty
Package: amsfonts 2013/01/14 v3.01 Basic AMSFonts support
\symAMSa=\mathgroup4
\symAMSb=\mathgroup5
LaTeX Font Info:    Overwriting math alphabet `\mathfrak' in version `bold'
(Font)                  U/euf/m/n --> U/euf/b/n on input line 106.
)
(/usr/share/texlive/texmf-dist/tex/latex/amsfonts/amssymb.sty
Package: amssymb 2013/01/14 v3.01 AMS font symbols
)
(/usr/share/texlive/texmf-dist/tex/latex/jknapltx/mathrsfs.sty
Package: mathrsfs 1996/01/01 Math RSFS package v1.0 (jk)
\symrsfs=\mathgroup6
)
(/usr/share/texlive/texmf-dist/tex/latex/mathtools/mathtools.sty
Package: mathtools 2018/01/08 v1.21 mathematical typesetting tools

(/usr/share/texlive/texmf-dist/tex/latex/graphics/keyval.sty
Package: keyval 2014/10/28 v1.15 key=value parser (DPC)
\KV@toks@=\toks30
)
(/usr/share/texlive/texmf-dist/tex/latex/tools/calc.sty
Package: calc 2017/05/25 v4.3 Infix arithmetic (KKT,FJ)
\calc@Acount=\count104
\calc@Bcount=\count105
\calc@Adimen=\dimen113
\calc@Bdimen=\dimen114
\calc@Askip=\skip49
\calc@Bskip=\skip50
LaTeX Info: Redefining \setlength on input line 80.
LaTeX Info: Redefining \addtolength on input line 81.
\calc@Ccount=\count106
\calc@Cskip=\skip51
)
(/usr/share/texlive/texmf-dist/tex/latex/mathtools/mhsetup.sty
Package: mhsetup 2017/03/31 v1.3 programming setup (MH)
)
LaTeX Info: Thecontrolsequence`\('isalreadyrobust on input line 129.
LaTeX Info: Thecontrolsequence`\)'isalreadyrobust on input line 129.
LaTeX Info: Thecontrolsequence`\['isalreadyrobust on input line 129.
LaTeX Info: Thecontrolsequence`\]'isalreadyrobust on input line 129.
\g_MT_multlinerow_int=\count107
\l_MT_multwidth_dim=\dimen115
\origjot=\skip52
\l_MT_shortvdotswithinadjustabove_dim=\dimen116
\l_MT_shortvdotswithinadjustbelow_dim=\dimen117
\l_MT_above_intertext_sep=\dimen118
\l_MT_below_intertext_sep=\dimen119
\l_MT_above_shortintertext_sep=\dimen120
\l_MT_below_shortintertext_sep=\dimen121
)
(/usr/share/texlive/texmf-dist/tex/latex/cases/cases.sty
Package: cases 2002/05/02 ver 2.5 
)
(/usr/share/texlive/texmf-dist/tex/latex/multirow/multirow.sty
Package: multirow 2016/11/25 v2.2 Span multiple rows of a table
\multirow@colwidth=\skip53
\multirow@cntb=\count108
\multirow@dima=\skip54
\bigstrutjot=\dimen122
)
(/usr/share/texlive/texmf-dist/tex/latex/showlabels/showlabels.sty
Package: showlabels 2016/06/09 v1.8

Package: `showlabels' v1.8 <2016/06/09>
with amsmath equation tags
\SL@labelposition=\count109
) (/usr/share/texlive/texmf-dist/tex/latex/caption/subcaption.sty
Package: subcaption 2016/05/22 v1.1-161 Sub-captions (AR)

(/usr/share/texlive/texmf-dist/tex/latex/caption/caption.sty
Package: caption 2016/02/21 v3.3-144 Customizing captions (AR)

(/usr/share/texlive/texmf-dist/tex/latex/caption/caption3.sty
Package: caption3 2016/05/22 v1.7-166 caption3 kernel (AR)
Package caption3 Info: TeX engine: e-TeX on input line 67.
\captionmargin=\dimen123
\captionmargin@=\dimen124
\captionwidth=\dimen125
\caption@tempdima=\dimen126
\caption@indent=\dimen127
\caption@parindent=\dimen128
\caption@hangindent=\dimen129
)
\c@ContinuedFloat=\count110
)
\c@subfigure=\count111
\c@subtable=\count112
)
(/usr/share/texlive/texmf-dist/tex/latex/lineno/lineno.sty
Package: lineno 2005/11/02 line numbers on paragraphs v4.41
\linenopenalty=\count113
\output=\toks31
\linenoprevgraf=\count114
\linenumbersep=\dimen130
\linenumberwidth=\dimen131
\c@linenumber=\count115
\c@pagewiselinenumber=\count116
\c@LN@truepage=\count117
\c@internallinenumber=\count118
\c@internallinenumbers=\count119
\quotelinenumbersep=\dimen132
\bframerule=\dimen133
\bframesep=\dimen134
\bframebox=\box28
LaTeX Info: Redefining \\ on input line 3056.
)
(/usr/share/texlive/texmf-dist/tex/latex/base/fontenc.sty
Package: fontenc 2017/04/05 v2.0i Standard LaTeX package

(/usr/share/texlive/texmf-dist/tex/latex/base/t1enc.def
File: t1enc.def 2017/04/05 v2.0i Standard LaTeX file
LaTeX Font Info:    Redeclaring font encoding T1 on input line 48.
))
\c@definition=\count120
\c@theorem=\count121
\c@notation=\count122
\c@note=\count123
\c@example=\count124

(./fapa-text-plain.aux (./fapa-text.aux))
\openout1 = `fapa-text-plain.aux'.

LaTeX Font Info:    Checking defaults for OML/cmm/m/it on input line 88.
LaTeX Font Info:    ... okay on input line 88.
LaTeX Font Info:    Checking defaults for T1/cmr/m/n on input line 88.
LaTeX Font Info:    ... okay on input line 88.
LaTeX Font Info:    Checking defaults for OT1/cmr/m/n on input line 88.
LaTeX Font Info:    ... okay on input line 88.
LaTeX Font Info:    Checking defaults for OMS/cmsy/m/n on input line 88.
LaTeX Font Info:    ... okay on input line 88.
LaTeX Font Info:    Checking defaults for OMX/cmex/m/n on input line 88.
LaTeX Font Info:    ... okay on input line 88.
LaTeX Font Info:    Checking defaults for U/cmr/m/n on input line 88.
LaTeX Font Info:    ... okay on input line 88.

(/usr/share/texlive/texmf-dist/tex/latex/ucs/ucsencs.def
File: ucsencs.def 2011/01/21 Fixes to fontencodings LGR, T3
)
(/usr/share/texlive/texmf-dist/tex/latex/graphics/graphicx.sty
Package: graphicx 2017/06/01 v1.1a Enhanced LaTeX Graphics (DPC,SPQR)

(/usr/share/texlive/texmf-dist/tex/latex/graphics/graphics.sty
Package: graphics 2017/06/25 v1.2c Standard LaTeX Graphics (DPC,SPQR)

(/usr/share/texlive/texmf-dist/tex/latex/graphics/trig.sty
Package: trig 2016/01/03 v1.10 sin cos tan (DPC)
)
(/usr/share/texlive/texmf-dist/tex/latex/graphics-cfg/graphics.cfg
File: graphics.cfg 2016/06/04 v1.11 sample graphics configuration
)
Package graphics Info: Driver file: pdftex.def on input line 99.

(/usr/share/texlive/texmf-dist/tex/latex/graphics-def/pdftex.def
File: pdftex.def 2018/01/08 v1.0l Graphics/color driver for pdftex

(/usr/share/texlive/texmf-dist/tex/context/base/mkii/supp-pdf.mkii
[Loading MPS to PDF converter (version 2006.09.02).]
\scratchcounter=\count125
\scratchdimen=\dimen135
\scratchbox=\box29
\nofMPsegments=\count126
\nofMParguments=\count127
\everyMPshowfont=\toks32
\MPscratchCnt=\count128
\MPscratchDim=\dimen136
\MPnumerator=\count129
\makeMPintoPDFobject=\count130
\everyMPtoPDFconversion=\toks33
))) (/usr/share/texlive/texmf-dist/tex/latex/oberdiek/epstopdf-base.sty
Package: epstopdf-base 2016/05/15 v2.6 Base part for package epstopdf

(/usr/share/texlive/texmf-dist/tex/generic/oberdiek/infwarerr.sty
Package: infwarerr 2016/05/16 v1.4 Providing info/warning/error messages (HO)
)
(/usr/share/texlive/texmf-dist/tex/latex/oberdiek/grfext.sty
Package: grfext 2016/05/16 v1.2 Manage graphics extensions (HO)

(/usr/share/texlive/texmf-dist/tex/generic/oberdiek/kvdefinekeys.sty
Package: kvdefinekeys 2016/05/16 v1.4 Define keys (HO)

(/usr/share/texlive/texmf-dist/tex/generic/oberdiek/ltxcmds.sty
Package: ltxcmds 2016/05/16 v1.23 LaTeX kernel commands for general use (HO)
)))
(/usr/share/texlive/texmf-dist/tex/latex/oberdiek/kvoptions.sty
Package: kvoptions 2016/05/16 v3.12 Key value format for package options (HO)

(/usr/share/texlive/texmf-dist/tex/generic/oberdiek/kvsetkeys.sty
Package: kvsetkeys 2016/05/16 v1.17 Key value parser (HO)

(/usr/share/texlive/texmf-dist/tex/generic/oberdiek/etexcmds.sty
Package: etexcmds 2016/05/16 v1.6 Avoid name clashes with e-TeX commands (HO)

(/usr/share/texlive/texmf-dist/tex/generic/oberdiek/ifluatex.sty
Package: ifluatex 2016/05/16 v1.4 Provides the ifluatex switch (HO)
Package ifluatex Info: LuaTeX not detected.
)
Package etexcmds Info: Could not find \expanded.
(etexcmds)             That can mean that you are not using pdfTeX 1.50 or
(etexcmds)             that some package has redefined \expanded.
(etexcmds)             In the latter case, load this package earlier.
)))
(/usr/share/texlive/texmf-dist/tex/generic/oberdiek/pdftexcmds.sty
Package: pdftexcmds 2018/01/30 v0.27 Utility functions of pdfTeX for LuaTeX (HO
)

(/usr/share/texlive/texmf-dist/tex/generic/oberdiek/ifpdf.sty
Package: ifpdf 2017/03/15 v3.2 Provides the ifpdf switch
)
Package pdftexcmds Info: LuaTeX not detected.
Package pdftexcmds Info: \pdf@primitive is available.
Package pdftexcmds Info: \pdf@ifprimitive is available.
Package pdftexcmds Info: \pdfdraftmode found.
)
Package epstopdf-base Info: Redefining graphics rule for `.eps' on input line 4
38.
Package grfext Info: Graphics extension search list:
(grfext)             [.pdf,.png,.jpg,.mps,.jpeg,.jbig2,.jb2,.PDF,.PNG,.JPG,.JPE
G,.JBIG2,.JB2,.eps]
(grfext)             \AppendGraphicsExtensions on input line 456.

(/usr/share/texlive/texmf-dist/tex/latex/latexconfig/epstopdf-sys.cfg
File: epstopdf-sys.cfg 2010/07/13 v1.3 Configuration of (r)epstopdf for TeX Liv
e
))
\Gin@req@height=\dimen137
\Gin@req@width=\dimen138
)
Package caption Info: Begin \AtBeginDocument code.
Package caption Info: End \AtBeginDocument code.

(/usr/share/texlive/texmf-dist/tex/latex/ucs/data/uni-1.def
File: uni-1.def 2013/05/13 UCS: Unicode data U+0100..U+01FF
)
(/usr/share/texlive/texmf-dist/tex/latex/ucs/data/uni-0.def
File: uni-0.def 2013/05/13 UCS: Unicode data U+0000..U+00FF
)
LaTeX Font Info:    Try loading font information for T1+cmss on input line 90.

(/usr/share/texlive/texmf-dist/tex/latex/base/t1cmss.fd
File: t1cmss.fd 2014/09/29 v2.5h Standard LaTeX font definitions
)
LaTeX Font Info:    Try loading font information for U+msa on input line 90.

(/usr/share/texlive/texmf-dist/tex/latex/amsfonts/umsa.fd
File: umsa.fd 2013/01/14 v3.01 AMS symbols A
)
LaTeX Font Info:    Try loading font information for U+msb on input line 90.

(/usr/share/texlive/texmf-dist/tex/latex/amsfonts/umsb.fd
File: umsb.fd 2013/01/14 v3.01 AMS symbols B
)
LaTeX Font Info:    Try loading font information for U+rsfs on input line 90.

(/usr/share/texlive/texmf-dist/tex/latex/jknapltx/ursfs.fd
File: ursfs.fd 1998/03/24 rsfs font definition file (jk)
)
(./fapa-text-plain.toc [1

{/var/lib/texmf/fonts/map/pdftex/updmap/pdftex.map}]
[2])
\tf@toc=\write3
\openout3 = `fapa-text-plain.toc'.

 [3]
\openout2 = `fapa-text.aux'.

 (./fapa-text.tex [4

]
LaTeX Font Info:    Try loading font information for T1+cmtt on input line 110.


(/usr/share/texlive/texmf-dist/tex/latex/base/t1cmtt.fd
File: t1cmtt.fd 2014/09/29 v2.5h Standard LaTeX font definitions
) [5] [6] [7]
File: mpimg-charts0.mps Graphic file (type mps)

[MP to PDF] (./mpimg-charts0.mps) [8]
LaTeX Font Info:    Try loading font information for OMS+cmr on input line 225.


(/usr/share/texlive/texmf-dist/tex/latex/base/omscmr.fd
File: omscmr.fd 2014/09/29 v2.5h Standard LaTeX font definitions
)
LaTeX Font Info:    Font shape `OMS/cmr/m/it' in size <10> not available
(Font)              Font shape `OMS/cmsy/m/n' tried instead on input line 225.
 [9] [10] [11] [12]
LaTeX Font Info:    Font shape `OMS/cmr/m/n' in size <10> not available
(Font)              Font shape `OMS/cmsy/m/n' tried instead on input line 382.

[13]
File: mpimg-theory-diags0.mps Graphic file (type mps)
 [MP to PDF] (./mpimg-theory-diags0.mps)
Overfull \hbox (3.14198pt too wide) in paragraph at lines 454--455
[]\T1/cmr/m/n/10 Obdobn¥ jako u bi-va-lent-ního au-to-matu, ne-zpra-co-va-nou £
ást °e-t¥zce na vstupu
 []

[14]
Overfull \hbox (16.98228pt too wide) in paragraph at lines 470--471
\T1/cmr/m/it/10 min-si-tický fuzzy au-to-mat $\OT1/cmr/bx/n/10 A$\T1/cmr/m/it/1
0 . Kaº-dou po-sloup-nost kon-fi-gu-rací $\temp (\temp w[]; []\temp )\temp ; []
 ; \temp (\temp w[]; []\temp )$
 []


Overfull \hbox (32.05707pt too wide) in paragraph at lines 501--502
\T1/cmr/bx/n/10 Poznámka 3.2. \T1/cmr/m/it/10 V li-te-ra-tu°e (nap°. [[], [], [
]]) se ob-vykle lze se-tkat s ^^Rtechni£t¥j²ím^^P
 []

[15] [16]
Overfull \hbox (4.86963pt too wide) in paragraph at lines 556--557
[]\T1/cmr/m/n/10 P°echodovou funkci lze £íst ná-sle-du-jí-cím zp·-so-bem: Pro l
i-bo-volné $\temp (\temp q; a; q[]; p\temp ) \OMS/cmsy/m/n/10 2
 []


Overfull \hbox (21.32063pt too wide) in paragraph at lines 558--559
[]\T1/cmr/m/n/10 P°ejd¥me nyní k po-pisu vý-po-£tu au-to-matu. O£ís-lujme si st
avy $\temp Q \temp = \OMS/cmsy/m/n/10 f\temp q[]; q[]; [] q[]\OMS/cmsy/m/n/10 g
$\T1/cmr/m/n/10 .
 []

[17] [18] [19] [20]
File: mpimg-rest0.mps Graphic file (type mps)
 [MP to PDF] (./mpimg-rest0.mps)
File: mpimg-rest1.mps Graphic file (type mps)
 [MP to PDF]
(./mpimg-rest1.mps)
File: mpimg-rest2.mps Graphic file (type mps)
 [MP to PDF] (./mpimg-rest2.mps) [21] [22]
Package epstopdf Info: Source file: <genimg-game-of-life-1.eps>
(epstopdf)                    date: 2017-08-21 21:01:42
(epstopdf)                    size: 134831 bytes
(epstopdf)             Output file: <genimg-game-of-life-1-eps-converted-to.pdf
>
(epstopdf)                    date: 2018-04-29 17:02:57
(epstopdf)                    size: 23676 bytes
(epstopdf)             Command: <repstopdf --outfile=genimg-game-of-life-1-eps-
converted-to.pdf genimg-game-of-life-1.eps>
(epstopdf)             \includegraphics on input line 784.
Package epstopdf Info: Output file is already uptodate.
<genimg-game-of-life-1-eps-converted-to.pdf, id=103, 80.3pt x 81.30376pt>
File: genimg-game-of-life-1-eps-converted-to.pdf Graphic file (type pdf)
<use genimg-game-of-life-1-eps-converted-to.pdf>
Package pdftex.def Info: genimg-game-of-life-1-eps-converted-to.pdf  used on in
put line 784.
(pdftex.def)             Requested size: 124.19725pt x 125.754pt.
Package epstopdf Info: Source file: <genimg-game-of-life-2.eps>
(epstopdf)                    date: 2017-08-21 21:02:01
(epstopdf)                    size: 109721 bytes
(epstopdf)             Output file: <genimg-game-of-life-2-eps-converted-to.pdf
>
(epstopdf)                    date: 2018-04-29 17:02:58
(epstopdf)                    size: 20413 bytes
(epstopdf)             Command: <repstopdf --outfile=genimg-game-of-life-2-eps-
converted-to.pdf genimg-game-of-life-2.eps>
(epstopdf)             \includegraphics on input line 789.
Package epstopdf Info: Output file is already uptodate.
<genimg-game-of-life-2-eps-converted-to.pdf, id=104, 80.3pt x 81.30376pt>
File: genimg-game-of-life-2-eps-converted-to.pdf Graphic file (type pdf)
<use genimg-game-of-life-2-eps-converted-to.pdf>
Package pdftex.def Info: genimg-game-of-life-2-eps-converted-to.pdf  used on in
put line 789.
(pdftex.def)             Requested size: 124.19725pt x 125.754pt.
Package epstopdf Info: Source file: <genimg-game-of-life-3.eps>
(epstopdf)                    date: 2017-08-21 21:02:23
(epstopdf)                    size: 103820 bytes
(epstopdf)             Output file: <genimg-game-of-life-3-eps-converted-to.pdf
>
(epstopdf)                    date: 2018-04-29 17:03:00
(epstopdf)                    size: 19455 bytes
(epstopdf)             Command: <repstopdf --outfile=genimg-game-of-life-3-eps-
converted-to.pdf genimg-game-of-life-3.eps>
(epstopdf)             \includegraphics on input line 794.
Package epstopdf Info: Output file is already uptodate.
<genimg-game-of-life-3-eps-converted-to.pdf, id=105, 80.3pt x 81.30376pt>
File: genimg-game-of-life-3-eps-converted-to.pdf Graphic file (type pdf)
<use genimg-game-of-life-3-eps-converted-to.pdf>
Package pdftex.def Info: genimg-game-of-life-3-eps-converted-to.pdf  used on in
put line 794.
(pdftex.def)             Requested size: 124.19725pt x 125.754pt.
Package epstopdf Info: Source file: <genimg-game-of-life-4.eps>
(epstopdf)                    date: 2017-08-21 21:02:35
(epstopdf)                    size: 53636 bytes
(epstopdf)             Output file: <genimg-game-of-life-4-eps-converted-to.pdf
>
(epstopdf)                    date: 2018-04-29 17:03:01
(epstopdf)                    size: 11798 bytes
(epstopdf)             Command: <repstopdf --outfile=genimg-game-of-life-4-eps-
converted-to.pdf genimg-game-of-life-4.eps>
(epstopdf)             \includegraphics on input line 799.
Package epstopdf Info: Output file is already uptodate.
<genimg-game-of-life-4-eps-converted-to.pdf, id=106, 80.3pt x 81.30376pt>
File: genimg-game-of-life-4-eps-converted-to.pdf Graphic file (type pdf)
<use genimg-game-of-life-4-eps-converted-to.pdf>
Package pdftex.def Info: genimg-game-of-life-4-eps-converted-to.pdf  used on in
put line 799.
(pdftex.def)             Requested size: 124.19725pt x 125.754pt.
 [23 <./genimg-game-of-life-1-eps-converted-to.pdf> <./genimg-game-of-life-2-ep
s-converted-to.pdf> <./genimg-game-of-life-3-eps-converted-to.pdf> <./genimg-ga
me-of-life-4-eps-converted-to.pdf>] [24]
File: mpimg-theory-diags1.mps Graphic file (type mps)
 [MP to PDF] (./mpimg-theory-diags1.mps) [25] [26]
File: mpimg-theory-diags2.mps Graphic file (type mps)

[MP to PDF] (./mpimg-theory-diags2.mps)
File: mpimg-theory-diags3.mps Graphic file (type mps)
 [MP to PDF] (./mpimg-theory-diags3.mps)
File: mpimg-theory-diags4.mps Graphic file (type mps)
[MP to PDF] (./mpimg-theory-diags4.mps)
File: mpimg-theory-diags5.mps Graphic file (type mps)
 [MP to PDF] (./mpimg-theory-diags5.mps) [27] [28] [29] [30]
Overfull \hbox (4.86696pt too wide) in paragraph at lines 1035--1036
[]\T1/cmr/m/n/10 Pro roz-po-zná-vání (resp. kla-si-fi-kaci) jed-not-li-vých to-
ken· se po-u-ºí-vají ^^Rklasické^^P
 []

[31]
File: mpimg-charts1.mps Graphic file (type mps)
 [MP to PDF] (./mpimg-charts1.mps)
File: mpimg-charts2.mps Graphic file (type mps)
 [MP to PDF] (./mpimg-charts2.mps)
[32]
File: mpimg-rest3.mps Graphic file (type mps)
 [MP to PDF] (./mpimg-rest3.mps)
Overfull \hbox (8.03944pt too wide) in paragraph at lines 1108--1108
\temp s[]s[]s[]s[]s[]s[]s[]$\T1/cmr/m/n/10 .| 
 []

[33] [34] [35]
Overfull \hbox (1.56671pt too wide) in paragraph at lines 1209--1210
[]\T1/cmr/m/n/10 Ozna£me zm¥ny od-b¥ru elek-trické ener-gie lin-gvis-tic-kou pr
o-m¥n-nou ^^Rspot°eba
 []

File: mpimg-apps-diags0.mps Graphic file (type mps)
[MP to PDF] (./mpimg-apps-diags0.mps) [36] [37]
File: mpimg-apps-diags1.mps Graphic file (type mps)
 [MP to PDF]
(./mpimg-apps-diags1.mps)
Package epstopdf Info: Source file: <genimg-chess-emos-screens.eps>
(epstopdf)                    date: 2018-04-29 16:25:51
(epstopdf)                    size: 287911 bytes
(epstopdf)             Output file: <genimg-chess-emos-screens-eps-converted-to
.pdf>
(epstopdf)                    date: 2018-04-29 17:03:04
(epstopdf)                    size: 96164 bytes
(epstopdf)             Command: <repstopdf --outfile=genimg-chess-emos-screens-
eps-converted-to.pdf genimg-chess-emos-screens.eps>
(epstopdf)             \includegraphics on input line 1245.
Package epstopdf Info: Output file is already uptodate.
<genimg-chess-emos-screens-eps-converted-to.pdf, id=167, 451.6875pt x 158.5925p
t>
File: genimg-chess-emos-screens-eps-converted-to.pdf Graphic file (type pdf)
<use genimg-chess-emos-screens-eps-converted-to.pdf>
Package pdftex.def Info: genimg-chess-emos-screens-eps-converted-to.pdf  used o
n input line 1245.
(pdftex.def)             Requested size: 345.0pt x 121.14134pt.
 [38]
Overfull \hbox (2.2193pt too wide) in paragraph at lines 1261--1262
\T1/cmr/m/n/10 gvis-tické pro-m¥nné ^^Rpolarita slova^^P se ²títky nap°. ^^Rvel
mi po-zi-tivní^^P, ^^Rpozitivní^^P,
 []

[39 <./genimg-chess-emos-screens-eps-converted-to.pdf>] [40]
Package epstopdf Info: Source file: <genimg-urban-growt-transitions-1.eps>
(epstopdf)                    date: 2018-05-04 23:44:04
(epstopdf)                    size: 34731 bytes
(epstopdf)             Output file: <genimg-urban-growt-transitions-1-eps-conve
rted-to.pdf>
(epstopdf)                    date: 2018-05-04 23:44:50
(epstopdf)                    size: 17344 bytes
(epstopdf)             Command: <repstopdf --outfile=genimg-urban-growt-transit
ions-1-eps-converted-to.pdf genimg-urban-growt-transitions-1.eps>
(epstopdf)             \includegraphics on input line 1309.
Package epstopdf Info: Output file is already uptodate.
<genimg-urban-growt-transitions-1-eps-converted-to.pdf, id=181, 238.8925pt x 66
.2475pt>
File: genimg-urban-growt-transitions-1-eps-converted-to.pdf Graphic file (type 
pdf)
<use genimg-urban-growt-transitions-1-eps-converted-to.pdf>
Package pdftex.def Info: genimg-urban-growt-transitions-1-eps-converted-to.pdf 
 used on input line 1309.
(pdftex.def)             Requested size: 310.4979pt x 86.10959pt.
Package epstopdf Info: Source file: <genimg-urban-growt-transitions-2.eps>
(epstopdf)                    date: 2018-05-04 23:44:21
(epstopdf)                    size: 40948 bytes
(epstopdf)             Output file: <genimg-urban-growt-transitions-2-eps-conve
rted-to.pdf>
(epstopdf)                    date: 2018-05-04 23:44:51
(epstopdf)                    size: 17618 bytes
(epstopdf)             Command: <repstopdf --outfile=genimg-urban-growt-transit
ions-2-eps-converted-to.pdf genimg-urban-growt-transitions-2.eps>
(epstopdf)             \includegraphics on input line 1314.
Package epstopdf Info: Output file is already uptodate.
<genimg-urban-growt-transitions-2-eps-converted-to.pdf, id=182, 238.8925pt x 66
.2475pt>
File: genimg-urban-growt-transitions-2-eps-converted-to.pdf Graphic file (type 
pdf)
<use genimg-urban-growt-transitions-2-eps-converted-to.pdf>
Package pdftex.def Info: genimg-urban-growt-transitions-2-eps-converted-to.pdf 
 used on input line 1314.
(pdftex.def)             Requested size: 310.4979pt x 86.10959pt.
Package epstopdf Info: Source file: <genimg-urban-growt-transitions-3.eps>
(epstopdf)                    date: 2018-05-04 23:44:32
(epstopdf)                    size: 34733 bytes
(epstopdf)             Output file: <genimg-urban-growt-transitions-3-eps-conve
rted-to.pdf>
(epstopdf)                    date: 2018-05-04 23:44:52
(epstopdf)                    size: 17661 bytes
(epstopdf)             Command: <repstopdf --outfile=genimg-urban-growt-transit
ions-3-eps-converted-to.pdf genimg-urban-growt-transitions-3.eps>
(epstopdf)             \includegraphics on input line 1319.
Package epstopdf Info: Output file is already uptodate.
<genimg-urban-growt-transitions-3-eps-converted-to.pdf, id=183, 238.8925pt x 66
.2475pt>
File: genimg-urban-growt-transitions-3-eps-converted-to.pdf Graphic file (type 
pdf)
<use genimg-urban-growt-transitions-3-eps-converted-to.pdf>
Package pdftex.def Info: genimg-urban-growt-transitions-3-eps-converted-to.pdf 
 used on input line 1319.
(pdftex.def)             Requested size: 310.4979pt x 86.10959pt.
Package epstopdf Info: Source file: <genimg-urban-growt-city-1.eps>
(epstopdf)                    date: 2017-08-13 23:00:51
(epstopdf)                    size: 3840124 bytes
(epstopdf)             Output file: <genimg-urban-growt-city-1-eps-converted-to
.pdf>
(epstopdf)                    date: 2018-04-29 17:03:16
(epstopdf)                    size: 338565 bytes
(epstopdf)             Command: <repstopdf --outfile=genimg-urban-growt-city-1-
eps-converted-to.pdf genimg-urban-growt-city-1.eps>
(epstopdf)             \includegraphics on input line 1328.
Package epstopdf Info: Output file is already uptodate.
<genimg-urban-growt-city-1-eps-converted-to.pdf, id=184, 563.10374pt x 252.945p
t>
File: genimg-urban-growt-city-1-eps-converted-to.pdf Graphic file (type pdf)
<use genimg-urban-growt-city-1-eps-converted-to.pdf>
Package pdftex.def Info: genimg-urban-growt-city-1-eps-converted-to.pdf  used o
n input line 1328.
(pdftex.def)             Requested size: 345.0pt x 154.97551pt.
Package epstopdf Info: Source file: <genimg-urban-growt-city-2.eps>
(epstopdf)                    date: 2017-08-13 23:11:53
(epstopdf)                    size: 2578822 bytes
(epstopdf)             Output file: <genimg-urban-growt-city-2-eps-converted-to
.pdf>
(epstopdf)                    date: 2018-04-29 17:03:22
(epstopdf)                    size: 215473 bytes
(epstopdf)             Command: <repstopdf --outfile=genimg-urban-growt-city-2-
eps-converted-to.pdf genimg-urban-growt-city-2.eps>
(epstopdf)             \includegraphics on input line 1333.
Package epstopdf Info: Output file is already uptodate.
<genimg-urban-growt-city-2-eps-converted-to.pdf, id=185, 563.10374pt x 256.96pt
>
File: genimg-urban-growt-city-2-eps-converted-to.pdf Graphic file (type pdf)
<use genimg-urban-growt-city-2-eps-converted-to.pdf>
Package pdftex.def Info: genimg-urban-growt-city-2-eps-converted-to.pdf  used o
n input line 1333.
(pdftex.def)             Requested size: 345.0pt x 157.43544pt.
 [41 <./genimg-urban-growt-transitions-1-eps-converted-to.pdf> <./genimg-urban-
growt-transitions-2-eps-converted-to.pdf> <./genimg-urban-growt-transitions-3-e
ps-converted-to.pdf>] [42 <./genimg-urban-growt-city-1-eps-converted-to.pdf> <.
/genimg-urban-growt-city-2-eps-converted-to.pdf>]
Package epstopdf Info: Source file: <genimg-filters.eps>
(epstopdf)                    date: 2018-05-05 00:05:13
(epstopdf)                    size: 105161 bytes
(epstopdf)             Output file: <genimg-filters-eps-converted-to.pdf>
(epstopdf)                    date: 2018-05-05 00:15:32
(epstopdf)                    size: 33165 bytes
(epstopdf)             Command: <repstopdf --outfile=genimg-filters-eps-convert
ed-to.pdf genimg-filters.eps>
(epstopdf)             \includegraphics on input line 1388.
Package epstopdf Info: Output file is already uptodate.
<genimg-filters-eps-converted-to.pdf, id=208, 281.05pt x 75.28125pt>
File: genimg-filters-eps-converted-to.pdf Graphic file (type pdf)
<use genimg-filters-eps-converted-to.pdf>
Package pdftex.def Info: genimg-filters-eps-converted-to.pdf  used on input lin
e 1388.
(pdftex.def)             Requested size: 345.0pt x 92.41617pt.
 [43]
File: mpimg-rest4.mps Graphic file (type mps)
 [MP to PDF] (./mpimg-rest4.mps)
File: mpimg-rest5.mps Graphic file (type mps)

[MP to PDF] (./mpimg-rest5.mps)
Underfull \hbox (badness 4713) in paragraph at lines 1407--1407
[]\T1/cmr/m/n/9 (b) |Ukázka hrany pro-chá-ze-jící
 []


Underfull \hbox (badness 2088) in paragraph at lines 1407--1407
\T1/cmr/m/n/9 bu¬-kou. Ve sm¥ru $\OML/cmm/m/it/9 H$ \T1/cmr/m/n/9 (£er-vené
 []

[44 <./genimg-filters-eps-converted-to.pdf>]
Package epstopdf Info: Source file: <genimg-noises.eps>
(epstopdf)                    date: 2018-05-05 00:12:53
(epstopdf)                    size: 56906 bytes
(epstopdf)             Output file: <genimg-noises-eps-converted-to.pdf>
(epstopdf)                    date: 2018-05-05 00:44:41
(epstopdf)                    size: 31368 bytes
(epstopdf)             Command: <repstopdf --outfile=genimg-noises-eps-converte
d-to.pdf genimg-noises.eps>
(epstopdf)             \includegraphics on input line 1427.
Package epstopdf Info: Output file is already uptodate.
<genimg-noises-eps-converted-to.pdf, id=225, 276.03125pt x 75.28125pt>
File: genimg-noises-eps-converted-to.pdf Graphic file (type pdf)
<use genimg-noises-eps-converted-to.pdf>
Package pdftex.def Info: genimg-noises-eps-converted-to.pdf  used on input line
 1427.
(pdftex.def)             Requested size: 345.0pt x 94.1013pt.
 [45 <./genimg-noises-eps-converted-to.pdf>]
File: mpimg-rest6.mps Graphic file (type mps)
 [MP to PDF] (./mpimg-rest6.mps)
File: mpimg-rest7.mps Graphic file (type mps)
 [MP to PDF] (./mpimg-rest7.mps)
Overfull \hbox (27.62086pt too wide) in paragraph at lines 1457--1458
[][] 
 []


Overfull \hbox (27.56998pt too wide) in paragraph at lines 1465--1466
\T1/cmr/m/n/10 tvary. Stejn¥ tak m·-ºeme sta-no-vit stupn¥ prav-di-vosti pro vl
ast-nosti nap°. ^^Rgeometrický
 []


Overfull \hbox (18.9921pt too wide) in paragraph at lines 1467--1468
\T1/cmr/m/n/10 zen-tu-jící ge-o-me-t-rické tvary roz-po-znává a to v£etn¥ ge-o-
me-t-ric-kých tvar· ^^Rpodobných^^P
 []

[46] [47] [48]
Package epstopdf Info: Source file: <genimg-follicles-1.eps>
(epstopdf)                    date: 2017-08-24 20:01:51
(epstopdf)                    size: 34492 bytes
(epstopdf)             Output file: <genimg-follicles-1-eps-converted-to.pdf>
(epstopdf)                    date: 2018-04-29 17:03:37
(epstopdf)                    size: 27064 bytes
(epstopdf)             Command: <repstopdf --outfile=genimg-follicles-1-eps-con
verted-to.pdf genimg-follicles-1.eps>
(epstopdf)             \includegraphics on input line 1534.
Package epstopdf Info: Output file is already uptodate.
<genimg-follicles-1-eps-converted-to.pdf, id=243, 281.05pt x 62.2325pt>
File: genimg-follicles-1-eps-converted-to.pdf Graphic file (type pdf)
<use genimg-follicles-1-eps-converted-to.pdf>
Package pdftex.def Info: genimg-follicles-1-eps-converted-to.pdf  used on input
 line 1534.
(pdftex.def)             Requested size: 345.0pt x 76.39737pt.
Package epstopdf Info: Source file: <genimg-follicles-2.eps>
(epstopdf)                    date: 2017-08-24 20:02:17
(epstopdf)                    size: 4635 bytes
(epstopdf)             Output file: <genimg-follicles-2-eps-converted-to.pdf>
(epstopdf)                    date: 2018-04-29 17:03:39
(epstopdf)                    size: 4226 bytes
(epstopdf)             Command: <repstopdf --outfile=genimg-follicles-2-eps-con
verted-to.pdf genimg-follicles-2.eps>
(epstopdf)             \includegraphics on input line 1539.
Package epstopdf Info: Output file is already uptodate.
<genimg-follicles-2-eps-converted-to.pdf, id=244, 281.05pt x 60.225pt>
File: genimg-follicles-2-eps-converted-to.pdf Graphic file (type pdf)
<use genimg-follicles-2-eps-converted-to.pdf>
Package pdftex.def Info: genimg-follicles-2-eps-converted-to.pdf  used on input
 line 1539.
(pdftex.def)             Requested size: 345.0pt x 73.93292pt.
 [49 <./genimg-follicles-1-eps-converted-to.pdf> <./genimg-follicles-2-eps-conv
erted-to.pdf>]
Overfull \hbox (46.76656pt too wide) in paragraph at lines 1569--1570
[][]\T1/cmtt/m/n/10 event-driven-fuzzy-automata []\T1/cmr/m/n/10 (udá-lostmi °í
-zený fuzzy au-to-mat), [][]\T1/cmtt/m/n/10 fuzzy-tree-automata
 []

[50]
<genimg-handwritrec-screen.png, id=262, 739.76375pt x 475.7775pt>
File: genimg-handwritrec-screen.png Graphic file (type png)
<use genimg-handwritrec-screen.png>
Package pdftex.def Info: genimg-handwritrec-screen.png  used on input line 1620
.
(pdftex.def)             Requested size: 276.00105pt x 177.50864pt.
 [51 <./genimg-handwritrec-screen.png>]
Overfull \hbox (3.91846pt too wide) in paragraph at lines 1640--1641
[]\T1/cmr/m/n/10 T°ída [][]\T1/cmtt/m/n/10 NoiseReductionAutomaton []\T1/cmr/m/
n/10 im-ple-men-tuje me-todu pro od-stra-n¥ní ²umu
 []

[52] [53]) [54] (./fapa-text-plain.bbl
Underfull \hbox (badness 10000) in paragraph at lines 4--9
[]\T1/cmr/m/n/10 Khalid Al-Ahmadi, Ali-son Hep-pen-stall, Linda See, and
 []


Underfull \hbox (badness 10000) in paragraph at lines 4--9
\T1/cmr/m/n/10 Jim Hogg.  Mo-de-ling ur-ban growth dy-na-mics using cellu-
 []


Underfull \hbox (badness 10000) in paragraph at lines 4--9
\T1/cmr/m/n/10 lar au-to-mata and gis.  2008.  Do-stupné on-line na
 []


Overfull \hbox (92.72766pt too wide) in paragraph at lines 4--9
\T1/cmtt/m/n/10 https://pdfs.semanticscholar.org/6e2a/c1dbea43cd06b4f7bab26f3f0
4ce6816908b.pdf\T1/cmr/m/n/10 . 
 []

[55

] [56]
Underfull \hbox (badness 10000) in paragraph at lines 222--226
[]\T1/cmr/m/n/10 R.A. Fisher.  Iris data set.  Do-stupné on-line na
 []

[57] [58] (/usr/share/texlive/texmf-dist/tex/latex/ucs/data/uni-32.def
File: uni-32.def 2013/05/13 UCS: Unicode data U+2000..U+20FF
)
[59]
Underfull \hbox (badness 1577) in paragraph at lines 436--441
[]\T1/cmr/m/n/10 Hua Mao, Yin-gke Chen, Man-fred Ja-e-ger, Tho-mas Dy-hre Niel-
sen,
 []

[60]
Underfull \hbox (badness 10000) in paragraph at lines 554--558
[]\T1/cmr/m/n/10 Collins Pu-b-lishers.  Flags data set.  Do-stupné on-line na
 []

[61]
Underfull \hbox (badness 10000) in paragraph at lines 648--652
[]\T1/cmr/m/n/10 slovniky.cz.  fo-li-kul.  Do-stupné on-line na
 []

[62]
Underfull \hbox (badness 10000) in paragraph at lines 755--758
[]\T1/cmr/m/n/10 Wikipedie.  Lenna.  Do-stupné on-line na
 []

[63]) [64] (./fapa-text-plain.aux (./fapa-text.aux)) ) 
Here is how much of TeX's memory you used:
 7937 strings out of 493979
 112994 string characters out of 6160469
 219961 words of memory out of 5000000
 11348 multiletter control sequences out of 15000+600000
 30148 words of font info for 84 fonts, out of 8000000 for 9000
 360 hyphenation exceptions out of 8191
 55i,17n,43p,1010b,862s stack positions out of 5000i,500n,10000p,200000b,80000s
 </home/martin/.texlive20
18/texmf-var/fonts/pk/ljfour/jknappen/ec/ectt1000.600pk> </home/martin/.texlive
2018/texmf-var/fonts/pk/ljfour/jknappen/ec/ecrm0900.600pk> </home/martin/.texli
ve2018/texmf-var/fonts/pk/ljfour/jknappen/ec/eccc0800.600pk> </home/martin/.tex
live2018/texmf-var/fonts/pk/ljfour/jknappen/ec/eccc1000.600pk> </home/martin/.t
exlive2018/texmf-var/fonts/pk/ljfour/jknappen/ec/ectt0900.600pk> </home/martin/
.texlive2018/texmf-var/fonts/pk/ljfour/jknappen/ec/ecti1000.600pk> </home/marti
n/.texlive2018/texmf-var/fonts/pk/ljfour/jknappen/ec/ecrm0800.600pk> </home/mar
tin/.texlive2018/texmf-var/fonts/pk/ljfour/jknappen/ec/ecrm0600.600pk> </home/m
artin/.texlive2018/texmf-var/fonts/pk/ljfour/jknappen/ec/ecrm0700.600pk> </home
/martin/.texlive2018/texmf-var/fonts/pk/ljfour/jknappen/ec/ecbx1200.600pk> </ho
me/martin/.texlive2018/texmf-var/fonts/pk/ljfour/jknappen/ec/ecss0500.600pk> </
home/martin/.texlive2018/texmf-var/fonts/pk/ljfour/jknappen/ec/ecrm1000.600pk> 
</home/martin/.texlive2018/texmf-var/fonts/pk/ljfour/jknappen/ec/ecbx1000.600pk
> </home/martin/.texlive2018/texmf-var/fonts/pk/ljfour/jknappen/ec/ecbx1440.600
pk> </home/martin/.texlive2018/texmf-var/fonts/pk/ljfour/jknappen/ec/ecrm1200.6
00pk> </home/martin/.texlive2018/texmf-var/fonts/pk/ljfour/jknappen/ec/ecrm1728
.600pk></usr/share/texlive/texmf-dist/fonts/type1/public/amsfonts/cm/cmbx10.pfb
></usr/share/texlive/texmf-dist/fonts/type1/public/amsfonts/cm/cmbx7.pfb></usr/
share/texlive/texmf-dist/fonts/type1/public/amsfonts/cm/cmex10.pfb></usr/share/
texlive/texmf-dist/fonts/type1/public/amsfonts/cm/cmmi10.pfb></usr/share/texliv
e/texmf-dist/fonts/type1/public/amsfonts/cm/cmmi12.pfb></usr/share/texlive/texm
f-dist/fonts/type1/public/amsfonts/cm/cmmi5.pfb></usr/share/texlive/texmf-dist/
fonts/type1/public/amsfonts/cm/cmmi7.pfb></usr/share/texlive/texmf-dist/fonts/t
ype1/public/amsfonts/cm/cmmi8.pfb></usr/share/texlive/texmf-dist/fonts/type1/pu
blic/amsfonts/cm/cmmi9.pfb></usr/share/texlive/texmf-dist/fonts/type1/public/am
sfonts/cm/cmr10.pfb></usr/share/texlive/texmf-dist/fonts/type1/public/amsfonts/
cm/cmr5.pfb></usr/share/texlive/texmf-dist/fonts/type1/public/amsfonts/cm/cmr7.
pfb></usr/share/texlive/texmf-dist/fonts/type1/public/amsfonts/cm/cmr8.pfb></us
r/share/texlive/texmf-dist/fonts/type1/public/amsfonts/cm/cmr9.pfb></usr/share/
texlive/texmf-dist/fonts/type1/public/amsfonts/cm/cmsy10.pfb></usr/share/texliv
e/texmf-dist/fonts/type1/public/amsfonts/cm/cmsy5.pfb></usr/share/texlive/texmf
-dist/fonts/type1/public/amsfonts/cm/cmsy6.pfb></usr/share/texlive/texmf-dist/f
onts/type1/public/amsfonts/cm/cmsy7.pfb></usr/share/texlive/texmf-dist/fonts/ty
pe1/public/amsfonts/cm/cmsy8.pfb></usr/share/texlive/texmf-dist/fonts/type1/pub
lic/amsfonts/symbols/msbm10.pfb>
Output written on fapa-text-plain.pdf (64 pages, 1494918 bytes).
PDF statistics:
 1134 PDF objects out of 1200 (max. 8388607)
 296 compressed objects within 3 object streams
 0 named destinations out of 1000 (max. 500000)
 76 words of extra memory for PDF output out of 10000 (max. 10000000)

