This is pdfTeX, Version 3.14159265-2.6-1.40.17 (TeX Live 2016/Debian) (preloaded format=pdflatex 2017.10.16)  29 APR 2018 16:58
entering extended mode
 restricted \write18 enabled.
 %&-line parsing enabled.
**fapa-text.tex
(./fapa-text.tex
LaTeX2e <2017/01/01> patch level 3
Babel <3.9r> and hyphenation patterns for 32 language(s) loaded.
(/usr/share/texlive/texmf-dist/tex/latex/base/article.cls
Document Class: article 2014/09/29 v1.4h Standard LaTeX document class
(/usr/share/texlive/texmf-dist/tex/latex/base/size10.clo
File: size10.clo 2014/09/29 v1.4h Standard LaTeX file (size option)
)
\c@part=\count79
\c@section=\count80
\c@subsection=\count81
\c@subsubsection=\count82
\c@paragraph=\count83
\c@subparagraph=\count84
\c@figure=\count85
\c@table=\count86
\abovecaptionskip=\skip41
\belowcaptionskip=\skip42
\bibindent=\dimen102
)
(/usr/share/texlive/texmf-dist/tex/latex/base/inputenc.sty
Package: inputenc 2015/03/17 v1.2c Input encoding file
\inpenc@prehook=\toks14
\inpenc@posthook=\toks15

(/usr/share/texlive/texmf-dist/tex/latex/ucs/utf8x.def
File: utf8x.def 2004/10/17 UCS: Input encoding UTF-8
))
(/usr/share/texlive/texmf-dist/tex/latex/ucs/ucs.sty
Package: ucs 2013/05/11 v2.2 UCS: Unicode input support

(/usr/share/texlive/texmf-dist/tex/latex/ucs/data/uni-global.def
File: uni-global.def 2013/05/13 UCS: Unicode global data
)
\uc@secondtry=\count87
\uc@combtoks=\toks16
\uc@combtoksb=\toks17
\uc@temptokena=\toks18
)
(/usr/share/texlive/texmf-dist/tex/generic/babel/babel.sty
Package: babel 2016/04/23 3.9r The Babel package

(/usr/share/texlive/texmf-dist/tex/generic/babel-czech/czech.ldf
Language: czech 2008/07/06 v3.1a Czech support from the babel system

(/usr/share/texlive/texmf-dist/tex/generic/babel/babel.def
File: babel.def 2016/04/23 3.9r Babel common definitions
\babel@savecnt=\count88
\U@D=\dimen103
)
Package babel Info: Making " an active character on input line 172.
\cs@wordlen=\count89
Package babel Info: Making - an active character on input line 226.
))
\@input{headers.aux}
\openout2 = `headers.aux'.

(./headers.tex (/usr/share/texlive/texmf-dist/tex/latex/amscls/amsthm.sty
Package: amsthm 2015/03/04 v2.20.2
\thm@style=\toks19
\thm@bodyfont=\toks20
\thm@headfont=\toks21
\thm@notefont=\toks22
\thm@headpunct=\toks23
\thm@preskip=\skip43
\thm@postskip=\skip44
\thm@headsep=\skip45
\dth@everypar=\toks24
)
(/usr/share/texlive/texmf-dist/tex/latex/amsmath/amsmath.sty
Package: amsmath 2016/11/05 v2.16a AMS math features
\@mathmargin=\skip46

For additional information on amsmath, use the `?' option.
(/usr/share/texlive/texmf-dist/tex/latex/amsmath/amstext.sty
Package: amstext 2000/06/29 v2.01 AMS text

(/usr/share/texlive/texmf-dist/tex/latex/amsmath/amsgen.sty
File: amsgen.sty 1999/11/30 v2.0 generic functions
\@emptytoks=\toks25
\ex@=\dimen104
))
(/usr/share/texlive/texmf-dist/tex/latex/amsmath/amsbsy.sty
Package: amsbsy 1999/11/29 v1.2d Bold Symbols
\pmbraise@=\dimen105
)
(/usr/share/texlive/texmf-dist/tex/latex/amsmath/amsopn.sty
Package: amsopn 2016/03/08 v2.02 operator names
)
\inf@bad=\count90
LaTeX Info: Redefining \frac on input line 213.
\uproot@=\count91
\leftroot@=\count92
LaTeX Info: Redefining \overline on input line 375.
\classnum@=\count93
\DOTSCASE@=\count94
LaTeX Info: Redefining \ldots on input line 472.
LaTeX Info: Redefining \dots on input line 475.
LaTeX Info: Redefining \cdots on input line 596.
\Mathstrutbox@=\box26
\strutbox@=\box27
\big@size=\dimen106
LaTeX Font Info:    Redeclaring font encoding OML on input line 712.
LaTeX Font Info:    Redeclaring font encoding OMS on input line 713.
\macc@depth=\count95
\c@MaxMatrixCols=\count96
\dotsspace@=\muskip10
\c@parentequation=\count97
\dspbrk@lvl=\count98
\tag@help=\toks26
\row@=\count99
\column@=\count100
\maxfields@=\count101
\andhelp@=\toks27
\eqnshift@=\dimen107
\alignsep@=\dimen108
\tagshift@=\dimen109
\tagwidth@=\dimen110
\totwidth@=\dimen111
\lineht@=\dimen112
\@envbody=\toks28
\multlinegap=\skip47
\multlinetaggap=\skip48
\mathdisplay@stack=\toks29
LaTeX Info: Redefining \[ on input line 2817.
LaTeX Info: Redefining \] on input line 2818.
)
(/usr/share/texlive/texmf-dist/tex/latex/amsfonts/amsfonts.sty
Package: amsfonts 2013/01/14 v3.01 Basic AMSFonts support
\symAMSa=\mathgroup4
\symAMSb=\mathgroup5
LaTeX Font Info:    Overwriting math alphabet `\mathfrak' in version `bold'
(Font)                  U/euf/m/n --> U/euf/b/n on input line 106.
)
(/usr/share/texlive/texmf-dist/tex/latex/amsfonts/amssymb.sty
Package: amssymb 2013/01/14 v3.01 AMS font symbols
)
(/usr/share/texlive/texmf-dist/tex/latex/jknapltx/mathrsfs.sty
Package: mathrsfs 1996/01/01 Math RSFS package v1.0 (jk)
\symrsfs=\mathgroup6
)
(/usr/share/texlive/texmf-dist/tex/latex/mathtools/mathtools.sty
Package: mathtools 2015/11/12 v1.18 mathematical typesetting tools

(/usr/share/texlive/texmf-dist/tex/latex/graphics/keyval.sty
Package: keyval 2014/10/28 v1.15 key=value parser (DPC)
\KV@toks@=\toks30
)
(/usr/share/texlive/texmf-dist/tex/latex/tools/calc.sty
Package: calc 2014/10/28 v4.3 Infix arithmetic (KKT,FJ)
\calc@Acount=\count102
\calc@Bcount=\count103
\calc@Adimen=\dimen113
\calc@Bdimen=\dimen114
\calc@Askip=\skip49
\calc@Bskip=\skip50
LaTeX Info: Redefining \setlength on input line 80.
LaTeX Info: Redefining \addtolength on input line 81.
\calc@Ccount=\count104
\calc@Cskip=\skip51
)
(/usr/share/texlive/texmf-dist/tex/latex/mathtools/mhsetup.sty
Package: mhsetup 2010/01/21 v1.2a programming setup (MH)
)
LaTeX Info: Thecontrolsequence`\('isalreadyrobust on input line 129.
LaTeX Info: Thecontrolsequence`\)'isalreadyrobust on input line 129.
LaTeX Info: Thecontrolsequence`\['isalreadyrobust on input line 129.
LaTeX Info: Thecontrolsequence`\]'isalreadyrobust on input line 129.
\g_MT_multlinerow_int=\count105
\l_MT_multwidth_dim=\dimen115
\origjot=\skip52
\l_MT_shortvdotswithinadjustabove_dim=\dimen116
\l_MT_shortvdotswithinadjustbelow_dim=\dimen117
\l_MT_above_intertext_sep=\dimen118
\l_MT_below_intertext_sep=\dimen119
\l_MT_above_shortintertext_sep=\dimen120
\l_MT_below_shortintertext_sep=\dimen121
)
(/usr/share/texlive/texmf-dist/tex/latex/cases/cases.sty
Package: cases 2002/05/02 ver 2.5 
)
(/usr/share/texlive/texmf-dist/tex/latex/multirow/multirow.sty
Package: multirow 2016/11/25 v2.2 Span multiple rows of a table
\multirow@colwidth=\skip53
\multirow@cntb=\count106
\multirow@dima=\skip54
\bigstrutjot=\dimen122
)
(/usr/share/texlive/texmf-dist/tex/latex/showlabels/showlabels.sty
Package: showlabels 2016/06/09 v1.8

Package: `showlabels' v1.8 <2016/06/09>
with amsmath equation tags
\SL@labelposition=\count107
) (/usr/share/texlive/texmf-dist/tex/latex/caption/subcaption.sty
Package: subcaption 2016/05/22 v1.1-161 Sub-captions (AR)

(/usr/share/texlive/texmf-dist/tex/latex/caption/caption.sty
Package: caption 2016/02/21 v3.3-144 Customizing captions (AR)

(/usr/share/texlive/texmf-dist/tex/latex/caption/caption3.sty
Package: caption3 2016/05/22 v1.7-166 caption3 kernel (AR)
Package caption3 Info: TeX engine: e-TeX on input line 67.
\captionmargin=\dimen123
\captionmargin@=\dimen124
\captionwidth=\dimen125
\caption@tempdima=\dimen126
\caption@indent=\dimen127
\caption@parindent=\dimen128
\caption@hangindent=\dimen129
)
\c@ContinuedFloat=\count108
)
\c@subfigure=\count109
\c@subtable=\count110
)
(/usr/share/texlive/texmf-dist/tex/latex/lineno/lineno.sty
Package: lineno 2005/11/02 line numbers on paragraphs v4.41
\linenopenalty=\count111
\output=\toks31
\linenoprevgraf=\count112
\linenumbersep=\dimen130
\linenumberwidth=\dimen131
\c@linenumber=\count113
\c@pagewiselinenumber=\count114
\c@LN@truepage=\count115
\c@internallinenumber=\count116
\c@internallinenumbers=\count117
\quotelinenumbersep=\dimen132
\bframerule=\dimen133
\bframesep=\dimen134
\bframebox=\box28
LaTeX Info: Redefining \\ on input line 3056.
)
(/usr/share/texlive/texmf-dist/tex/latex/base/fontenc.sty
Package: fontenc 2017/02/22 v2.0g Standard LaTeX package

(/usr/share/texlive/texmf-dist/tex/latex/base/t1enc.def
File: t1enc.def 2017/02/22 v2.0g Standard LaTeX file
LaTeX Font Info:    Redeclaring font encoding T1 on input line 48.
))
\c@definition=\count118
\c@theorem=\count119
\c@notation=\count120
\c@note=\count121
\c@example=\count122
) (./fapa-text.aux)
\openout1 = `fapa-text.aux'.

LaTeX Font Info:    Checking defaults for OML/cmm/m/it on input line 12.
LaTeX Font Info:    ... okay on input line 12.
LaTeX Font Info:    Checking defaults for T1/cmr/m/n on input line 12.
LaTeX Font Info:    ... okay on input line 12.
LaTeX Font Info:    Checking defaults for OT1/cmr/m/n on input line 12.
LaTeX Font Info:    ... okay on input line 12.
LaTeX Font Info:    Checking defaults for OMS/cmsy/m/n on input line 12.
LaTeX Font Info:    ... okay on input line 12.
LaTeX Font Info:    Checking defaults for OMX/cmex/m/n on input line 12.
LaTeX Font Info:    ... okay on input line 12.
LaTeX Font Info:    Checking defaults for U/cmr/m/n on input line 12.
LaTeX Font Info:    ... okay on input line 12.

(/usr/share/texlive/texmf-dist/tex/latex/ucs/ucsencs.def
File: ucsencs.def 2011/01/21 Fixes to fontencodings LGR, T3
)
(/usr/share/texlive/texmf-dist/tex/latex/graphics/graphicx.sty
Package: graphicx 2014/10/28 v1.0g Enhanced LaTeX Graphics (DPC,SPQR)

(/usr/share/texlive/texmf-dist/tex/latex/graphics/graphics.sty
Package: graphics 2016/10/09 v1.0u Standard LaTeX Graphics (DPC,SPQR)

(/usr/share/texlive/texmf-dist/tex/latex/graphics/trig.sty
Package: trig 2016/01/03 v1.10 sin cos tan (DPC)
)
(/usr/share/texlive/texmf-dist/tex/latex/graphics-cfg/graphics.cfg
File: graphics.cfg 2016/06/04 v1.11 sample graphics configuration
)
Package graphics Info: Driver file: pdftex.def on input line 99.

(/usr/share/texlive/texmf-dist/tex/latex/graphics-def/pdftex.def
File: pdftex.def 2017/01/12 v0.06k Graphics/color for pdfTeX

(/usr/share/texlive/texmf-dist/tex/generic/oberdiek/infwarerr.sty
Package: infwarerr 2016/05/16 v1.4 Providing info/warning/error messages (HO)
)
(/usr/share/texlive/texmf-dist/tex/generic/oberdiek/ltxcmds.sty
Package: ltxcmds 2016/05/16 v1.23 LaTeX kernel commands for general use (HO)
)
\Gread@gobject=\count123

(/usr/share/texlive/texmf-dist/tex/context/base/mkii/supp-pdf.mkii
[Loading MPS to PDF converter (version 2006.09.02).]
\scratchcounter=\count124
\scratchdimen=\dimen135
\scratchbox=\box29
\nofMPsegments=\count125
\nofMParguments=\count126
\everyMPshowfont=\toks32
\MPscratchCnt=\count127
\MPscratchDim=\dimen136
\MPnumerator=\count128
\makeMPintoPDFobject=\count129
\everyMPtoPDFconversion=\toks33
))) (/usr/share/texlive/texmf-dist/tex/generic/oberdiek/pdftexcmds.sty
Package: pdftexcmds 2016/05/21 v0.22 Utility functions of pdfTeX for LuaTeX (HO
)

(/usr/share/texlive/texmf-dist/tex/generic/oberdiek/ifluatex.sty
Package: ifluatex 2016/05/16 v1.4 Provides the ifluatex switch (HO)
Package ifluatex Info: LuaTeX not detected.
)
(/usr/share/texlive/texmf-dist/tex/generic/oberdiek/ifpdf.sty
Package: ifpdf 2016/05/14 v3.1 Provides the ifpdf switch
)
Package pdftexcmds Info: LuaTeX not detected.
Package pdftexcmds Info: \pdf@primitive is available.
Package pdftexcmds Info: \pdf@ifprimitive is available.
Package pdftexcmds Info: \pdfdraftmode found.
)
(/usr/share/texlive/texmf-dist/tex/latex/oberdiek/epstopdf-base.sty
Package: epstopdf-base 2016/05/15 v2.6 Base part for package epstopdf

(/usr/share/texlive/texmf-dist/tex/latex/oberdiek/grfext.sty
Package: grfext 2016/05/16 v1.2 Manage graphics extensions (HO)

(/usr/share/texlive/texmf-dist/tex/generic/oberdiek/kvdefinekeys.sty
Package: kvdefinekeys 2016/05/16 v1.4 Define keys (HO)
))
(/usr/share/texlive/texmf-dist/tex/latex/oberdiek/kvoptions.sty
Package: kvoptions 2016/05/16 v3.12 Key value format for package options (HO)

(/usr/share/texlive/texmf-dist/tex/generic/oberdiek/kvsetkeys.sty
Package: kvsetkeys 2016/05/16 v1.17 Key value parser (HO)

(/usr/share/texlive/texmf-dist/tex/generic/oberdiek/etexcmds.sty
Package: etexcmds 2016/05/16 v1.6 Avoid name clashes with e-TeX commands (HO)
Package etexcmds Info: Could not find \expanded.
(etexcmds)             That can mean that you are not using pdfTeX 1.50 or
(etexcmds)             that some package has redefined \expanded.
(etexcmds)             In the latter case, load this package earlier.
)))
Package epstopdf-base Info: Redefining graphics rule for `.eps' on input line 4
38.
Package grfext Info: Graphics extension search list:
(grfext)             [.png,.pdf,.jpg,.mps,.jpeg,.jbig2,.jb2,.PNG,.PDF,.JPG,.JPE
G,.JBIG2,.JB2,.eps]
(grfext)             \AppendGraphicsExtensions on input line 456.

(/usr/share/texlive/texmf-dist/tex/latex/latexconfig/epstopdf-sys.cfg
File: epstopdf-sys.cfg 2010/07/13 v1.3 Configuration of (r)epstopdf for TeX Liv
e
))
\Gin@req@height=\dimen137
\Gin@req@width=\dimen138
)
Package caption Info: Begin \AtBeginDocument code.
Package caption Info: End \AtBeginDocument code.

(/usr/share/texlive/texmf-dist/tex/latex/ucs/data/uni-1.def
File: uni-1.def 2013/05/13 UCS: Unicode data U+0100..U+01FF
)
(/usr/share/texlive/texmf-dist/tex/latex/ucs/data/uni-0.def
File: uni-0.def 2013/05/13 UCS: Unicode data U+0000..U+00FF
)
LaTeX Font Info:    Try loading font information for T1+cmss on input line 14.

(/usr/share/texlive/texmf-dist/tex/latex/base/t1cmss.fd
File: t1cmss.fd 2014/09/29 v2.5h Standard LaTeX font definitions
)
LaTeX Font Info:    Try loading font information for U+msa on input line 14.

(/usr/share/texlive/texmf-dist/tex/latex/amsfonts/umsa.fd
File: umsa.fd 2013/01/14 v3.01 AMS symbols A
)
LaTeX Font Info:    Try loading font information for U+msb on input line 14.

(/usr/share/texlive/texmf-dist/tex/latex/amsfonts/umsb.fd
File: umsb.fd 2013/01/14 v3.01 AMS symbols B
)
LaTeX Font Info:    Try loading font information for U+rsfs on input line 14.

(/usr/share/texlive/texmf-dist/tex/latex/jknapltx/ursfs.fd
File: ursfs.fd 1998/03/24 rsfs font definition file (jk)
) (./fapa-text.toc
[1



{/var/lib/texmf/fonts/map/pdftex/updmap/pdftex.map}] [2])
\tf@toc=\write3
\openout3 = `fapa-text.toc'.

 [3] [4]
LaTeX Font Info:    Try loading font information for T1+cmtt on input line 95.

(/usr/share/texlive/texmf-dist/tex/latex/base/t1cmtt.fd
File: t1cmtt.fd 2014/09/29 v2.5h Standard LaTeX font definitions
) [5] [6] [7]
File: mpimg-charts0.mps Graphic file (type mps)

[MP to PDF] (./mpimg-charts0.mps) [8]
LaTeX Font Info:    Try loading font information for OMS+cmr on input line 212.


(/usr/share/texlive/texmf-dist/tex/latex/base/omscmr.fd
File: omscmr.fd 2014/09/29 v2.5h Standard LaTeX font definitions
)
LaTeX Font Info:    Font shape `OMS/cmr/m/it' in size <10> not available
(Font)              Font shape `OMS/cmsy/m/n' tried instead on input line 212.
 [9] [10] [11]

LaTeX Warning: Citation `Bel-DetFuzzAut' on page 12 undefined on input line 348
.

[12]

LaTeX Warning: Reference `not:muOverSym' on page 13 undefined on input line 355
.

LaTeX Font Info:    Font shape `OMS/cmr/m/n' in size <10> not available
(Font)              Font shape `OMS/cmsy/m/n' tried instead on input line 371.
File: mpimg-theory-diags0.mps Graphic file (type mps)
[MP to PDF] (./mpimg-theory-diags0.mps) [13] [14]
Overfull \hbox (16.98228pt too wide) in paragraph at lines 460--461
\T1/cmr/m/it/10 min-si-tický fuzzy au-to-mat $\OT1/cmr/bx/n/10 A$\T1/cmr/m/it/1
0 . Kaº-dou po-sloup-nost kon-fi-gu-rací $\temp (\temp w[]; []\temp )\temp ; []
 ; \temp (\temp w[]; []\temp )$
 []

[15] [16]
Overfull \hbox (4.59523pt too wide) in paragraph at lines 553--554
[]\T1/cmr/m/n/10 P°echodovou funkci lze £íst ná-sle-du-jí-cím zp·-so-bem. Por l
i-bo-volné $\temp (\temp q; a; q[]; p\temp ) \OMS/cmsy/m/n/10 2
 []

[17]
Overfull \hbox (26.19646pt too wide) in paragraph at lines 581--582
\OMS/cmsy/m/n/10 f\temp (\temp q[]; \temp 1\temp =\temp 2)\temp ; \temp (\temp 
q[]; \temp 1\temp =\temp 2)\OMS/cmsy/m/n/10 g$\T1/cmr/m/it/10 , $\temp ^^V\temp
 (\temp q[]; a\temp ) = \OMS/cmsy/m/n/10 f\temp (\temp q[]; \temp 1)\OMS/cmsy/m
/n/10 g$\T1/cmr/m/it/10 , $\temp ^^V\temp (\temp q[]; b\temp ) = \OMS/cmsy/m/n/
10 f\temp (\temp q[]; \temp 1)\OMS/cmsy/m/n/10 g$\T1/cmr/m/it/10 . Pak $\OT1/cm
r/bx/n/10 A \temp = (\temp Q; \temp ^^F\temp ; ^^V; q[]; F\temp )$
 []

[18]
Overfull \hbox (0.65985pt too wide) in paragraph at lines 616--617
\T1/cmr/m/n/10 fuzzy au-to-matu. Toto roz-²í-°ení je re-a-li-zo-váno po-mocí tz
v. $\temp ^^O$\T1/cmr/m/n/10 -p°echod·. ^^RKlasický^^P
 []


Overfull \hbox (1.21376pt too wide) in paragraph at lines 626--627
\T1/cmr/m/n/10 maty s vý-stu-pem se lze se-tkat nap°. v [[]][[]][[]][[]][[]]. 
 []

[19] [20]
File: mpimg-rest0.mps Graphic file (type mps)
 [MP to PDF] (./mpimg-rest0.mps)
File: mpimg-rest1.mps Graphic file (type mps)
 [MP to PDF] (./mpimg-rest1.mps)
File: mpimg-rest2.mps Graphic file (type mps)

[MP to PDF] (./mpimg-rest2.mps) [21] [22]
Overfull \hbox (0.67088pt too wide) in paragraph at lines 754--755
\T1/cmr/bx/n/10 P°íklad 5.2. \T1/cmr/m/it/10 Ty-pic-kým p°í-kla-dem bu-n¥£-ného
 au-to-matu je tzv. Hra ºi-vota (Game
 []

Package epstopdf Info: Source file: <genimg-game-of-life-1.eps>
(epstopdf)                    date: 2017-08-21 21:01:42
(epstopdf)                    size: 134831 bytes
(epstopdf)             Output file: <genimg-game-of-life-1-eps-converted-to.pdf
>
(epstopdf)                    date: 2018-04-29 16:21:33
(epstopdf)                    size: 23676 bytes
(epstopdf)             Command: <repstopdf --outfile=genimg-game-of-life-1-eps-
converted-to.pdf genimg-game-of-life-1.eps>
(epstopdf)             \includegraphics on input line 779.
Package epstopdf Info: Output file is already uptodate.
<genimg-game-of-life-1-eps-converted-to.pdf, id=105, 80.3pt x 81.30376pt>
File: genimg-game-of-life-1-eps-converted-to.pdf Graphic file (type pdf)

<use genimg-game-of-life-1-eps-converted-to.pdf>
Package pdftex.def Info: genimg-game-of-life-1-eps-converted-to.pdf used on inp
ut line 779.
(pdftex.def)             Requested size: 124.19725pt x 125.754pt.
Package epstopdf Info: Source file: <genimg-game-of-life-2.eps>
(epstopdf)                    date: 2017-08-21 21:02:01
(epstopdf)                    size: 109721 bytes
(epstopdf)             Output file: <genimg-game-of-life-2-eps-converted-to.pdf
>
(epstopdf)                    date: 2018-04-29 16:21:34
(epstopdf)                    size: 20413 bytes
(epstopdf)             Command: <repstopdf --outfile=genimg-game-of-life-2-eps-
converted-to.pdf genimg-game-of-life-2.eps>
(epstopdf)             \includegraphics on input line 784.
Package epstopdf Info: Output file is already uptodate.

<genimg-game-of-life-2-eps-converted-to.pdf, id=106, 80.3pt x 81.30376pt>
File: genimg-game-of-life-2-eps-converted-to.pdf Graphic file (type pdf)

<use genimg-game-of-life-2-eps-converted-to.pdf>
Package pdftex.def Info: genimg-game-of-life-2-eps-converted-to.pdf used on inp
ut line 784.
(pdftex.def)             Requested size: 124.19725pt x 125.754pt.
Package epstopdf Info: Source file: <genimg-game-of-life-3.eps>
(epstopdf)                    date: 2017-08-21 21:02:23
(epstopdf)                    size: 103820 bytes
(epstopdf)             Output file: <genimg-game-of-life-3-eps-converted-to.pdf
>
(epstopdf)                    date: 2018-04-29 16:21:35
(epstopdf)                    size: 19455 bytes
(epstopdf)             Command: <repstopdf --outfile=genimg-game-of-life-3-eps-
converted-to.pdf genimg-game-of-life-3.eps>
(epstopdf)             \includegraphics on input line 789.
Package epstopdf Info: Output file is already uptodate.

<genimg-game-of-life-3-eps-converted-to.pdf, id=107, 80.3pt x 81.30376pt>
File: genimg-game-of-life-3-eps-converted-to.pdf Graphic file (type pdf)

<use genimg-game-of-life-3-eps-converted-to.pdf>
Package pdftex.def Info: genimg-game-of-life-3-eps-converted-to.pdf used on inp
ut line 789.
(pdftex.def)             Requested size: 124.19725pt x 125.754pt.
Package epstopdf Info: Source file: <genimg-game-of-life-4.eps>
(epstopdf)                    date: 2017-08-21 21:02:35
(epstopdf)                    size: 53636 bytes
(epstopdf)             Output file: <genimg-game-of-life-4-eps-converted-to.pdf
>
(epstopdf)                    date: 2018-04-29 16:21:36
(epstopdf)                    size: 11798 bytes
(epstopdf)             Command: <repstopdf --outfile=genimg-game-of-life-4-eps-
converted-to.pdf genimg-game-of-life-4.eps>
(epstopdf)             \includegraphics on input line 794.
Package epstopdf Info: Output file is already uptodate.

<genimg-game-of-life-4-eps-converted-to.pdf, id=108, 80.3pt x 81.30376pt>
File: genimg-game-of-life-4-eps-converted-to.pdf Graphic file (type pdf)

<use genimg-game-of-life-4-eps-converted-to.pdf>
Package pdftex.def Info: genimg-game-of-life-4-eps-converted-to.pdf used on inp
ut line 794.
(pdftex.def)             Requested size: 124.19725pt x 125.754pt.
 [23] [24 <./genimg-game-of-life-1-eps-converted-to.pdf> <./genimg-game-of-life
-2-eps-converted-to.pdf> <./genimg-game-of-life-3-eps-converted-to.pdf> <./geni
mg-game-of-life-4-eps-converted-to.pdf>] [25]
File: mpimg-theory-diags1.mps Graphic file (type mps)
 [MP to PDF] (./mpimg-theory-diags1.mps)

LaTeX Warning: Reference `not:muOverSym' on page 26 undefined on input line 891
.

[26] [27]
File: mpimg-theory-diags2.mps Graphic file (type mps)
 [MP to PDF] (./mpimg-theory-diags2.mps)
File: mpimg-theory-diags3.mps Graphic file (type mps)
 [MP to PDF]
(./mpimg-theory-diags3.mps)
File: mpimg-theory-diags4.mps Graphic file (type mps)
 [MP to PDF] (./mpimg-theory-diags4.mps)
File: mpimg-theory-diags5.mps Graphic file (type mps)

[MP to PDF] (./mpimg-theory-diags5.mps) [28] [29] [30] [31]
Overfull \hbox (4.86696pt too wide) in paragraph at lines 1030--1031
[]\T1/cmr/m/n/10 Pro roz-po-zná-vání (resp. kla-si-fi-kaci) jed-not-li-vých to-
ken· se po-u-ºí-vají ^^Rklasické^^P
 []

[32] [33]
File: mpimg-rest3.mps Graphic file (type mps)
 [MP to PDF] (./mpimg-rest3.mps) [34] [35] [36]
Overfull \hbox (1.56671pt too wide) in paragraph at lines 1196--1197
[]\T1/cmr/m/n/10 Ozna£me zm¥ny od-b¥ru elek-trické ener-gie lin-gvis-tic-kou pr
o-m¥n-nou ^^Rspot°eba
 []

File: mpimg-apps-diags0.mps Graphic file (type mps)
[MP to PDF] (./mpimg-apps-diags0.mps) [37] [38]
File: mpimg-apps-diags1.mps Graphic file (type mps)
 [MP to PDF]
(./mpimg-apps-diags1.mps)
Package epstopdf Info: Source file: <genimg-chess-emos-screens.eps>
(epstopdf)                    date: 2018-04-29 16:25:51
(epstopdf)                    size: 287911 bytes
(epstopdf)             Output file: <genimg-chess-emos-screens-eps-converted-to
.pdf>
(epstopdf)                    date: 2018-04-29 16:38:40
(epstopdf)                    size: 96164 bytes
(epstopdf)             Command: <repstopdf --outfile=genimg-chess-emos-screens-
eps-converted-to.pdf genimg-chess-emos-screens.eps>
(epstopdf)             \includegraphics on input line 1232.
Package epstopdf Info: Output file is already uptodate.

<genimg-chess-emos-screens-eps-converted-to.pdf, id=172, 451.6875pt x 158.5925p
t>
File: genimg-chess-emos-screens-eps-converted-to.pdf Graphic file (type pdf)
 <use genimg-chess-emos-screens-eps-converted-to.pdf>
Package pdftex.def Info: genimg-chess-emos-screens-eps-converted-to.pdf used on
 input line 1232.
(pdftex.def)             Requested size: 345.0pt x 121.14134pt.
 [39 <./genimg-chess-emos-screens-eps-converted-to.pdf>] [40]
Package epstopdf Info: Source file: <genimg-urban-growt-transitions-1.eps>
(epstopdf)                    date: 2017-08-13 21:43:11
(epstopdf)                    size: 11883 bytes
(epstopdf)             Output file: <genimg-urban-growt-transitions-1-eps-conve
rted-to.pdf>
(epstopdf)                    date: 2018-04-29 16:35:22
(epstopdf)                    size: 5413 bytes
(epstopdf)             Command: <repstopdf --outfile=genimg-urban-growt-transit
ions-1-eps-converted-to.pdf genimg-urban-growt-transitions-1.eps>
(epstopdf)             \includegraphics on input line 1295.
Package epstopdf Info: Output file is already uptodate.

<genimg-urban-growt-transitions-1-eps-converted-to.pdf, id=183, 238.8925pt x 67
.25125pt>
File: genimg-urban-growt-transitions-1-eps-converted-to.pdf Graphic file (type 
pdf)
 <use genimg-urban-growt-transitions-1-eps-converted-to.pdf>
Package pdftex.def Info: genimg-urban-growt-transitions-1-eps-converted-to.pdf 
used on input line 1295.
(pdftex.def)             Requested size: 310.4979pt x 87.41428pt.
Package epstopdf Info: Source file: <genimg-urban-growt-transitions-2.eps>
(epstopdf)                    date: 2017-08-13 21:43:04
(epstopdf)                    size: 12145 bytes
(epstopdf)             Output file: <genimg-urban-growt-transitions-2-eps-conve
rted-to.pdf>
(epstopdf)                    date: 2018-04-29 16:35:22
(epstopdf)                    size: 5984 bytes
(epstopdf)             Command: <repstopdf --outfile=genimg-urban-growt-transit
ions-2-eps-converted-to.pdf genimg-urban-growt-transitions-2.eps>
(epstopdf)             \includegraphics on input line 1300.
Package epstopdf Info: Output file is already uptodate.

<genimg-urban-growt-transitions-2-eps-converted-to.pdf, id=184, 238.8925pt x 67
.25125pt>
File: genimg-urban-growt-transitions-2-eps-converted-to.pdf Graphic file (type 
pdf)
 <use genimg-urban-growt-transitions-2-eps-converted-to.pdf>
Package pdftex.def Info: genimg-urban-growt-transitions-2-eps-converted-to.pdf 
used on input line 1300.
(pdftex.def)             Requested size: 310.4979pt x 87.41428pt.
Package epstopdf Info: Source file: <genimg-urban-growt-transitions-3.eps>
(epstopdf)                    date: 2017-08-13 21:42:49
(epstopdf)                    size: 12511 bytes
(epstopdf)             Output file: <genimg-urban-growt-transitions-3-eps-conve
rted-to.pdf>
(epstopdf)                    date: 2018-04-29 16:35:23
(epstopdf)                    size: 6097 bytes
(epstopdf)             Command: <repstopdf --outfile=genimg-urban-growt-transit
ions-3-eps-converted-to.pdf genimg-urban-growt-transitions-3.eps>
(epstopdf)             \includegraphics on input line 1305.
Package epstopdf Info: Output file is already uptodate.

<genimg-urban-growt-transitions-3-eps-converted-to.pdf, id=185, 238.8925pt x 67
.25125pt>
File: genimg-urban-growt-transitions-3-eps-converted-to.pdf Graphic file (type 
pdf)
 <use genimg-urban-growt-transitions-3-eps-converted-to.pdf>
Package pdftex.def Info: genimg-urban-growt-transitions-3-eps-converted-to.pdf 
used on input line 1305.
(pdftex.def)             Requested size: 310.4979pt x 87.41428pt.


LaTeX Warning: No positions in optional float specifier.
               Default added (so using `tbp') on input line 1314.

Package epstopdf Info: Source file: <genimg-urban-growt-city-1.eps>
(epstopdf)                    date: 2017-08-13 23:00:51
(epstopdf)                    size: 3840124 bytes
(epstopdf)             Output file: <genimg-urban-growt-city-1-eps-converted-to
.pdf>
(epstopdf)                    date: 2018-04-29 16:35:30
(epstopdf)                    size: 338565 bytes
(epstopdf)             Command: <repstopdf --outfile=genimg-urban-growt-city-1-
eps-converted-to.pdf genimg-urban-growt-city-1.eps>
(epstopdf)             \includegraphics on input line 1316.
Package epstopdf Info: Output file is already uptodate.

<genimg-urban-growt-city-1-eps-converted-to.pdf, id=186, 563.10374pt x 252.945p
t>
File: genimg-urban-growt-city-1-eps-converted-to.pdf Graphic file (type pdf)
 <use genimg-urban-growt-city-1-eps-converted-to.pdf>
Package pdftex.def Info: genimg-urban-growt-city-1-eps-converted-to.pdf used on
 input line 1316.
(pdftex.def)             Requested size: 345.0pt x 154.97551pt.
Package epstopdf Info: Source file: <genimg-urban-growt-city-2.eps>
(epstopdf)                    date: 2017-08-13 23:11:53
(epstopdf)                    size: 2578822 bytes
(epstopdf)             Output file: <genimg-urban-growt-city-2-eps-converted-to
.pdf>
(epstopdf)                    date: 2018-04-29 16:35:34
(epstopdf)                    size: 215473 bytes
(epstopdf)             Command: <repstopdf --outfile=genimg-urban-growt-city-2-
eps-converted-to.pdf genimg-urban-growt-city-2.eps>
(epstopdf)             \includegraphics on input line 1321.
Package epstopdf Info: Output file is already uptodate.

<genimg-urban-growt-city-2-eps-converted-to.pdf, id=187, 563.10374pt x 256.96pt
>
File: genimg-urban-growt-city-2-eps-converted-to.pdf Graphic file (type pdf)
 <use genimg-urban-growt-city-2-eps-converted-to.pdf>
Package pdftex.def Info: genimg-urban-growt-city-2-eps-converted-to.pdf used on
 input line 1321.
(pdftex.def)             Requested size: 345.0pt x 157.43544pt.
 [41] [42 <./genimg-urban-growt-transitions-1-eps-converted-to.pdf> <./genimg-u
rban-growt-transitions-2-eps-converted-to.pdf> <./genimg-urban-growt-transition
s-3-eps-converted-to.pdf>] [43 <./genimg-urban-growt-city-1-eps-converted-to.pd
f> <./genimg-urban-growt-city-2-eps-converted-to.pdf>] [44]
Package epstopdf Info: Source file: <genimg-filters.eps>
(epstopdf)                    date: 2017-08-27 12:31:53
(epstopdf)                    size: 53874 bytes
(epstopdf)             Output file: <genimg-filters-eps-converted-to.pdf>
(epstopdf)                    date: 2018-04-29 16:35:35
(epstopdf)                    size: 16746 bytes
(epstopdf)             Command: <repstopdf --outfile=genimg-filters-eps-convert
ed-to.pdf genimg-filters.eps>
(epstopdf)             \includegraphics on input line 1375.
Package epstopdf Info: Output file is already uptodate.

<genimg-filters-eps-converted-to.pdf, id=214, 281.05pt x 81.30376pt>
File: genimg-filters-eps-converted-to.pdf Graphic file (type pdf)

<use genimg-filters-eps-converted-to.pdf>
Package pdftex.def Info: genimg-filters-eps-converted-to.pdf used on input line
 1375.
(pdftex.def)             Requested size: 345.0pt x 99.80946pt.
File: mpimg-rest4.mps Graphic file (type mps)
 [MP to PDF] (./mpimg-rest4.mps)
File: mpimg-rest5.mps Graphic file (type mps)

[MP to PDF] (./mpimg-rest5.mps)
Underfull \hbox (badness 4713) in paragraph at lines 1393--1393
[]\T1/cmr/m/n/9 (b) |Ukázka hrany pro-chá-ze-jící
 []


Underfull \hbox (badness 2521) in paragraph at lines 1393--1393
\T1/cmr/m/n/9 bu¬-kou. Ve sm¥ru $\OML/cmm/m/it/9 U$ \T1/cmr/m/n/9 (£er-vené
 []

[45 <./genimg-filters-eps-converted-to.pdf>]
Package epstopdf Info: Source file: <genimg-noises-1.eps>
(epstopdf)                    date: 2017-08-27 15:28:24
(epstopdf)                    size: 1640478 bytes
(epstopdf)             Output file: <genimg-noises-1-eps-converted-to.pdf>
(epstopdf)                    date: 2018-04-29 16:35:38
(epstopdf)                    size: 544487 bytes
(epstopdf)             Command: <repstopdf --outfile=genimg-noises-1-eps-conver
ted-to.pdf genimg-noises-1.eps>
(epstopdf)             \includegraphics on input line 1413.
Package epstopdf Info: Output file is already uptodate.

<genimg-noises-1-eps-converted-to.pdf, id=223, 80.3pt x 80.3pt>
File: genimg-noises-1-eps-converted-to.pdf Graphic file (type pdf)

<use genimg-noises-1-eps-converted-to.pdf>
Package pdftex.def Info: genimg-noises-1-eps-converted-to.pdf used on input lin
e 1413.
(pdftex.def)             Requested size: 103.50105pt x 103.50409pt.
Package epstopdf Info: Source file: <genimg-noises-2.eps>
(epstopdf)                    date: 2017-08-27 15:28:33
(epstopdf)                    size: 1640487 bytes
(epstopdf)             Output file: <genimg-noises-2-eps-converted-to.pdf>
(epstopdf)                    date: 2018-04-29 16:35:41
(epstopdf)                    size: 544500 bytes
(epstopdf)             Command: <repstopdf --outfile=genimg-noises-2-eps-conver
ted-to.pdf genimg-noises-2.eps>
(epstopdf)             \includegraphics on input line 1418.
Package epstopdf Info: Output file is already uptodate.

<genimg-noises-2-eps-converted-to.pdf, id=224, 80.3pt x 80.3pt>
File: genimg-noises-2-eps-converted-to.pdf Graphic file (type pdf)

<use genimg-noises-2-eps-converted-to.pdf>
Package pdftex.def Info: genimg-noises-2-eps-converted-to.pdf used on input lin
e 1418.
(pdftex.def)             Requested size: 103.50105pt x 103.50409pt.
Package epstopdf Info: Source file: <genimg-noises-3.eps>
(epstopdf)                    date: 2017-08-27 15:28:44
(epstopdf)                    size: 1640510 bytes
(epstopdf)             Output file: <genimg-noises-3-eps-converted-to.pdf>
(epstopdf)                    date: 2018-04-29 16:35:44
(epstopdf)                    size: 544496 bytes
(epstopdf)             Command: <repstopdf --outfile=genimg-noises-3-eps-conver
ted-to.pdf genimg-noises-3.eps>
(epstopdf)             \includegraphics on input line 1423.
Package epstopdf Info: Output file is already uptodate.

<genimg-noises-3-eps-converted-to.pdf, id=225, 80.3pt x 80.3pt>
File: genimg-noises-3-eps-converted-to.pdf Graphic file (type pdf)

<use genimg-noises-3-eps-converted-to.pdf>
Package pdftex.def Info: genimg-noises-3-eps-converted-to.pdf used on input lin
e 1423.
(pdftex.def)             Requested size: 103.50105pt x 103.50409pt.
 [46 <./genimg-noises-1-eps-converted-to.pdf> <./genimg-noises-2-eps-converted-
to.pdf> <./genimg-noises-3-eps-converted-to.pdf>]
File: mpimg-rest6.mps Graphic file (type mps)
 [MP to PDF] (./mpimg-rest6.mps)
File: mpimg-rest7.mps Graphic file (type mps)
 [MP to PDF] (./mpimg-rest7.mps)
Overfull \hbox (31.63585pt too wide) in paragraph at lines 1456--1457
[][] 
 []


Overfull \hbox (27.56998pt too wide) in paragraph at lines 1464--1465
\T1/cmr/m/n/10 tvary. Stejn¥ tak m·-ºeme sta-no-vit stupn¥ prav-di-vosti pro vl
ast-nosti nap°. ^^Rgeometrický
 []


Overfull \hbox (18.9921pt too wide) in paragraph at lines 1466--1467
\T1/cmr/m/n/10 zen-tu-jící ge-o-me-t-rické tvary roz-po-znává a to v£etn¥ ge-o-
me-t-ric-kých tvar· ^^Rpodobných^^P
 []

[47] [48] [49]
Package epstopdf Info: Source file: <genimg-follicles-1.eps>
(epstopdf)                    date: 2017-08-24 20:01:51
(epstopdf)                    size: 34492 bytes
(epstopdf)             Output file: <genimg-follicles-1-eps-converted-to.pdf>
(epstopdf)                    date: 2018-04-29 16:35:45
(epstopdf)                    size: 27064 bytes
(epstopdf)             Command: <repstopdf --outfile=genimg-follicles-1-eps-con
verted-to.pdf genimg-follicles-1.eps>
(epstopdf)             \includegraphics on input line 1537.
Package epstopdf Info: Output file is already uptodate.

<genimg-follicles-1-eps-converted-to.pdf, id=248, 281.05pt x 62.2325pt>
File: genimg-follicles-1-eps-converted-to.pdf Graphic file (type pdf)

<use genimg-follicles-1-eps-converted-to.pdf>
Package pdftex.def Info: genimg-follicles-1-eps-converted-to.pdf used on input 
line 1537.
(pdftex.def)             Requested size: 345.0pt x 76.39737pt.
Package epstopdf Info: Source file: <genimg-follicles-2.eps>
(epstopdf)                    date: 2017-08-24 20:02:17
(epstopdf)                    size: 4635 bytes
(epstopdf)             Output file: <genimg-follicles-2-eps-converted-to.pdf>
(epstopdf)                    date: 2018-04-29 16:35:46
(epstopdf)                    size: 4226 bytes
(epstopdf)             Command: <repstopdf --outfile=genimg-follicles-2-eps-con
verted-to.pdf genimg-follicles-2.eps>
(epstopdf)             \includegraphics on input line 1542.
Package epstopdf Info: Output file is already uptodate.

<genimg-follicles-2-eps-converted-to.pdf, id=249, 281.05pt x 60.225pt>
File: genimg-follicles-2-eps-converted-to.pdf Graphic file (type pdf)

<use genimg-follicles-2-eps-converted-to.pdf>
Package pdftex.def Info: genimg-follicles-2-eps-converted-to.pdf used on input 
line 1542.
(pdftex.def)             Requested size: 345.0pt x 73.93292pt.
 [50 <./genimg-follicles-1-eps-converted-to.pdf> <./genimg-follicles-2-eps-conv
erted-to.pdf>]
Overfull \hbox (46.76656pt too wide) in paragraph at lines 1570--1571
[]\T1/cmtt/m/n/10 event-driven-fuzzy-automata \T1/cmr/m/n/10 (udá-lostmi °í-zen
ý fuzzy au-to-mat), []\T1/cmtt/m/n/10 fuzzy-tree-automata
 []

[51] <genimg-handwritrec-screen.png, id=266, 739.76375pt x 475.7775pt>
File: genimg-handwritrec-screen.png Graphic file (type png)

<use genimg-handwritrec-screen.png>
Package pdftex.def Info: genimg-handwritrec-screen.png used on input line 1622.

(pdftex.def)             Requested size: 276.00105pt x 177.50864pt.
 [52]
Overfull \hbox (3.91846pt too wide) in paragraph at lines 1642--1643
[]\T1/cmr/m/n/10 T°ída []\T1/cmtt/m/n/10 NoiseReductionAutomaton \T1/cmr/m/n/10
 im-ple-men-tuje me-todu pro od-stra-n¥ní ²umu
 []

[53 <./genimg-handwritrec-screen.png>] [54]
Overfull \hbox (3.52588pt too wide) in paragraph at lines 1673--1674
\T1/cmr/m/n/10 Stává se, ºe au-to-mat chybn¥ krátký °e-t¥-zec roz-po-zná, pro-t
oºe au-to-mat ^^Rnestihne^^P
 []

(./fapa-text.bbl
Underfull \hbox (badness 10000) in paragraph at lines 13--18
[]\T1/cmr/m/n/10 Khalid Al-Ahmadi, Ali-son Hep-pen-stall, Linda See, and
 []


Underfull \hbox (badness 10000) in paragraph at lines 13--18
\T1/cmr/m/n/10 Jim Hogg.  Mo-de-ling ur-ban growth dy-na-mics using
 []


Underfull \hbox (badness 3271) in paragraph at lines 13--18
\T1/cmr/m/n/10 cellu-lar au-to-mata and gis.  2008.  Do-stupné on-line na
 []


Overfull \hbox (123.24963pt too wide) in paragraph at lines 13--18
\T1/cmtt/m/n/10 https://pdfs.semanticscholar.org/6e2a/c1dbea43cd06b4f7bab26f3f0
4ce6816908b.pdf\T1/cmr/m/n/10 . 
 []

[55] [56] [57]
Underfull \hbox (badness 10000) in paragraph at lines 241--245
[]\T1/cmr/m/n/10 R.A. Fisher.  Iris data set.  Do-stupné on-line na
 []

[58] [59] [60] (/usr/share/texlive/texmf-dist/tex/latex/ucs/data/uni-32.def
File: uni-32.def 2013/05/13 UCS: Unicode data U+2000..U+20FF
)
[61]
Underfull \hbox (badness 1968) in paragraph at lines 567--571
[]\T1/cmr/m/n/10 Collins Pu-b-lishers.  Flags data set.  Do-stupné on-line na
 []

[62]
Underfull \hbox (badness 10000) in paragraph at lines 655--659
[]\T1/cmr/m/n/10 slovniky.cz.  fo-li-kul.  Do-stupné on-line na
 []

[63] [64]) [65] (./fapa-text.aux)

LaTeX Warning: There were undefined references.


LaTeX Warning: Label(s) may have changed. Rerun to get cross-references right.

 ) 
Here is how much of TeX's memory you used:
 7536 strings out of 494330
 108749 string characters out of 6163450
 226523 words of memory out of 5000000
 10622 multiletter control sequences out of 15000+600000
 30463 words of font info for 85 fonts, out of 8000000 for 9000
 360 hyphenation exceptions out of 8191
 53i,17n,42p,1029b,598s stack positions out of 5000i,500n,10000p,200000b,80000s
 </home/martin/.texlive2016/texmf-var/fonts/pk/ljfour/jknappen/ec/ectt1000.60
0pk> </home/martin/.texlive2016/texmf-var/fonts/pk/ljfour/jknappen/ec/ecrm0900.
600pk> </home/martin/.texlive2016/texmf-var/fonts/pk/ljfour/jknappen/ec/ecit100
0.600pk> </home/martin/.texlive2016/texmf-var/fonts/pk/ljfour/jknappen/ec/eccc0
800.600pk> </home/martin/.texlive2016/texmf-var/fonts/pk/ljfour/jknappen/ec/ecc
c1000.600pk> </home/martin/.texlive2016/texmf-var/fonts/pk/ljfour/jknappen/ec/e
ctt0900.600pk> </home/martin/.texlive2016/texmf-var/fonts/pk/ljfour/jknappen/ec
/ecti1000.600pk> </home/martin/.texlive2016/texmf-var/fonts/pk/ljfour/jknappen/
ec/ecrm0800.600pk> </home/martin/.texlive2016/texmf-var/fonts/pk/ljfour/jknappe
n/ec/ecrm0600.600pk> </home/martin/.texlive2016/texmf-var/fonts/pk/ljfour/jknap
pen/ec/ecrm0700.600pk> </home/martin/.texlive2016/texmf-var/fonts/pk/ljfour/jkn
appen/ec/ecbx1200.600pk> </home/martin/.texlive2016/texmf-var/fonts/pk/ljfour/j
knappen/ec/ecss0500.600pk> </home/martin/.texlive2016/texmf-var/fonts/pk/ljfour
/jknappen/ec/ecrm1000.600pk> </home/martin/.texlive2016/texmf-var/fonts/pk/ljfo
ur/jknappen/ec/ecbx1000.600pk> </home/martin/.texlive2016/texmf-var/fonts/pk/lj
four/jknappen/ec/ecbx1440.600pk> </home/martin/.texlive2016/texmf-var/fonts/pk/
ljfour/jknappen/ec/ecrm1200.600pk> </home/martin/.texlive2016/texmf-var/fonts/p
k/ljfour/jknappen/ec/ecrm1728.600pk></usr/share/texlive/texmf-dist/fonts/type1/
public/amsfonts/cm/cmbx10.pfb></usr/share/texlive/texmf-dist/fonts/type1/public
/amsfonts/cm/cmex10.pfb></usr/share/texlive/texmf-dist/fonts/type1/public/amsfo
nts/cm/cmmi10.pfb></usr/share/texlive/texmf-dist/fonts/type1/public/amsfonts/cm
/cmmi12.pfb></usr/share/texlive/texmf-dist/fonts/type1/public/amsfonts/cm/cmmi5
.pfb></usr/share/texlive/texmf-dist/fonts/type1/public/amsfonts/cm/cmmi6.pfb></
usr/share/texlive/texmf-dist/fonts/type1/public/amsfonts/cm/cmmi7.pfb></usr/sha
re/texlive/texmf-dist/fonts/type1/public/amsfonts/cm/cmmi8.pfb></usr/share/texl
ive/texmf-dist/fonts/type1/public/amsfonts/cm/cmmi9.pfb></usr/share/texlive/tex
mf-dist/fonts/type1/public/amsfonts/cm/cmr10.pfb></usr/share/texlive/texmf-dist
/fonts/type1/public/amsfonts/cm/cmr5.pfb></usr/share/texlive/texmf-dist/fonts/t
ype1/public/amsfonts/cm/cmr6.pfb></usr/share/texlive/texmf-dist/fonts/type1/pub
lic/amsfonts/cm/cmr7.pfb></usr/share/texlive/texmf-dist/fonts/type1/public/amsf
onts/cm/cmr8.pfb></usr/share/texlive/texmf-dist/fonts/type1/public/amsfonts/cm/
cmr9.pfb></usr/share/texlive/texmf-dist/fonts/type1/public/amsfonts/cm/cmsy10.p
fb></usr/share/texlive/texmf-dist/fonts/type1/public/amsfonts/cm/cmsy5.pfb></us
r/share/texlive/texmf-dist/fonts/type1/public/amsfonts/cm/cmsy6.pfb></usr/share
/texlive/texmf-dist/fonts/type1/public/amsfonts/cm/cmsy7.pfb></usr/share/texliv
e/texmf-dist/fonts/type1/public/amsfonts/symbols/msbm10.pfb>
Output written on fapa-text.pdf (65 pages, 3035323 bytes).
PDF statistics:
 1134 PDF objects out of 1200 (max. 8388607)
 306 compressed objects within 4 object streams
 0 named destinations out of 1000 (max. 500000)
 86 words of extra memory for PDF output out of 10000 (max. 10000000)

