This is pdfTeX, Version 3.14159265-2.6-1.40.17 (TeX Live 2016/Debian) (preloaded format=pdflatex 2017.10.16)  21 JAN 2018 20:06
entering extended mode
 restricted \write18 enabled.
 %&-line parsing enabled.
**tmp-fapa.tex
(./tmp-fapa.tex
LaTeX2e <2017/01/01> patch level 3
Babel <3.9r> and hyphenation patterns for 32 language(s) loaded.
(/usr/share/texlive/texmf-dist/tex/latex/base/article.cls
Document Class: article 2014/09/29 v1.4h Standard LaTeX document class
(/usr/share/texlive/texmf-dist/tex/latex/base/size10.clo
File: size10.clo 2014/09/29 v1.4h Standard LaTeX file (size option)
)
\c@part=\count79
\c@section=\count80
\c@subsection=\count81
\c@subsubsection=\count82
\c@paragraph=\count83
\c@subparagraph=\count84
\c@figure=\count85
\c@table=\count86
\abovecaptionskip=\skip41
\belowcaptionskip=\skip42
\bibindent=\dimen102
)
(/usr/share/texlive/texmf-dist/tex/latex/base/inputenc.sty
Package: inputenc 2015/03/17 v1.2c Input encoding file
\inpenc@prehook=\toks14
\inpenc@posthook=\toks15

(/usr/share/texlive/texmf-dist/tex/latex/ucs/utf8x.def
File: utf8x.def 2004/10/17 UCS: Input encoding UTF-8
))
(/usr/share/texlive/texmf-dist/tex/latex/ucs/ucs.sty
Package: ucs 2013/05/11 v2.2 UCS: Unicode input support

(/usr/share/texlive/texmf-dist/tex/latex/ucs/data/uni-global.def
File: uni-global.def 2013/05/13 UCS: Unicode global data
)
\uc@secondtry=\count87
\uc@combtoks=\toks16
\uc@combtoksb=\toks17
\uc@temptokena=\toks18
)
(/usr/share/texlive/texmf-dist/tex/generic/babel/babel.sty
Package: babel 2016/04/23 3.9r The Babel package

(/usr/share/texlive/texmf-dist/tex/generic/babel-czech/czech.ldf
Language: czech 2008/07/06 v3.1a Czech support from the babel system

(/usr/share/texlive/texmf-dist/tex/generic/babel/babel.def
File: babel.def 2016/04/23 3.9r Babel common definitions
\babel@savecnt=\count88
\U@D=\dimen103
)
Package babel Info: Making " an active character on input line 172.
\cs@wordlen=\count89
Package babel Info: Making - an active character on input line 226.
))
\@input{headers.aux}
\openout2 = `headers.aux'.

(./headers.tex (/usr/share/texlive/texmf-dist/tex/latex/amscls/amsthm.sty
Package: amsthm 2015/03/04 v2.20.2
\thm@style=\toks19
\thm@bodyfont=\toks20
\thm@headfont=\toks21
\thm@notefont=\toks22
\thm@headpunct=\toks23
\thm@preskip=\skip43
\thm@postskip=\skip44
\thm@headsep=\skip45
\dth@everypar=\toks24
)
(/usr/share/texlive/texmf-dist/tex/latex/amsmath/amsmath.sty
Package: amsmath 2016/11/05 v2.16a AMS math features
\@mathmargin=\skip46

For additional information on amsmath, use the `?' option.
(/usr/share/texlive/texmf-dist/tex/latex/amsmath/amstext.sty
Package: amstext 2000/06/29 v2.01 AMS text

(/usr/share/texlive/texmf-dist/tex/latex/amsmath/amsgen.sty
File: amsgen.sty 1999/11/30 v2.0 generic functions
\@emptytoks=\toks25
\ex@=\dimen104
))
(/usr/share/texlive/texmf-dist/tex/latex/amsmath/amsbsy.sty
Package: amsbsy 1999/11/29 v1.2d Bold Symbols
\pmbraise@=\dimen105
)
(/usr/share/texlive/texmf-dist/tex/latex/amsmath/amsopn.sty
Package: amsopn 2016/03/08 v2.02 operator names
)
\inf@bad=\count90
LaTeX Info: Redefining \frac on input line 213.
\uproot@=\count91
\leftroot@=\count92
LaTeX Info: Redefining \overline on input line 375.
\classnum@=\count93
\DOTSCASE@=\count94
LaTeX Info: Redefining \ldots on input line 472.
LaTeX Info: Redefining \dots on input line 475.
LaTeX Info: Redefining \cdots on input line 596.
\Mathstrutbox@=\box26
\strutbox@=\box27
\big@size=\dimen106
LaTeX Font Info:    Redeclaring font encoding OML on input line 712.
LaTeX Font Info:    Redeclaring font encoding OMS on input line 713.
\macc@depth=\count95
\c@MaxMatrixCols=\count96
\dotsspace@=\muskip10
\c@parentequation=\count97
\dspbrk@lvl=\count98
\tag@help=\toks26
\row@=\count99
\column@=\count100
\maxfields@=\count101
\andhelp@=\toks27
\eqnshift@=\dimen107
\alignsep@=\dimen108
\tagshift@=\dimen109
\tagwidth@=\dimen110
\totwidth@=\dimen111
\lineht@=\dimen112
\@envbody=\toks28
\multlinegap=\skip47
\multlinetaggap=\skip48
\mathdisplay@stack=\toks29
LaTeX Info: Redefining \[ on input line 2817.
LaTeX Info: Redefining \] on input line 2818.
)
(/usr/share/texlive/texmf-dist/tex/latex/amsfonts/amsfonts.sty
Package: amsfonts 2013/01/14 v3.01 Basic AMSFonts support
\symAMSa=\mathgroup4
\symAMSb=\mathgroup5
LaTeX Font Info:    Overwriting math alphabet `\mathfrak' in version `bold'
(Font)                  U/euf/m/n --> U/euf/b/n on input line 106.
)
(/usr/share/texlive/texmf-dist/tex/latex/amsfonts/amssymb.sty
Package: amssymb 2013/01/14 v3.01 AMS font symbols
)
(/usr/share/texlive/texmf-dist/tex/latex/mathtools/mathtools.sty
Package: mathtools 2015/11/12 v1.18 mathematical typesetting tools

(/usr/share/texlive/texmf-dist/tex/latex/graphics/keyval.sty
Package: keyval 2014/10/28 v1.15 key=value parser (DPC)
\KV@toks@=\toks30
)
(/usr/share/texlive/texmf-dist/tex/latex/tools/calc.sty
Package: calc 2014/10/28 v4.3 Infix arithmetic (KKT,FJ)
\calc@Acount=\count102
\calc@Bcount=\count103
\calc@Adimen=\dimen113
\calc@Bdimen=\dimen114
\calc@Askip=\skip49
\calc@Bskip=\skip50
LaTeX Info: Redefining \setlength on input line 80.
LaTeX Info: Redefining \addtolength on input line 81.
\calc@Ccount=\count104
\calc@Cskip=\skip51
)
(/usr/share/texlive/texmf-dist/tex/latex/mathtools/mhsetup.sty
Package: mhsetup 2010/01/21 v1.2a programming setup (MH)
)
LaTeX Info: Thecontrolsequence`\('isalreadyrobust on input line 129.
LaTeX Info: Thecontrolsequence`\)'isalreadyrobust on input line 129.
LaTeX Info: Thecontrolsequence`\['isalreadyrobust on input line 129.
LaTeX Info: Thecontrolsequence`\]'isalreadyrobust on input line 129.
\g_MT_multlinerow_int=\count105
\l_MT_multwidth_dim=\dimen115
\origjot=\skip52
\l_MT_shortvdotswithinadjustabove_dim=\dimen116
\l_MT_shortvdotswithinadjustbelow_dim=\dimen117
\l_MT_above_intertext_sep=\dimen118
\l_MT_below_intertext_sep=\dimen119
\l_MT_above_shortintertext_sep=\dimen120
\l_MT_below_shortintertext_sep=\dimen121
)
(/usr/share/texlive/texmf-dist/tex/latex/cases/cases.sty
Package: cases 2002/05/02 ver 2.5 
)
(/usr/share/texlive/texmf-dist/tex/latex/multirow/multirow.sty
Package: multirow 2016/11/25 v2.2 Span multiple rows of a table
\multirow@colwidth=\skip53
\multirow@cntb=\count106
\multirow@dima=\skip54
\bigstrutjot=\dimen122
)
(/usr/share/texlive/texmf-dist/tex/latex/showlabels/showlabels.sty
Package: showlabels 2016/06/09 v1.8

Package: `showlabels' v1.8 <2016/06/09>
with amsmath equation tags
\SL@labelposition=\count107
) (/usr/share/texlive/texmf-dist/tex/latex/caption/subcaption.sty
Package: subcaption 2016/05/22 v1.1-161 Sub-captions (AR)

(/usr/share/texlive/texmf-dist/tex/latex/caption/caption.sty
Package: caption 2016/02/21 v3.3-144 Customizing captions (AR)

(/usr/share/texlive/texmf-dist/tex/latex/caption/caption3.sty
Package: caption3 2016/05/22 v1.7-166 caption3 kernel (AR)
Package caption3 Info: TeX engine: e-TeX on input line 67.
\captionmargin=\dimen123
\captionmargin@=\dimen124
\captionwidth=\dimen125
\caption@tempdima=\dimen126
\caption@indent=\dimen127
\caption@parindent=\dimen128
\caption@hangindent=\dimen129
)
\c@ContinuedFloat=\count108
)
\c@subfigure=\count109
\c@subtable=\count110
)
(/usr/share/texlive/texmf-dist/tex/latex/lineno/lineno.sty
Package: lineno 2005/11/02 line numbers on paragraphs v4.41
\linenopenalty=\count111
\output=\toks31
\linenoprevgraf=\count112
\linenumbersep=\dimen130
\linenumberwidth=\dimen131
\c@linenumber=\count113
\c@pagewiselinenumber=\count114
\c@LN@truepage=\count115
\c@internallinenumber=\count116
\c@internallinenumbers=\count117
\quotelinenumbersep=\dimen132
\bframerule=\dimen133
\bframesep=\dimen134
\bframebox=\box28
LaTeX Info: Redefining \\ on input line 3056.
)
\c@definition=\count118
\c@theorem=\count119
\c@note=\count120
\c@example=\count121
) (./tmp-fapa.aux)
\openout1 = `tmp-fapa.aux'.

LaTeX Font Info:    Checking defaults for OML/cmm/m/it on input line 12.
LaTeX Font Info:    ... okay on input line 12.
LaTeX Font Info:    Checking defaults for T1/cmr/m/n on input line 12.
LaTeX Font Info:    ... okay on input line 12.
LaTeX Font Info:    Checking defaults for OT1/cmr/m/n on input line 12.
LaTeX Font Info:    ... okay on input line 12.
LaTeX Font Info:    Checking defaults for OMS/cmsy/m/n on input line 12.
LaTeX Font Info:    ... okay on input line 12.
LaTeX Font Info:    Checking defaults for OMX/cmex/m/n on input line 12.
LaTeX Font Info:    ... okay on input line 12.
LaTeX Font Info:    Checking defaults for U/cmr/m/n on input line 12.
LaTeX Font Info:    ... okay on input line 12.

(/usr/share/texlive/texmf-dist/tex/latex/ucs/ucsencs.def
File: ucsencs.def 2011/01/21 Fixes to fontencodings LGR, T3
)
(/usr/share/texlive/texmf-dist/tex/latex/graphics/graphicx.sty
Package: graphicx 2014/10/28 v1.0g Enhanced LaTeX Graphics (DPC,SPQR)

(/usr/share/texlive/texmf-dist/tex/latex/graphics/graphics.sty
Package: graphics 2016/10/09 v1.0u Standard LaTeX Graphics (DPC,SPQR)

(/usr/share/texlive/texmf-dist/tex/latex/graphics/trig.sty
Package: trig 2016/01/03 v1.10 sin cos tan (DPC)
)
(/usr/share/texlive/texmf-dist/tex/latex/graphics-cfg/graphics.cfg
File: graphics.cfg 2016/06/04 v1.11 sample graphics configuration
)
Package graphics Info: Driver file: pdftex.def on input line 99.

(/usr/share/texlive/texmf-dist/tex/latex/graphics-def/pdftex.def
File: pdftex.def 2017/01/12 v0.06k Graphics/color for pdfTeX

(/usr/share/texlive/texmf-dist/tex/generic/oberdiek/infwarerr.sty
Package: infwarerr 2016/05/16 v1.4 Providing info/warning/error messages (HO)
)
(/usr/share/texlive/texmf-dist/tex/generic/oberdiek/ltxcmds.sty
Package: ltxcmds 2016/05/16 v1.23 LaTeX kernel commands for general use (HO)
)
\Gread@gobject=\count122

(/usr/share/texlive/texmf-dist/tex/context/base/mkii/supp-pdf.mkii
[Loading MPS to PDF converter (version 2006.09.02).]
\scratchcounter=\count123
\scratchdimen=\dimen135
\scratchbox=\box29
\nofMPsegments=\count124
\nofMParguments=\count125
\everyMPshowfont=\toks32
\MPscratchCnt=\count126
\MPscratchDim=\dimen136
\MPnumerator=\count127
\makeMPintoPDFobject=\count128
\everyMPtoPDFconversion=\toks33
))) (/usr/share/texlive/texmf-dist/tex/generic/oberdiek/pdftexcmds.sty
Package: pdftexcmds 2016/05/21 v0.22 Utility functions of pdfTeX for LuaTeX (HO
)

(/usr/share/texlive/texmf-dist/tex/generic/oberdiek/ifluatex.sty
Package: ifluatex 2016/05/16 v1.4 Provides the ifluatex switch (HO)
Package ifluatex Info: LuaTeX not detected.
)
(/usr/share/texlive/texmf-dist/tex/generic/oberdiek/ifpdf.sty
Package: ifpdf 2016/05/14 v3.1 Provides the ifpdf switch
)
Package pdftexcmds Info: LuaTeX not detected.
Package pdftexcmds Info: \pdf@primitive is available.
Package pdftexcmds Info: \pdf@ifprimitive is available.
Package pdftexcmds Info: \pdfdraftmode found.
)
(/usr/share/texlive/texmf-dist/tex/latex/oberdiek/epstopdf-base.sty
Package: epstopdf-base 2016/05/15 v2.6 Base part for package epstopdf

(/usr/share/texlive/texmf-dist/tex/latex/oberdiek/grfext.sty
Package: grfext 2016/05/16 v1.2 Manage graphics extensions (HO)

(/usr/share/texlive/texmf-dist/tex/generic/oberdiek/kvdefinekeys.sty
Package: kvdefinekeys 2016/05/16 v1.4 Define keys (HO)
))
(/usr/share/texlive/texmf-dist/tex/latex/oberdiek/kvoptions.sty
Package: kvoptions 2016/05/16 v3.12 Key value format for package options (HO)

(/usr/share/texlive/texmf-dist/tex/generic/oberdiek/kvsetkeys.sty
Package: kvsetkeys 2016/05/16 v1.17 Key value parser (HO)

(/usr/share/texlive/texmf-dist/tex/generic/oberdiek/etexcmds.sty
Package: etexcmds 2016/05/16 v1.6 Avoid name clashes with e-TeX commands (HO)
Package etexcmds Info: Could not find \expanded.
(etexcmds)             That can mean that you are not using pdfTeX 1.50 or
(etexcmds)             that some package has redefined \expanded.
(etexcmds)             In the latter case, load this package earlier.
)))
Package epstopdf-base Info: Redefining graphics rule for `.eps' on input line 4
38.
Package grfext Info: Graphics extension search list:
(grfext)             [.png,.pdf,.jpg,.mps,.jpeg,.jbig2,.jb2,.PNG,.PDF,.JPG,.JPE
G,.JBIG2,.JB2,.eps]
(grfext)             \AppendGraphicsExtensions on input line 456.

(/usr/share/texlive/texmf-dist/tex/latex/latexconfig/epstopdf-sys.cfg
File: epstopdf-sys.cfg 2010/07/13 v1.3 Configuration of (r)epstopdf for TeX Liv
e
))
\Gin@req@height=\dimen137
\Gin@req@width=\dimen138
)
Package caption Info: Begin \AtBeginDocument code.
Package caption Info: End \AtBeginDocument code.

(/usr/share/texlive/texmf-dist/tex/latex/ucs/data/uni-1.def
File: uni-1.def 2013/05/13 UCS: Unicode data U+0100..U+01FF
)
(/usr/share/texlive/texmf-dist/tex/latex/ucs/data/uni-0.def
File: uni-0.def 2013/05/13 UCS: Unicode data U+0000..U+00FF
)
LaTeX Font Info:    Try loading font information for U+msa on input line 14.

(/usr/share/texlive/texmf-dist/tex/latex/amsfonts/umsa.fd
File: umsa.fd 2013/01/14 v3.01 AMS symbols A
)
LaTeX Font Info:    Try loading font information for U+msb on input line 14.

(/usr/share/texlive/texmf-dist/tex/latex/amsfonts/umsb.fd
File: umsb.fd 2013/01/14 v3.01 AMS symbols B
) (./tmp-fapa.toc
[1



{/var/lib/texmf/fonts/map/pdftex/updmap/pdftex.map}] [2])
\tf@toc=\write3
\openout3 = `tmp-fapa.toc'.

 [3]

LaTeX Warning: Citation `AstGonMenGar-FuzzAutEpsMovCmpFuzzMeasBtwStrs' on page 
4 undefined on input line 27.


Overfull \hbox (2.70894pt too wide) in paragraph at lines 27--28
[]\OT1/cmr/m/n/10 Fuzzy mno^^Tziny a re-lace bu-dou po vzoru [[]] nej^^Tcast^^T
eji mal^^Symi ^^Treck^^Symi p^^S^^Psmeny
 []


LaTeX Warning: Citation `Koz-AutComp' on page 4 undefined on input line 31.

[4]

LaTeX Warning: Citation `RuaKer-FuzIfTheRulComI' on page 5 undefined on input l
ine 79.

LaTeX Font Info:    Try loading font information for OMS+cmr on input line 93.
(/usr/share/texlive/texmf-dist/tex/latex/base/omscmr.fd
File: omscmr.fd 2014/09/29 v2.5h Standard LaTeX font definitions
)
LaTeX Font Info:    Font shape `OMS/cmr/m/it' in size <10> not available
(Font)              Font shape `OMS/cmsy/m/n' tried instead on input line 93.
 [5]

LaTeX Warning: Citation `HopUl-IntrAutTheLangComp' on page 6 undefined on input
 line 138.


LaTeX Warning: Citation `GonGar-FuzzLangInfRanAccGuzzAutPumLemDetProc' on page 
6 undefined on input line 138.


LaTeX Warning: Citation `MorMal-FuzzyAutLang' on page 6 undefined on input line
 146.

[6]
Overfull \hbox (6.2585pt too wide) in paragraph at lines 160--161
[]\OT1/cmr/m/n/10 Nyn^^S^^P m^^Same zn^^Samu obec-nou p^^Tredstavu, jak by m^^T
el au-to-mat vy-pa-dat. N^^Sasleduje
 []

LaTeX Font Info:    Try loading font information for OMS+cmtt on input line 168
.
LaTeX Font Info:    No file OMScmtt.fd. on input line 168.

LaTeX Font Warning: Font shape `OMS/cmtt/m/n' undefined
(Font)              using `OMS/cmsy/m/n' instead
(Font)              for symbol `textbraceleft' on input line 168.

[7]
Overfull \hbox (1.22408pt too wide) in paragraph at lines 192--193
\OT1/cmr/m/n/10 Stejn^^Te tak, jak fuzzy mno^^Tziny jsou zo-becn^^Ten^^S^^Pm kl
a-sick^^Sych []bi-va-lentn^^S^^Pch\ mno^^Tzin,
 []


LaTeX Warning: Citation `AndAbdAsm-ApprPattMatcFuzzLog' on page 8 undefined on 
input line 194.


LaTeX Warning: Citation `SnaKepAbrHas-AproxStriMatchFuzzAut' on page 8 undefine
d on input line 194.


LaTeX Warning: Citation `StaCir-ConsFuzzAutFuzzRegExp' on page 8 undefined on i
nput line 194.


LaTeX Warning: Citation `AstGariGonVillFar-ApprStrMatUsiDefFuzzAutLearExpr' on 
page 8 undefined on input line 194.


LaTeX Warning: Citation `Bel-DetAndFuzzAut' on page 8 undefined on input line 1
94.


LaTeX Warning: Citation `GonGar-FuzzLangInfRanAccGuzzAutPumLemDetProc' on page 
8 undefined on input line 194.


Overfull \hbox (14.03407pt too wide) in paragraph at lines 194--196
\OT1/cmr/m/n/10 kone^^Tcn^^Se bi-va-lentn^^S^^P mno^^Tziny. U p^^Trechodov^^Se 
funkce na-o-pak o^^Tcek^^Sav^^Same ostup^^Tnovanost
 []


LaTeX Warning: Citation `DooKre-NewDirFuzzAut' on page 8 undefined on input lin
e 202.


Overfull \hbox (0.45172pt too wide) in paragraph at lines 202--203
\OT1/cmr/m/n/10 Nedeterministick^^Se fuzzy au-to-maty se ty-picky re-pre-zen-tu
j^^S^^P t^^Tremi zp^^Wusoby. Prvn^^S^^Pm
 []

[8]

LaTeX Warning: Citation `SnaKepAbrHas-AproxStriMatchFuzzAut' on page 9 undefine
d on input line 206.


LaTeX Warning: Citation `StaCir-ConsFuzzAutFuzzRegExp' on page 9 undefined on i
nput line 206.


Overfull \hbox (2.70155pt too wide) in paragraph at lines 206--207
\OMS/cmsy/m/n/10 f\OML/cmm/m/it/10 q[]; [] q[]\OMS/cmsy/m/n/10 g$\OT1/cmr/m/n/1
0 . D^^Sale, p^^Trechodovou funkci $\OML/cmm/m/it/10 ^^V$ \OT1/cmr/m/n/10 rozlo
^^Tzme na sou-bor funkc^^S^^P $\OML/cmm/m/it/10 ^^V[]$ \OT1/cmr/m/n/10 pro v^^T
sechny
 []


LaTeX Warning: Citation `DooKre-NewDirFuzzAut' on page 9 undefined on input lin
e 208.


LaTeX Warning: Citation `GonGar-FuzzLangInfRanAccGuzzAutPumLemDetProc' on page 
9 undefined on input line 208.


LaTeX Warning: Citation `StaCir-ConsFuzzAutFuzzRegExp' on page 9 undefined on i
nput line 208.

LaTeX Font Info:    Font shape `OMS/cmr/m/n' in size <10> not available
(Font)              Font shape `OMS/cmsy/m/n' tried instead on input line 210.
[9]
Overfull \hbox (15.8483pt too wide) in paragraph at lines 256--257
\OT1/cmr/m/it/10 min-si-tick^^Sy fuzzy au-to-mat $\OML/cmm/m/it/10 A$\OT1/cmr/m
/it/10 . Ka^^Tzdou po-sloup-nost kon-fi-gu-rac^^S^^P $\OT1/cmr/m/n/10 (\OML/cmm
/m/it/10 w[]; []\OT1/cmr/m/n/10 )\OML/cmm/m/it/10 ; [] ; \OT1/cmr/m/n/10 (\OML/
cmm/m/it/10 w[]; []\OT1/cmr/m/n/10 )$
 []


LaTeX Warning: Citation `IgnCirBog-DetFuzAutMemValComResLat' on page 10 undefin
ed on input line 264.


LaTeX Warning: Citation `SebJoh-InvFuzzAutInvFuzzLang' on page 10 undefined on 
input line 296.


LaTeX Warning: Citation `IgnCirBog-DetFuzAutMemValComResLat' on page 10 undefin
ed on input line 296.


LaTeX Warning: Citation `Bel-DetFuzAut' on page 10 undefined on input line 296.



Overfull \hbox (18.13712pt too wide) in paragraph at lines 296--297
\OT1/cmr/bx/n/10 Pozn^^Samka 2.2. \OT1/cmr/m/it/10 V li-te-ratu^^Tre (nap^^Tr. 
[[]] [[]] [[]]) se ob-vykle lze se-tkat s []techni^^Tct^^Tej^^Ts^^S^^Pm\
 []

[10]
Overfull \hbox (10.63051pt too wide) in paragraph at lines 331--332
\OT1/cmr/m/it/10 fuzzy au-to-mat $\OML/cmm/m/it/10 A$\OT1/cmr/m/it/10 . Pak fuz
zy mno^^Tzinu $\OML/cmm/m/it/10 L\OT1/cmr/m/n/10 (\OML/cmm/m/it/10 A\OT1/cmr/m/
n/10 )(\OML/cmm/m/it/10 w\OT1/cmr/m/n/10 ) = \OML/cmm/m/it/10 A\OT1/cmr/m/n/10 
(\OML/cmm/m/it/10 w\OT1/cmr/m/n/10 )$ \OT1/cmr/m/it/10 nad uni-ver-zem $\OT1/cm
r/m/n/10 ^^F[]$ \OT1/cmr/m/it/10 naz^^Syv^^Same
 []


LaTeX Warning: Citation `DooKre-NewDirFuzzAut' on page 11 undefined on input li
ne 343.


LaTeX Warning: Citation `San-MaxAut' on page 11 undefined on input line 343.


LaTeX Warning: Citation `BlaDelPeg-FuzzAutIndUsNeuNet' on page 11 undefined on 
input line 347.


LaTeX Warning: Citation `PedGac-LeaFuzzAut' on page 11 undefined on input line 
347.


LaTeX Warning: Citation `BlaDelPeg-FuzzGraIntUsiNeuNet' on page 11 undefined on
 input line 347.


LaTeX Warning: Citation `CheMo-MinAlgFuzFinAut' on page 11 undefined on input l
ine 347.


LaTeX Warning: Citation `ThoMar-DetAccRegFuzLang' on page 11 undefined on input
 line 347.


Overfull \hbox (17.70515pt too wide) in paragraph at lines 347--348
\OT1/cmr/m/n/10 Nap^^Tr. zde: [[]]. Zde [[]][[]][[]][[]] je bez kon-cov^^Sych  
\OT1/cmr/m/it/9 (zde bude do-pln^^Teno:  i []a po^^Tc^^Sate^^Tcn^^S^^Pch\?)
 []


LaTeX Warning: Citation `Qiu-ChaFuzFinAut' on page 11 undefined on input line 3
50.

[11]

LaTeX Warning: Citation `SnaKepAbrHas-AproxStriMatchFuzzAut' on page 12 undefin
ed on input line 354.


LaTeX Warning: Citation `LiLiLi-RelAmoSevTypFuzAut' on page 12 undefined on inp
ut line 354.


LaTeX Warning: Citation `Bel-DetFuzAut' on page 12 undefined on input line 359.



LaTeX Warning: Citation `LiLiLi-RelAmoSevTypFuzAut' on page 12 undefined on inp
ut line 359.


LaTeX Warning: Citation `GonGar-FuzzLangInfRanAccGuzzAutPumLemDetProc' on page 
12 undefined on input line 361.


LaTeX Warning: Citation `BucPas-FuzPusAut' on page 12 undefined on input line 3
68.


LaTeX Warning: Citation `Com+-TreeAutTecApp' on page 12 undefined on input line
 380.


LaTeX Warning: Citation `Hua-SyntPattRecSeisOilExp' on page 12 undefined on inp
ut line 380.


LaTeX Warning: Citation `Bez+-FuzModAlgPatRecImProc' on page 12 undefined on in
put line 380.


LaTeX Warning: Citation `Lee-FuzTreAutSynPatRec' on page 12 undefined on input 
line 380.


LaTeX Warning: Citation `MogZadAme-NewDirInFuzzTreeAut' on page 12 undefined on
 input line 380.


LaTeX Warning: Citation `ChaJos-NoteFuzzTreeAut' on page 12 undefined on input 
line 380.


LaTeX Warning: Citation `EsiLiu-FuzzTreeAut' on page 12 undefined on input line
 380.


LaTeX Warning: Citation `MorMal-FuzzyAutLang' on page 12 undefined on input lin
e 380.


LaTeX Warning: Citation `MorMal-FuzzyAutLang' on page 12 undefined on input lin
e 380.


Overfull \hbox (1.59074pt too wide) in paragraph at lines 384--385
[]\OT1/cmr/m/n/10 N^^Sasleduj^^S^^Pc^^S^^P dv^^Te pod-ka-pi-toly bu-dou do-prov
^^Sazeny p^^Tr^^S^^Pklady. Pro vy^^Ts^^Ts^^S^^P n^^Sazornost
 []


Overfull \hbox (1.28519pt too wide) in paragraph at lines 384--385
\OT1/cmr/m/n/10 se bu-dou p^^Tr^^S^^Pklady v^^Tzdy t^^Sykat syn-taxe jed-no-duc
h^^Seho al-ge-braick^^Seho kal-kulu. Tento
 []


Overfull \hbox (0.73538pt too wide) in paragraph at lines 384--385
\OT1/cmr/m/n/10 kal-kul bude dis-po-no-vat dv^^Tema prom^^Tenn^^Symi, $\OML/cmm
/m/it/10 x$ \OT1/cmr/m/n/10 a $\OML/cmm/m/it/10 y$\OT1/cmr/m/n/10 . D^^Sale pak
 un^^Sarn^^S^^Pm oper^^Satorem
 []

[12]
File: trees0.mps Graphic file (type mps)
 [MP to PDF] (./trees0.mps)
File: trees1.mps Graphic file (type mps)
 [MP to PDF] (./trees1.mps)
File: trees2.mps Graphic file (type mps)
 [MP to PDF]
(./trees2.mps) [13] [14]
Overfull \hbox (31.39072pt too wide) in paragraph at lines 501--502
[]\OT1/cmr/m/n/10 M^^Same tedy prok^^Sazano, ^^Tze mezi pseu-do-termy a stromy 
plat^^S^^P vz^^Sajemn^^Sa p^^Trevoditelnost.
 []


Overfull \hbox (9.7514pt too wide) in paragraph at lines 514--515
\OT1/cmr/bx/n/10 Definice 4.6 \OT1/cmr/m/n/10 (Fuzzy tree au-to-mat)\OT1/cmr/bx
/n/10 . \OT1/cmr/m/it/10 Fuzzy tree au-to-mat $\temp A$ \OT1/cmr/m/it/10 je p^^
Tetice $\OT1/cmr/m/n/10 (\temp Q; T; N; ^^V; F\OT1/cmr/m/n/10 )$\OT1/cmr/m/it/1
0 ,
 []


Overfull \hbox (3.7507pt too wide) in paragraph at lines 575--576
[]\OT1/cmr/m/n/10 Na p^^Trechodovou funkci se m^^Wu^^Tzeme tak^^Se pod^^S^^Pvat
 po-hle-dem syn-tak-tick^^Se anal^^Syzy
 []

[15]
Overfull \hbox (1.66646pt too wide) in paragraph at lines 578--579
\OT1/cmr/m/it/10 nujme fuzzy p^^Trechodovou funkci strom^^Wu jako zob-ra-zen^^S
^^P $\temp ^^V[] \OT1/cmr/m/n/10 : \temp Q \OMS/cmsy/m/n/10 ! \OT1/cmr/m/n/10 [
0\temp ; \OT1/cmr/m/n/10 1]$ \OT1/cmr/m/it/10 n^^Sasledovn^^Te: 
 []


LaTeX Warning: Citation `MorMal-FuzzyLangThe' on page 16 undefined on input lin
e 624.

[16]
Overfull \hbox (5.10173pt too wide) in paragraph at lines 630--631
\OT1/cmr/bx/n/10 Definice 4.9 \OT1/cmr/m/n/10 (Au-to-mat roz-pozn^^Savaj^^S^^Pc
^^S^^P strom)\OT1/cmr/bx/n/10 . \OT1/cmr/m/it/10 M^^Tejme strom $\temp t \OMS/c
msy/m/n/10 2 \temp D[]$ \OT1/cmr/m/it/10 ([]vzor\)
 []


Overfull \hbox (4.83513pt too wide) in paragraph at lines 644--645
\OT1/cmr/m/n/10 Bun^^Te^^Tcn^^Se (fuzzy) au-to-maty jsou dal^^Ts^^S^^P z v^^Syp
o^^Tcetn^^S^^Pch mo-del^^Wu, kter^^Se se svoj^^S^^P z^^Sakladn^^S^^P
 []


Overfull \hbox (1.5353pt too wide) in paragraph at lines 644--645
\OT1/cmr/m/n/10 my^^Tslenkou po-do-baj^^S^^P (fuzzy) au-to-mat^^Wum. Oproti []k
la-sick^^Sym\ (fuzzy) au-to-mat^^Wum
 []


LaTeX Warning: Citation `Wol-NewKinSci' on page 17 undefined on input line 648.



LaTeX Warning: Citation `Wol-NewKiSci' on page 17 undefined on input line 650.


LaTeX Warning: Citation `Wol-CelAut' on page 17 undefined on input line 650.


LaTeX Warning: Citation `BatXie-CellCity' on page 17 undefined on input line 65
0.


LaTeX Warning: Citation `Wu-ExpGenPolUrbGroCelAutCit' on page 17 undefined on i
nput line 652.


LaTeX Warning: Citation `For-FuzCelAutConjNormForm' on page 17 undefined on inp
ut line 652.


Overfull \hbox (5.7228pt too wide) in paragraph at lines 650--653
\OT1/cmr/m/n/10 Tak^^Se se ^^Tcasto krom^^Te kla-sick^^Se ^^Tctvercov^^Se m^^Tr
^^S^^P^^Tzky pra-cuje s s m^^Tr^^S^^P^^Tzkou troj^^Suheln^^S^^Pkovou
 []


Overfull \hbox (0.22368pt too wide) in paragraph at lines 659--660
\OT1/cmr/bx/n/10 Definice 4.10 \OT1/cmr/m/n/10 (Bi-va-lentn^^S^^P bun^^Te^^Tcn^
^Sy au-to-mat)\OT1/cmr/bx/n/10 . \OT1/cmr/m/it/10 Pro p^^Trirozen^^Se ^^Tc^^S^^
Pslo $\temp m$ \OT1/cmr/m/it/10 a kone^^Tcnou
 []

[17]
Overfull \hbox (21.51707pt too wide) in paragraph at lines 663--665
\OT1/cmr/bx/n/10 Pozn^^Samka 4.2. \OT1/cmr/m/it/10 Bun^^Te^^Tcn^^Sy au-to-mat s
e ob-vykle de-fi-nuje jen p^^Tredpisem pro p^^Trechodovou
 []


LaTeX Warning: Citation `TofMar-CelAuMach+' on page 18 undefined on input line 
687.


Overfull \hbox (1.26366pt too wide) in paragraph at lines 687--688
\OT1/cmr/bx/n/10 P^^Tr^^S^^Pklad 4.6. \OT1/cmr/m/it/10 Ty-pick^^Sym p^^Tr^^S^^P
kladem bun^^Te^^Tcn^^Seho au-to-matu je tzv. Hra ^^Tzivota (Game
 []

[18]
Overfull \hbox (1.34663pt too wide) in paragraph at lines 755--756
\OT1/cmr/bx/n/10 P^^Tr^^S^^Pklad 4.7. \OT1/cmr/m/it/10 Uk^^Sazka v^^Sypo^^Tctu 
au-to-matu $\temp A[]\OT1/cmr/m/n/10 00$ \OT1/cmr/m/it/10 re-a-li-zuj^^S^^Pc^^S
^^P Hru ^^Tzivota je na obr^^Sazku
 []


LaTeX Warning: No positions in optional float specifier.
               Default added (so using `tbp') on input line 758.

Package epstopdf Info: Source file: <game-of-life-1.eps>
(epstopdf)                    date: 2017-08-21 21:01:42
(epstopdf)                    size: 134831 bytes
(epstopdf)             Output file: <game-of-life-1-eps-converted-to.pdf>
(epstopdf)                    date: 2017-08-21 21:03:57
(epstopdf)                    size: 23674 bytes
(epstopdf)             Command: <repstopdf --outfile=game-of-life-1-eps-convert
ed-to.pdf game-of-life-1.eps>
(epstopdf)             \includegraphics on input line 761.
Package epstopdf Info: Output file is already uptodate.
<game-of-life-1-eps-converted-to.pdf, id=89, 80.3pt x 81.30376pt>
File: game-of-life-1-eps-converted-to.pdf Graphic file (type pdf)

<use game-of-life-1-eps-converted-to.pdf>
Package pdftex.def Info: game-of-life-1-eps-converted-to.pdf used on input line
 761.
(pdftex.def)             Requested size: 124.19725pt x 125.754pt.
Package epstopdf Info: Source file: <game-of-life-2.eps>
(epstopdf)                    date: 2017-08-21 21:02:01
(epstopdf)                    size: 109721 bytes
(epstopdf)             Output file: <game-of-life-2-eps-converted-to.pdf>
(epstopdf)                    date: 2017-08-21 21:03:57
(epstopdf)                    size: 20410 bytes
(epstopdf)             Command: <repstopdf --outfile=game-of-life-2-eps-convert
ed-to.pdf game-of-life-2.eps>
(epstopdf)             \includegraphics on input line 766.
Package epstopdf Info: Output file is already uptodate.

<game-of-life-2-eps-converted-to.pdf, id=90, 80.3pt x 81.30376pt>
File: game-of-life-2-eps-converted-to.pdf Graphic file (type pdf)

<use game-of-life-2-eps-converted-to.pdf>
Package pdftex.def Info: game-of-life-2-eps-converted-to.pdf used on input line
 766.
(pdftex.def)             Requested size: 124.19725pt x 125.754pt.
Package epstopdf Info: Source file: <game-of-life-3.eps>
(epstopdf)                    date: 2017-08-21 21:02:23
(epstopdf)                    size: 103820 bytes
(epstopdf)             Output file: <game-of-life-3-eps-converted-to.pdf>
(epstopdf)                    date: 2017-08-21 21:03:58
(epstopdf)                    size: 19460 bytes
(epstopdf)             Command: <repstopdf --outfile=game-of-life-3-eps-convert
ed-to.pdf game-of-life-3.eps>
(epstopdf)             \includegraphics on input line 771.
Package epstopdf Info: Output file is already uptodate.

<game-of-life-3-eps-converted-to.pdf, id=91, 80.3pt x 81.30376pt>
File: game-of-life-3-eps-converted-to.pdf Graphic file (type pdf)

<use game-of-life-3-eps-converted-to.pdf>
Package pdftex.def Info: game-of-life-3-eps-converted-to.pdf used on input line
 771.
(pdftex.def)             Requested size: 124.19725pt x 125.754pt.
Package epstopdf Info: Source file: <game-of-life-4.eps>
(epstopdf)                    date: 2017-08-21 21:02:35
(epstopdf)                    size: 53636 bytes
(epstopdf)             Output file: <game-of-life-4-eps-converted-to.pdf>
(epstopdf)                    date: 2017-08-21 21:03:58
(epstopdf)                    size: 11799 bytes
(epstopdf)             Command: <repstopdf --outfile=game-of-life-4-eps-convert
ed-to.pdf game-of-life-4.eps>
(epstopdf)             \includegraphics on input line 776.
Package epstopdf Info: Output file is already uptodate.

<game-of-life-4-eps-converted-to.pdf, id=92, 80.3pt x 81.30376pt>
File: game-of-life-4-eps-converted-to.pdf Graphic file (type pdf)

<use game-of-life-4-eps-converted-to.pdf>
Package pdftex.def Info: game-of-life-4-eps-converted-to.pdf used on input line
 776.
(pdftex.def)             Requested size: 124.19725pt x 125.754pt.
 [19] [20 <./game-of-life-1-eps-converted-to.pdf> <./game-of-life-2-eps-convert
ed-to.pdf> <./game-of-life-3-eps-converted-to.pdf> <./game-of-life-4-eps-conver
ted-to.pdf>]
Overfull \hbox (1.22408pt too wide) in paragraph at lines 787--788
\OT1/cmr/m/n/10 au-to-matu, []od-stup^^Tnov^^San^^S^^P\ p^^Trechodov^^Se funkce
 (za-vedn^^S^^P fuzzy p^^Trechodov^^Se funkce)
 []


Overfull \hbox (2.91849pt too wide) in paragraph at lines 789--790
[]\OT1/cmr/m/n/10 Trivi^^Saln^^S^^P zp^^Wusob, jak zav^^Sest bun^^Te^^Tcn^^Sy f
uzzy au-to-mat je jako bi-va-lentn^^S^^P bun^^Te^^Tcn^^Sy
 []


Overfull \hbox (15.80621pt too wide) in paragraph at lines 815--816
\OT1/cmr/m/n/10 Strojov^^Se u^^Tcen^^S^^P je tech-nika pro p^^Tribli^^Tzn^^Se ^
^Tre^^Tsen^^S^^P kom-pli-ko-van^^Sych ^^Tci slo^^Tzit^^Sych probl^^Sem^^Wu.
 []


Overfull \hbox (1.28079pt too wide) in paragraph at lines 815--816
\OT1/cmr/m/n/10 Spo^^Tc^^S^^Pv^^Sa v tom, ^^Tze nam^^S^^Psto p^^Tr^^S^^Pm^^Seho
 hled^^San^^S^^P al-go-ritmu, kter^^Sy po^^Tzadovan^^Sy probl^^Sem
 []

[21]
Overfull \hbox (2.83514pt too wide) in paragraph at lines 819--820
[]\OT1/cmr/m/n/10 Na dru-hou stranu, s pou^^Tzit^^S^^Pm fuzzy ^^Tci pravd^^Tepo
dobnostn^^S^^Pho p^^Tr^^S^^Pstupu m^^Wu^^Tzeme
 []


LaTeX Warning: Citation `FieRus-HanNeuCom' on page 22 undefined on input line 8
27.

[22]
Overfull \hbox (41.92798pt too wide) in paragraph at lines 857--858
\OT1/cmr/bx/n/10 Definice 4.16 \OT1/cmr/m/n/10 (Neu-ro-nov^^Sa s^^S^^Pt[])\OT1/
cmr/bx/n/10 . \OT1/cmr/m/it/10 Jako neu-ro-no-vou s^^S^^Pt[] ozna^^Tcme struk-t
uru $\OT1/cmr/m/n/10 (\temp X; S; N; I; O; o\OT1/cmr/m/n/10 )$\OT1/cmr/m/it/10 
,
 []


Overfull \hbox (0.70143pt too wide) in paragraph at lines 864--866
\OT1/cmr/m/it/10 kde $\temp k \OMS/cmsy/m/n/10 ^^U \OT1/cmr/m/n/10 1$\OT1/cmr/m
/it/10 , pak se s^^S^^Pt[] naz^^Syv^^Sa re-ku-rentn^^S^^P. V opa^^Tcn^^Sem p^^T
r^^S^^Ppad^^Te se naz^^Syv^^Sa p^^Tr^^S^^Pmo^^Tcar^^Sa. 
 []


Overfull \hbox (2.04333pt too wide) in paragraph at lines 869--870
\temp y[]$\OT1/cmr/m/it/10 , $\temp o\OT1/cmr/m/n/10 (\temp s[]\OT1/cmr/m/n/10 
) = \temp y[]$\OT1/cmr/m/it/10 . Pak pro mno^^Tzinu $\temp N \OT1/cmr/m/n/10 = 
\OMS/cmsy/m/n/10 f\temp s[]; s[]; s[]; s[]; s[]; s[]\OMS/cmsy/m/n/10 g$ \OT1/cm
r/m/it/10 McCulloch-Pittsov^^Sych
 []

File: neurals0.mps Graphic file (type mps)
[MP to PDF] (./neurals0.mps) [23]

LaTeX Warning: Citation `DarAhmSin-AppFuzzAutTheKnBsNeuNetDevBasLeaMod' on page
 24 undefined on input line 897.


LaTeX Warning: Citation `OmlThoGil-FuzzFinStaAutCanDetEncIntRecNeuNet' on page 
24 undefined on input line 897.


LaTeX Warning: Citation `BlaDelPeg-FuzzAutIndUsNeuNet' on page 24 undefined on 
input line 897.


LaTeX Warning: Citation `GilOmlTho-EquKnoRep+' on page 24 undefined on input li
ne 897.


LaTeX Warning: Citation `OmlThoGil-RepFuzFinStaAuConRecNeuNet' on page 24 undef
ined on input line 897.


LaTeX Warning: Citation `UnaKha-FuzDFinStaMachImpBasNeuFuzSys' on page 24 undef
ined on input line 897.


LaTeX Warning: Citation `PedGac-LeaFuzzAut' on page 24 undefined on input line 
897.


LaTeX Warning: Citation `BlaDelPeg-FuzzAutIndUsNeuNet' on page 24 undefined on 
input line 903.


Overfull \hbox (120.62003pt too wide) detected at line 912
[]
 []


LaTeX Warning: Citation `BlaDelFlo-MethIndFuzzAutUsNeuNet' on page 24 undefined
 on input line 915.


LaTeX Warning: Citation `BlaDelPeg-FuzzGraIntUsiNeuNet' on page 24 undefined on
 input line 915.

[24]

LaTeX Warning: Citation `BlaDelFlo-MethIndFuzzAutUsNeuNet' on page 25 undefined
 on input line 917.


LaTeX Warning: Citation `FuLi-ForLeaAutAutGam' on page 25 undefined on input li
ne 925.


LaTeX Warning: Citation `WeeFu-FormFuzAutAppModLeaSys' on page 25 undefined on 
input line 925.


LaTeX Warning: Citation `GilOmlTho-EquKnoRep+' on page 25 undefined on input li
ne 925.


LaTeX Warning: Citation `TzaRig-StaAnaAdaFuzzConSysUsiPetrNetLeaAut' on page 25
 undefined on input line 925.


LaTeX Warning: Citation `PatMor-EdgDetTecFuzzLogCEllLeaAutFuzzImPro' on page 25
 undefined on input line 925.


LaTeX Warning: Citation `MarMeySol-HybMetGasDifModFuzCelAutImSha' on page 25 un
defined on input line 925.


LaTeX Warning: Citation `SinGha+HybrEdgDetMetFuzSetTheCelLeaAut' on page 25 und
efined on input line 925.


LaTeX Warning: Citation `AstGariGonVillFar-ApprStrMatUsiDefFuzzAutLearExpr' on 
page 25 undefined on input line 925.


LaTeX Warning: Citation `ZhiMinLan-EvoStraIndFuFiStaAu' on page 25 undefined on
 input line 925.


Overfull \hbox (6.76515pt too wide) in paragraph at lines 930--932
\OT1/cmr/m/it/9 (zde bude do-pln^^Teno: zku-sit n^^Tejak^^Sy zn^^Sam^^Sy da-ta-
set, n^^Teco z toho, co jsme d^^Telali v KMI/ZZD)
 []


Overfull \hbox (1.56511pt too wide) in paragraph at lines 930--932
\OT1/cmr/m/n/10 Au-tor pr^^Sace pre-zen-tuje no-vou, jed-no-du-chou, tech-niku 
stro-jov^^Seho u^^Tcen^^S^^P. V^^Syhodou
 []


Overfull \hbox (7.73573pt too wide) in paragraph at lines 942--943
[]\OT1/cmr/m/n/10 K ja-zyku $\temp L$ \OT1/cmr/m/n/10 se-stav^^S^^Pme ne-de-ter
-mi-nis-tick^^Sy kone^^Tcn^^Sy au-to-mat $\temp A[]$ \OT1/cmr/m/n/10 roz-pozn^^
Savaj^^S^^Pc^^S^^P
 []

[25]
Overfull \hbox (17.25742pt too wide) in paragraph at lines 947--948
[]\OT1/cmr/m/n/10 Kl^^S^^P^^Tcov^^Sym bo-dem t^^Seto tech-niky je mi-ni-ma-li-z
ace au-to-matu. Tech-nika p^^Tredpokl^^Sad^^Sa,
 []


Overfull \hbox (9.20079pt too wide) in paragraph at lines 947--948
\OT1/cmr/m/n/10 gul^^Sern^^S^^Pch ja-zyk^^Wu (at[] u^^Tz jako podmno^^Tziny neb
o jako pod^^Tret^^Tezce vy-bran^^Sych ^^Tret^^Tezc^^Wu).
 []


Overfull \hbox (18.91855pt too wide) in paragraph at lines 949--950
[]\OT1/cmr/m/n/10 Nav^^S^^Pc, vy-ge-ne-ro-van^^Sy au-to-mat pom^^Tern^^Te p^^Tr
ehledn^^Te po-pi-suje struk-turu ve vstupn^^S^^Pm
 []


LaTeX Warning: Citation `Hac+-ProAnaLarFinStaMac' on page 26 undefined on input
 line 955.


Overfull \hbox (1.78622pt too wide) in paragraph at lines 963--964
[]\OT1/cmr/m/n/10 Typick^^Sym p^^Tr^^S^^Pkladem je nap^^Tr. de-tekce obli^^Tcej
e na fo-to-gra-fii, tedy roz-pozn^^Sav^^San^^S^^P
 []


Overfull \hbox (2.42401pt too wide) in paragraph at lines 963--964
\OT1/cmr/m/n/10 vzor^^Wu v ob-ra-zov^^Sych da-tech. Vzory je v^^Tsak mo^^Tzn^^S
e roz-pozn^^Savat v t^^Sem^^Te^^Tr jak^^Sychkoliv
 []

[26]
Overfull \hbox (10.41849pt too wide) in paragraph at lines 999--1001
[]\OT1/cmr/m/it/9 (zde bude do-pln^^Teno: a co pravd^^Tepodobnostn^^S^^P?)   (z
de bude do-pln^^Teno: Proto^^Tze nap^^Tr^^S^^Pklad:
 []

[27]
Overfull \hbox (0.52968pt too wide) in paragraph at lines 1016--1017
\OT1/cmr/m/n/10 do^^Tsli, po-kud bychom au-to-mat zkon-stru-o-vali kon-verz^^S^
^P gra-ma-tiky nebo re-gul^^Sern^^S^^Pho
 []

File: diags0.mps Graphic file (type mps)
[MP to PDF] (./diags0.mps) [28]
Overfull \hbox (4.69621pt too wide) in paragraph at lines 1057--1058
[]\OT1/cmr/m/n/10 Nyn^^S^^P m^^Same k dis-po-zici fuzzy au-to-mat, kter^^Sy ost
^^Tre roz-pozn^^Sav^^Sa vzo-rov^^Sy ^^Tret^^Tezec.
 []


Overfull \hbox (1.14172pt too wide) in paragraph at lines 1064--1065
[]\OT1/cmr/m/n/10 D^^Wule^^Tzit^^Se je zm^^S^^Pnit, ^^Tze nelze zkon-stru-o-vat
 fuzzy au-to-mat, roz-pozn^^Savaj^^S^^Pc^^S^^P stejn^^Sy
 []

[29]

LaTeX Warning: Citation `RamGir-ConvFinAutFuzzAutStrComp' on page 30 undefined 
on input line 1110.

[30] [31]
File: diags5.mps Graphic file (type mps)
 [MP to PDF] (./diags5.mps)
Overfull \hbox (32.40999pt too wide) in paragraph at lines 1172--1173
 [][] 
 []


LaTeX Warning: Citation `Ech-DefSyssConPre' on page 32 undefined on input line 
1181.

[32]
File: diags6.mps Graphic file (type mps)
 [MP to PDF] (./diags6.mps)
Overfull \hbox (32.40999pt too wide) in paragraph at lines 1236--1237
 [][] 
 []


LaTeX Warning: Citation `AstGonMenGar-FuzzAutEpsMovCmpFuzzMeasBtwStrs' on page 
33 undefined on input line 1245.

[33]
Overfull \hbox (1.80737pt too wide) in paragraph at lines 1270--1271
\temp vy-rovn^^San^^S^^P jed-not-liv^^Sa, ale mno^^Tzinu v^^Tsech mo^^Tzn^^Sych
 vy-rovn^^San^^S^^P mezi dvo-jic^^S^^P ^^Tret^^Tezc^^Wu. 
 []

[34]

LaTeX Warning: Citation `AstGonMenGar-FuzzAutEpsMovCmpFuzzMeasBtwStrs' on page 
35 undefined on input line 1283.


LaTeX Warning: Citation `AstGonMenGar-FuzzAutEpsMovCmpFuzzMeasBtwStrs' on page 
35 undefined on input line 1298.


LaTeX Warning: Citation `AstGonMenGar-FuzzAutEpsMovCmpFuzzMeasBtwStrs' on page 
35 undefined on input line 1320.


LaTeX Warning: Reference `def-NedFuzzAutEpsPre' on page 35 undefined on input l
ine 1321.

[35]

LaTeX Warning: Citation `AstGonMenGar-FuzzAutEpsMovCmpFuzzMeasBtwStrs' on page 
36 undefined on input line 1348.

[36]
Overfull \hbox (12.35283pt too wide) in paragraph at lines 1383--1384
[]\OT1/cmr/m/it/10 P^^Trechodov^^Sy di-a-gram to-hoto au-to-matu je k na-le-zen
^^S^^P na obr^^Sazku 7[]. V p^^Trechodov^^Sem
 []


Overfull \hbox (3.38878pt too wide) detected at line 1405
\temp M[]\temp (\temp \temp ) = \temp ^^V[]\temp (\temp ^^[; abc\temp )(\temp 
q[]\temp ) = []([]([]([](\temp ^^[; ^^O\temp )\temp ; a\temp )\temp ; b\temp )\
temp ; c\temp )(\temp q[]\temp ) = \temp f\temp q[]=\temp 1\temp g\temp (\temp 
q[]\temp ) = 1
 []


Overfull \hbox (17.10289pt too wide) detected at line 1416
\temp M[]\temp (\temp \temp ) = \temp ^^V[]\temp (\temp ^^[; ab\temp )(\temp q
[]\temp ) = []([]([](\temp ^^[; ^^O\temp )\temp ; a\temp )\temp ; b\temp )(\tem
p q[]\temp ) = \temp f\temp q[]=\temp 1\temp ; q[]=\temp 0\temp :\temp 1\temp g
\temp (\temp q[]\temp ) = 0\temp ; \temp 1
 []


Overfull \hbox (35.12962pt too wide) detected at line 1452
\temp S[]\temp (\temp \temp ) = \temp R\temp (\temp a; a\temp ) \temp 
 \temp R\temp (\temp b; b\temp ) \temp 
 \temp R\temp (\temp a; ^^O\temp ) \temp 
 \temp R\temp (\temp c; c\temp ) \temp 
 \temp R\temp (\temp a; ^^O\temp ) = 1 \temp 
 \temp 1 \temp 
 \temp 0\temp ; \temp 2 \temp 
 \temp 1 \temp 
 \temp 0\temp ; \temp 2 = 0\temp ; \temp 04
 []

[37]
File: diags4.mps Graphic file (type mps)
 [MP to PDF] (./diags4.mps)

LaTeX Warning: Citation `AstGariGonVillFar-ApprStrMatUsiDefFuzzAutLearExpr' on 
page 38 undefined on input line 1488.

File: diags1.mps Graphic file (type mps)
[MP to PDF] (./diags1.mps)
File: diags2.mps Graphic file (type mps)
 [MP to PDF] (./diags2.mps)
File: diags3.mps Graphic file (type mps)
 [MP to PDF] (./diags3.mps)
Overfull \hbox (93.59189pt too wide) in paragraph at lines 1495--1507
 [][] 
 []


LaTeX Warning: `h' float specifier changed to `ht'.

[38]
Overfull \hbox (22.05742pt too wide) in paragraph at lines 1514--1515
\temp ^^Tze pro kla-sic-kou te-o-rii au-to-mat^^Wu je to trivi^^Saln^^S^^P prob
l^^Sem, kter^^Sy v^^Tsak kv^^Wuli nep^^Tresnostem
 []


Overfull \hbox (4.73058pt too wide) in paragraph at lines 1516--1517
\temp stejn^^Sem prin-cipu, jen se li^^Ts^^S^^P ve form^^Saln^^S^^Pm za-ve-den^
^S^^P. Tech-nika s vyu^^Tzit^^S^^Pm edita^^Tcn^^S^^Pch
 []

[39]

LaTeX Warning: Citation `MatSalSalYu-LexAnaSimFinFuzAutMod' on page 40 undefine
d on input line 1577.


LaTeX Warning: Citation `MatSalSalYu-LexAnaSimFinFuzAutMod' on page 40 undefine
d on input line 1577.

[40]

LaTeX Warning: Citation `AstGariGonVillFar-ApprStrMatUsiDefFuzzAutLearExpr' on 
page 41 undefined on input line 1581.


LaTeX Warning: Citation `WeeFu-FormFuzAutAppModLeaSys' on page 41 undefined on 
input line 1581.


LaTeX Warning: Citation `AndAbdAsm-ApprPattMatcFuzzLog' on page 41 undefined on
 input line 1585.


LaTeX Warning: Citation `SnaKepAbrHas-AproxStriMatchFuzzAut' on page 41 undefin
ed on input line 1587.


Overfull \hbox (2.24861pt too wide) in paragraph at lines 1589--1589
[]\OT1/cmr/bx/n/12 Korekce textu po-moc^^S^^P pravd^^Tepodobnostn^^S^^Pch au-to
-mat^^Wu 
 []


LaTeX Warning: Citation `YorSinTis-PowAmnLeaPrAuVarMemLen' on page 41 undefined
 on input line 1590.


LaTeX Warning: Citation `Ron-AutLeaApp' on page 41 undefined on input line 1590
.


LaTeX Warning: Citation `Cha-ExeFuzProUsFiStaMa' on page 41 undefined on input 
line 1594.


LaTeX Warning: Citation `Mar+-ProAriAutApp' on page 41 undefined on input line 
1597.


LaTeX Warning: Citation `Her-ProAriAutAppSoComFraBioSeqAna' on page 41 undefine
d on input line 1597.


LaTeX Warning: Citation `Rig-FauDetIsoBasFuzzAut' on page 41 undefined on input
 line 1601.


LaTeX Warning: Citation `BaiTri-PattRecUsiTemFuzzAut' on page 41 undefined on i
nput line 1603.


LaTeX Warning: Citation `Hun-NoLiTexSeaUsFuFiStLiNoDetAut' on page 41 undefined
 on input line 1605.


LaTeX Warning: Citation `MohPerRoe-WeiFinStaTraSpeRec' on page 41 undefined on 
input line 1608.


LaTeX Warning: Citation `BahJel-DecChaWinDelSubApSpeRec' on page 41 undefined o
n input line 1608.

[41]

LaTeX Warning: Citation `ForBel-GenMusAccUsFinStaTra' on page 42 undefined on i
nput line 1611.


LaTeX Warning: Citation `OliWag-ComMusNeuNetProFiStMa' on page 42 undefined on 
input line 1614.


Overfull \hbox (1.43013pt too wide) in paragraph at lines 1614--1615
\temp V [[]] pou^^Tz^^S^^Pvaj^^S^^P pravd^^Tepodobnostn^^S^^P au-to-mat pro re-
pre-zen-taci da-tab^^Saze hu-debn^^S^^Pch
 []


LaTeX Warning: Citation `WaMan-ProFiStMaRegBaMTEva' on page 42 undefined on inp
ut line 1619.


LaTeX Warning: Citation `HigOnc-ComMosProStrProFiStaMa' on page 42 undefined on
 input line 1622.


Overfull \hbox (17.18915pt too wide) in paragraph at lines 1622--1623
\temp M^^Tejme pravd^^Tepodobnostn^^S^^P au-to-mat. Pak v [[]] stu-duj^^S^^P, j
ak naj^^S^^Pt nej-pravd^^Tepodobn^^Tej^^Ts^^S^^P
 []


LaTeX Warning: Citation `MukRay-StaSplMerProbFiStaAuSigRepAna' on page 42 undef
ined on input line 1625.


LaTeX Warning: Citation `Jin+-WavBasFeaExtUsPrFiStAuPatCla' on page 42 undefine
d on input line 1629.


Overfull \hbox (2.43129pt too wide) in paragraph at lines 1629--1630
\temp V [[]] je po-pi-sov^^San zp^^Wusob, jak roz-pozn^^Savat dvoj-rozm^^Tern^^
Sy sign^^Sal (m^^Tr^^S^^P^^Tzku sign^^Sal^^Wu).
 []


LaTeX Warning: Citation `Kra+-BibMeExUsiPrFiStTra' on page 42 undefined on inpu
t line 1638.

[42]

LaTeX Warning: Citation `KniGra-OvProTreTraNatLanPro' on page 43 undefined on i
nput line 1645.


LaTeX Warning: Citation `Hul+-ManRecUsProFinStaMacFuzLog' on page 43 undefined 
on input line 1658.


Overfull \hbox (5.44518pt too wide) in paragraph at lines 1658--1659
\temp Automat (po-cho-pi-teln^^Te event-driven) pro mo-ni-to-ring man^^Sevr^^Wu
 ^^Tridi^^Tce (p^^Tredj^^S^^P^^Tzd^^Ten^^S^^P,
 []


LaTeX Warning: Citation `TriHei-ExpDesSeqFuzPer' on page 43 undefined on input 
line 1660.


LaTeX Warning: Citation `Hul+-ManRecUsProFinStaMacFuzLog' on page 43 undefined 
on input line 1660.


LaTeX Warning: Citation `GraFod-FuzAutIntHybConSys' on page 43 undefined on inp
ut line 1662.


LaTeX Warning: Citation `DucMarMar-AlgBasFiStMacFuzTrNoIntrLoaDis' on page 43 u
ndefined on input line 1666.

[43]

LaTeX Warning: Citation `AlvJoaCru-FuStMaAppEmoModEleGamCha' on page 44 undefin
ed on input line 1674.

File: rest0.mps Graphic file (type mps)
[MP to PDF] (./rest0.mps)

LaTeX Warning: Citation `AlvJoaCru-FuStMaAppEmoModEleGamCha' on page 44 undefin
ed on input line 1689.


LaTeX Warning: Citation `AlvJoaCru-FuStMaAppEmoModEleGamCha' on page 44 undefin
ed on input line 1689.


Overfull \hbox (0.16733pt too wide) in paragraph at lines 1693--1694
[]\temp Na z^^Saklad^^Te aktu^^Saln^^S^^Pho fuzzy stavu (kom-bi-nace r^^Wuzn^^S
ych stup^^Tn^^Wu ele-ment^^Sarn^^S^^Pch
 []

Package epstopdf Info: Source file: <chess-emos-screens.eps>
(epstopdf)                    date: 2018-01-05 14:12:26
(epstopdf)                    size: 287911 bytes
(epstopdf)             Output file: <chess-emos-screens-eps-converted-to.pdf>
(epstopdf)                    date: 2018-01-05 14:12:58
(epstopdf)                    size: 96164 bytes
(epstopdf)             Command: <repstopdf --outfile=chess-emos-screens-eps-con
verted-to.pdf chess-emos-screens.eps>
(epstopdf)             \includegraphics on input line 1697.
Package epstopdf Info: Output file is already uptodate.
<chess-emos-screens-eps-converted-to.pdf, id=185, 451.6875pt x 158.5925pt>
File: chess-emos-screens-eps-converted-to.pdf Graphic file (type pdf)

<use chess-emos-screens-eps-converted-to.pdf>
Package pdftex.def Info: chess-emos-screens-eps-converted-to.pdf used on input 
line 1697.
(pdftex.def)             Requested size: 345.0pt x 121.14134pt.


LaTeX Warning: Citation `AlvJoaCru-FuStMaAppEmoModEleGamCha' on page 44 undefin
ed on input line 1699.


LaTeX Warning: Citation `AlvJoaCru-FuStMaAppEmoModEleGamCha' on page 44 undefin
ed on input line 1699.


LaTeX Warning: Citation `HeiTri-SimEmoPerHumComInt' on page 44 undefined on inp
ut line 1703.


LaTeX Warning: Citation `HeiTri-SimEmoPerHumComInt' on page 44 undefined on inp
ut line 1708.

[44] [45 <./chess-emos-screens-eps-converted-to.pdf>]
Overfull \hbox (2.72223pt too wide) in paragraph at lines 1718--1718
[]\OT1/cmr/bx/n/12 Sledov^^San^^S^^P a mo-de-lov^^San^^S^^P ak-ti-vit po^^Tc^^S
^^Pta^^Tcov^^Sych pro-gram^^Wu 
 []


LaTeX Warning: Citation `Maz+-ProTreAutAppBehMod' on page 46 undefined on input
 line 1720.


Overfull \hbox (5.11304pt too wide) in paragraph at lines 1720--1721
\temp do pravd^^Tepodobnostn^^S^^Pho au-to-matu, je mo^^Tzn^^Se obdr^^Tzet au-t
o-mat mo-de-luj^^S^^Pc^^S^^P chvo^^San^^S^^P
 []


LaTeX Warning: Citation `ManPra-PriPatDetUsFiStMaFuzTra' on page 46 undefined o
n input line 1725.


LaTeX Warning: Citation `TriHei-LinSumHumActSkiConAcc' on page 46 undefined on 
input line 1729.


LaTeX Warning: Citation `Alv+-HumActRec+' on page 46 undefined on input line 17
31.

[46]

LaTeX Warning: Citation `HeKinSep-DecMakFuzEnvZUsOntCon+' on page 47 undefined 
on input line 1738.


LaTeX Warning: Citation `Gra+-ApFuStFuOuFinMaPrRecVioOntAss' on page 47 undefin
ed on input line 1738.


LaTeX Warning: Citation `GraFodDri-HybFuzBooAutOntCont' on page 47 undefined on
 input line 1738.


LaTeX Warning: Citation `Hua+-LeaProbAutModChe' on page 47 undefined on input l
ine 1745.


LaTeX Warning: Citation `TurChe-MacRecHumActSur' on page 47 undefined on input 
line 1748.


LaTeX Warning: Citation `AlAhHep+-ModUrbGroDynUsCelAutGIS' on page 47 undefined
 on input line 1753.


LaTeX Warning: Citation `Ahm+-CalFuzCelAutModUrbDynSauAr' on page 47 undefined 
on input line 1753.


LaTeX Warning: Citation `War+-StoConCelModUrbGro' on page 47 undefined on input
 line 1753.


LaTeX Warning: Citation `WhiEng-CelAutBasIntDynRegMod' on page 47 undefined on 
input line 1753.


LaTeX Warning: Citation `LaiDraSch-IntMulEvCelAutMetLanSimMod' on page 47 undef
ined on input line 1753.


LaTeX Warning: Citation `ManHatPra-FuzCelAutBasSheModUrGro+' on page 47 undefin
ed on input line 1753.


LaTeX Warning: Citation `ManHatPra-ModUrbGroUsFuzCelAut' on page 47 undefined o
n input line 1753.


LaTeX Warning: Citation `ClaHopHay-SelModCelAutModHistUrbSanFraBayAre' on page 
47 undefined on input line 1753.


LaTeX Warning: Citation `Wu-CalStoCelAutAppRurUrbLanConv' on page 47 undefined 
on input line 1753.


LaTeX Warning: Citation `PowSimWhi-HieFuzzPattMatcRegCompLanUseMap' on page 47 
undefined on input line 1755.


LaTeX Warning: Citation `Dra-CouFuzSetTheGisBaCelAutLanUseChaMod' on page 47 un
defined on input line 1755.


LaTeX Warning: Citation `LiuPhi-DevCelAutModUrbGroIncFuzSetApp' on page 47 unde
fined on input line 1755.


Overfull \hbox (14.19519pt too wide) in paragraph at lines 1753--1756
[]\temp Bun^^Te^^Tcn^^Se fuzzy au-to-maty byly ji^^Tz mno-hokr^^Sat pou^^Tzity 
pro ^^Tre^^Tsen^^S^^P to-hoto probl^^Semu.
 []

[47]

LaTeX Warning: Citation `WasPar-PreSpaDisEleEnCon+' on page 48 undefined on inp
ut line 1757.


LaTeX Warning: Citation `Ahm+-CalFuzCelAutModUrbDynSauAr' on page 48 undefined 
on input line 1788.


LaTeX Warning: Citation `ManHatPra-FuzzCellAutModAppAccUrbGroDynLingTerm' on pa
ge 48 undefined on input line 1788.


LaTeX Warning: Citation `LiuPhi-DevCelAutModUrbGroIncFuzSetApp' on page 48 unde
fined on input line 1788.


LaTeX Warning: No positions in optional float specifier.
               Default added (so using `tbp') on input line 1790.

Package epstopdf Info: Source file: <urban-growt-transitions-1.eps>
(epstopdf)                    date: 2017-08-13 21:43:11
(epstopdf)                    size: 11883 bytes
(epstopdf)             Output file: <urban-growt-transitions-1-eps-converted-to
.pdf>
(epstopdf)                    date: 2017-08-13 21:45:02
(epstopdf)                    size: 5453 bytes
(epstopdf)             Command: <repstopdf --outfile=urban-growt-transitions-1-
eps-converted-to.pdf urban-growt-transitions-1.eps>
(epstopdf)             \includegraphics on input line 1792.
Package epstopdf Info: Output file is already uptodate.

<urban-growt-transitions-1-eps-converted-to.pdf, id=203, 238.8925pt x 67.25125p
t>
File: urban-growt-transitions-1-eps-converted-to.pdf Graphic file (type pdf)
 <use urban-growt-transitions-1-eps-converted-to.pdf>
Package pdftex.def Info: urban-growt-transitions-1-eps-converted-to.pdf used on
 input line 1792.
(pdftex.def)             Requested size: 345.0pt x 97.12799pt.
Package epstopdf Info: Source file: <urban-growt-transitions-2.eps>
(epstopdf)                    date: 2017-08-13 21:43:04
(epstopdf)                    size: 12145 bytes
(epstopdf)             Output file: <urban-growt-transitions-2-eps-converted-to
.pdf>
(epstopdf)                    date: 2017-08-13 21:45:03
(epstopdf)                    size: 6029 bytes
(epstopdf)             Command: <repstopdf --outfile=urban-growt-transitions-2-
eps-converted-to.pdf urban-growt-transitions-2.eps>
(epstopdf)             \includegraphics on input line 1797.
Package epstopdf Info: Output file is already uptodate.

<urban-growt-transitions-2-eps-converted-to.pdf, id=204, 238.8925pt x 67.25125p
t>
File: urban-growt-transitions-2-eps-converted-to.pdf Graphic file (type pdf)
 <use urban-growt-transitions-2-eps-converted-to.pdf>
Package pdftex.def Info: urban-growt-transitions-2-eps-converted-to.pdf used on
 input line 1797.
(pdftex.def)             Requested size: 345.0pt x 97.12799pt.
Package epstopdf Info: Source file: <urban-growt-transitions-3.eps>
(epstopdf)                    date: 2017-08-13 21:42:49
(epstopdf)                    size: 12511 bytes
(epstopdf)             Output file: <urban-growt-transitions-3-eps-converted-to
.pdf>
(epstopdf)                    date: 2017-08-13 21:45:03
(epstopdf)                    size: 6141 bytes
(epstopdf)             Command: <repstopdf --outfile=urban-growt-transitions-3-
eps-converted-to.pdf urban-growt-transitions-3.eps>
(epstopdf)             \includegraphics on input line 1802.
Package epstopdf Info: Output file is already uptodate.

<urban-growt-transitions-3-eps-converted-to.pdf, id=205, 238.8925pt x 67.25125p
t>
File: urban-growt-transitions-3-eps-converted-to.pdf Graphic file (type pdf)
 <use urban-growt-transitions-3-eps-converted-to.pdf>
Package pdftex.def Info: urban-growt-transitions-3-eps-converted-to.pdf used on
 input line 1802.
(pdftex.def)             Requested size: 345.0pt x 97.12799pt.


LaTeX Warning: Citation `LiuPhi-DevCelAutModUrbGroIncFuzSetApp' on page 48 unde
fined on input line 1806.


LaTeX Warning: Citation `LiuPhi-DevCelAutModUrbGroIncFuzSetApp' on page 48 unde
fined on input line 1806.

[48] [49 <./urban-growt-transitions-1-eps-converted-to.pdf> <./urban-growt-tran
sitions-2-eps-converted-to.pdf> <./urban-growt-transitions-3-eps-converted-to.p
df>]

LaTeX Warning: No positions in optional float specifier.
               Default added (so using `tbp') on input line 1811.

Package epstopdf Info: Source file: <urban-growt-city-1.eps>
(epstopdf)                    date: 2017-08-13 23:00:51
(epstopdf)                    size: 3840124 bytes
(epstopdf)             Output file: <urban-growt-city-1-eps-converted-to.pdf>
(epstopdf)                    date: 2017-08-13 23:00:56
(epstopdf)                    size: 338627 bytes
(epstopdf)             Command: <repstopdf --outfile=urban-growt-city-1-eps-con
verted-to.pdf urban-growt-city-1.eps>
(epstopdf)             \includegraphics on input line 1813.
Package epstopdf Info: Output file is already uptodate.
<urban-growt-city-1-eps-converted-to.pdf, id=219, 563.10374pt x 252.945pt>
File: urban-growt-city-1-eps-converted-to.pdf Graphic file (type pdf)

<use urban-growt-city-1-eps-converted-to.pdf>
Package pdftex.def Info: urban-growt-city-1-eps-converted-to.pdf used on input 
line 1813.
(pdftex.def)             Requested size: 345.0pt x 154.97551pt.
Package epstopdf Info: Source file: <urban-growt-city-2.eps>
(epstopdf)                    date: 2017-08-13 23:11:53
(epstopdf)                    size: 2578822 bytes
(epstopdf)             Output file: <urban-growt-city-2-eps-converted-to.pdf>
(epstopdf)                    date: 2017-08-13 23:12:03
(epstopdf)                    size: 215529 bytes
(epstopdf)             Command: <repstopdf --outfile=urban-growt-city-2-eps-con
verted-to.pdf urban-growt-city-2.eps>
(epstopdf)             \includegraphics on input line 1818.
Package epstopdf Info: Output file is already uptodate.

<urban-growt-city-2-eps-converted-to.pdf, id=220, 563.10374pt x 256.96pt>
File: urban-growt-city-2-eps-converted-to.pdf Graphic file (type pdf)

<use urban-growt-city-2-eps-converted-to.pdf>
Package pdftex.def Info: urban-growt-city-2-eps-converted-to.pdf used on input 
line 1818.
(pdftex.def)             Requested size: 345.0pt x 157.43544pt.


LaTeX Warning: Citation `Ahm+-CalFuzCelAutModUrbDynSauAr' on page 50 undefined 
on input line 1822.


LaTeX Warning: Citation `Ahm+-CalFuzCelAutModUrbDynSauAr' on page 50 undefined 
on input line 1822.


LaTeX Warning: Citation `TzaRig-StaAnaAdaFuzzConSysUsiPetrNetLeaAut' on page 50
 undefined on input line 1829.

[50 <./urban-growt-city-1-eps-converted-to.pdf> <./urban-growt-city-2-eps-conve
rted-to.pdf>]

LaTeX Warning: Citation `WeeFu-FormFuzAutAppModLeaSys' on page 51 undefined on 
input line 1832.


LaTeX Warning: Citation `FuLi-ForLeaAutAutGam' on page 51 undefined on input li
ne 1835.


LaTeX Warning: Citation `PedGac-LeaFuzzAut' on page 51 undefined on input line 
1838.


Overfull \hbox (5.0151pt too wide) in paragraph at lines 1838--1839
\temp ob-vod^^Wu. Tj. ob-vod^^Wu, kter^^Se se na z^^Saklad^^Te vstup^^Wu p^^Tre
kl^^Sap^^S^^P mezi r^^Wuzn^^Symi diskr^^Setn^^S^^Pmi
 []


LaTeX Warning: Citation `Niz-ModComComNetViaPrAu' on page 51 undefined on input
 line 1843.


LaTeX Warning: Citation `Cas+-ProAutAspBasSenAna' on page 51 undefined on input
 line 1846.

[51]

LaTeX Warning: Citation `SchYou-ProSimHumMacDia' on page 52 undefined on input 
line 1849.


LaTeX Warning: Citation `SnaKepAbrHas-AproxStriMatchFuzzAut' on page 52 undefin
ed on input line 1864.


LaTeX Warning: Citation `CheMyn-ModAlgBloDutCosWat+' on page 52 undefined on in
put line 1870.


LaTeX Warning: Citation `PatPal-FuzGraSynRecSkeMatXra' on page 52 undefined on 
input line 1875.


LaTeX Warning: Citation `Jia+-ExHeaSimMetBasIntHumTheMod' on page 52 undefined 
on input line 1878.


LaTeX Warning: Citation `GupRah-CliMonUsFuzSys' on page 52 undefined on input l
ine 1878.


LaTeX Warning: Citation `CamMerNun-UsFuzAutDiagPrHeaPro' on page 52 undefined o
n input line 1878.


LaTeX Warning: Citation `SteAdl-CliMonFuzAut' on page 52 undefined on input lin
e 1878.


LaTeX Warning: Citation `GupRah-CliMonUsFuzSys' on page 52 undefined on input l
ine 1887.

[52]

LaTeX Warning: Citation `GupRah-CliMonUsFuzSys' on page 53 undefined on input l
ine 1891.


LaTeX Warning: Citation `Jia+-ExHeaSimMetBasIntHumTheMod' on page 53 undefined 
on input line 1891.


LaTeX Warning: Citation `CamMerNun-UsFuzAutDiagPrHeaPro' on page 53 undefined o
n input line 1893.


LaTeX Warning: Citation `Est+-CytImAnaGenFuFiStMa' on page 53 undefined on inpu
t line 1917.


LaTeX Warning: Citation `Est+-CytImAnaGenFuFiStMa' on page 53 undefined on inpu
t line 1917.


Overfull \hbox (13.78517pt too wide) in paragraph at lines 1922--1923
[]\temp Jednotliv^^Se bu^^Tnky na sn^^S^^Pmku jsou izo-lov^^Sany do sa-mo-statn
^^Sych ob-raz^^Wu. N^^Sasledn^^Te
 []


LaTeX Warning: Citation `PedGac-LeaFuzzAut' on page 53 undefined on input line 
1933.


LaTeX Warning: Citation `RigTza-FuzAutFauDia' on page 53 undefined on input lin
e 1933.


LaTeX Warning: Citation `Alv-HumGaiModUsGenFuzFinStaMac' on page 53 undefined o
n input line 1936.


LaTeX Warning: Citation `AlvTri-ComModQuaPerSig' on page 53 undefined on input 
line 1936.


Overfull \hbox (13.64627pt too wide) in paragraph at lines 1936--1938
\temp kon^^Tcetiny. Po-moc^^S^^P ak-ce-le-ro-metr^^Wu sle-duj^^S^^P po-hyb pat^
^Tri^^Tcn^^Se n^^Sahrady a po-moc^^S^^P zn^^Sam^^Sych
 []

[53]

LaTeX Warning: Citation `MilAtl-ProAuModEpiCelNet' on page 54 undefined on inpu
t line 1941.


LaTeX Warning: Citation `BocChe-CriBePrAuNetModSprInfDis+' on page 54 undefined
 on input line 1944.


Overfull \hbox (15.25847pt too wide) in paragraph at lines 1946--1947
[]\temp Auto^^Tri nav^^S^^Pc do mo-delu zan^^Sa^^Tsej^^S^^P po-hyb je-dinc^^Wu,
 tj. ^^Tze s ur^^Tcitou pravd^^Tepodobnost^^S^^P
 []

[54]

LaTeX Warning: Citation `Rus-ImaProHan' on page 55 undefined on input line 1960
.


Overfull \hbox (4.72955pt too wide) in paragraph at lines 1967--1969
\temp je kon-volu^^Tcn^^S^^P ma-tic^^S^^P jed-no-duch^^Seho rozost^^Tren^^S^^P.
 Apli-kuje se n^^Sasleduj^^S^^Pc^^S^^Pm zp^^Wusobem: 
 []


LaTeX Warning: No positions in optional float specifier.
               Default added (so using `tbp') on input line 1988.

Package epstopdf Info: Source file: <filters.eps>
(epstopdf)                    date: 2017-08-27 12:31:53
(epstopdf)                    size: 53874 bytes
(epstopdf)             Output file: <filters-eps-converted-to.pdf>
(epstopdf)                    date: 2017-08-27 12:31:59
(epstopdf)                    size: 16778 bytes
(epstopdf)             Command: <repstopdf --outfile=filters-eps-converted-to.p
df filters.eps>
(epstopdf)             \includegraphics on input line 1989.
Package epstopdf Info: Output file is already uptodate.
<filters-eps-converted-to.pdf, id=242, 281.05pt x 81.30376pt>
File: filters-eps-converted-to.pdf Graphic file (type pdf)

<use filters-eps-converted-to.pdf>
Package pdftex.def Info: filters-eps-converted-to.pdf used on input line 1989.
(pdftex.def)             Requested size: 345.0pt x 99.80946pt.


LaTeX Warning: Citation `MaiAgg-StuComVarImDetEdTec' on page 55 undefined on in
put line 1995.


LaTeX Warning: Citation `MarMeySol-HybMetGasDifModFuzCelAutImSha' on page 55 un
defined on input line 1995.

File: miscs0.mps Graphic file (type mps)
[MP to PDF] (./miscs0.mps)
File: miscs1.mps Graphic file (type mps)
 [MP to PDF] (./miscs1.mps)
Underfull \hbox (badness 4254) in paragraph at lines 2007--2007
[]\OT1/cmr/m/n/9 (b) |Uk^^Sazka hrany proch^^Sazej^^S^^Pc^^S^^P
 []


Underfull \hbox (badness 2503) in paragraph at lines 2007--2007
\OT1/cmr/m/n/9 bu^^Tnkou. Ve sm^^Teru $\OML/cmm/m/it/9 U$ \OT1/cmr/m/n/9 (^^Tce
rven^^Se
 []

[55 <./filters-eps-converted-to.pdf>]
Overfull \hbox (3.01685pt too wide) in paragraph at lines 2013--2014
[]\temp Nadefinujme fuzzy re-laci []bu^^Tnky $\temp c$ \temp a $\temp c[]$ \tem
p maj^^S^^P zcela rozd^^S^^Plnou barvu\ p^^Tredpisem: 
 []


Overfull \hbox (7.11293pt too wide) in paragraph at lines 2024--2025
[]\temp Obdobn^^Sym zp^^Wusobem by se do-de-fi-no-valy zb^^Syvaj^^S^^Pc^^S^^P f
uzzy mno^^Tziny $\temp ^^O[]$\temp . N^^Sasledn^^Te
 []


LaTeX Warning: Citation `MarMeySol-HybMetGasDifModFuzCelAutImSha' on page 56 un
defined on input line 2034.

[56]

LaTeX Warning: Citation `SadRetKam-EfMetImpNoiRedImFuzCelAut' on page 57 undefi
ned on input line 2040.


Overfull \hbox (14.66864pt too wide) in paragraph at lines 2042--2043
\temp bun^^Te^^Tcn^^Sy fuzzy au-to-mat, kter^^Sy bu^^Tnky ob-sa-huj^^S^^Pc^^S^^
P ^^Tsum na-hrad^^S^^P hod-no-tami spo^^Tcten^^Symi
 []

Package epstopdf Info: Source file: <noises1.eps>
(epstopdf)                    date: 2017-08-27 15:28:24
(epstopdf)                    size: 1640478 bytes
(epstopdf)             Output file: <noises1-eps-converted-to.pdf>
(epstopdf)                    date: 2017-08-27 15:28:56
(epstopdf)                    size: 544489 bytes
(epstopdf)             Command: <repstopdf --outfile=noises1-eps-converted-to.p
df noises1.eps>
(epstopdf)             \includegraphics on input line 2048.
Package epstopdf Info: Output file is already uptodate.
<noises1-eps-converted-to.pdf, id=255, 80.3pt x 80.3pt>
File: noises1-eps-converted-to.pdf Graphic file (type pdf)

<use noises1-eps-converted-to.pdf>
Package pdftex.def Info: noises1-eps-converted-to.pdf used on input line 2048.
(pdftex.def)             Requested size: 103.50105pt x 103.50409pt.
Package epstopdf Info: Source file: <noises2.eps>
(epstopdf)                    date: 2017-08-27 15:28:33
(epstopdf)                    size: 1640487 bytes
(epstopdf)             Output file: <noises2-eps-converted-to.pdf>
(epstopdf)                    date: 2017-08-27 15:28:57
(epstopdf)                    size: 544500 bytes
(epstopdf)             Command: <repstopdf --outfile=noises2-eps-converted-to.p
df noises2.eps>
(epstopdf)             \includegraphics on input line 2053.
Package epstopdf Info: Output file is already uptodate.

<noises2-eps-converted-to.pdf, id=256, 80.3pt x 80.3pt>
File: noises2-eps-converted-to.pdf Graphic file (type pdf)

<use noises2-eps-converted-to.pdf>
Package pdftex.def Info: noises2-eps-converted-to.pdf used on input line 2053.
(pdftex.def)             Requested size: 103.50105pt x 103.50409pt.
Package epstopdf Info: Source file: <noises3.eps>
(epstopdf)                    date: 2017-08-27 15:28:44
(epstopdf)                    size: 1640510 bytes
(epstopdf)             Output file: <noises3-eps-converted-to.pdf>
(epstopdf)                    date: 2017-08-27 15:28:58
(epstopdf)                    size: 544496 bytes
(epstopdf)             Command: <repstopdf --outfile=noises3-eps-converted-to.p
df noises3.eps>
(epstopdf)             \includegraphics on input line 2058.
Package epstopdf Info: Output file is already uptodate.

<noises3-eps-converted-to.pdf, id=257, 80.3pt x 80.3pt>
File: noises3-eps-converted-to.pdf Graphic file (type pdf)

<use noises3-eps-converted-to.pdf>
Package pdftex.def Info: noises3-eps-converted-to.pdf used on input line 2058.
(pdftex.def)             Requested size: 103.50105pt x 103.50409pt.


LaTeX Warning: Citation `SadRetKam-EfMetImpNoiRedImFuzCelAut' on page 57 undefi
ned on input line 2062.


LaTeX Warning: Citation `SadRetKam-EfMetImpNoiRedImFuzCelAut' on page 57 undefi
ned on input line 2062.


LaTeX Warning: Citation `SahUguSah-SalPepNoiFilFuzCelAut' on page 57 undefined 
on input line 2065.


LaTeX Warning: Citation `MajCha-FuzCelAutModPatClas' on page 57 undefined on in
put line 2072.


Overfull \hbox (9.64745pt too wide) in paragraph at lines 2072--2073
\temp kter^^Sa po-pi-suj^^S^^P jak vzo-rov^^Sy ob-raz, tak ob-razy jemu po-dobn
^^Se. Mno^^Tzina p^^Trechodov^^Sych
 []

[57 <./noises1-eps-converted-to.pdf> <./noises2-eps-converted-to.pdf> <./noises
3-eps-converted-to.pdf>]

LaTeX Warning: Citation `WanJiaZhoDu-ImProcBasFuzCelAuMod' on page 58 undefined
 on input line 2074.


Overfull \hbox (0.25075pt too wide) in paragraph at lines 2076--2077
[]\temp Auto^^Tri me-todu do-poru^^Tcuj^^S^^P na vy-hled^^Sav^^San^^S^^P vzor^^
Wu v l^^Seka^^Trsk^^Sych sn^^S^^Pmc^^S^^Pch (nap^^Tr.
 []


Overfull \hbox (8.67516pt too wide) in paragraph at lines 2076--2077
\temp ul-tra-zvuk, R^^?ont-gen). Tech-niku de-mon-struj^^S^^P na ul-tra-zvu-kov
^^Sych sn^^S^^Pmc^^S^^Pch vaje^^Tcn^^S^^Pk^^Wu.
 []

Package epstopdf Info: Source file: <follicles-1.eps>
(epstopdf)                    date: 2017-08-24 20:01:51
(epstopdf)                    size: 34492 bytes
(epstopdf)             Output file: <follicles-1-eps-converted-to.pdf>
(epstopdf)                    date: 2017-08-24 20:02:32
(epstopdf)                    size: 27077 bytes
(epstopdf)             Command: <repstopdf --outfile=follicles-1-eps-converted-
to.pdf follicles-1.eps>
(epstopdf)             \includegraphics on input line 2086.
Package epstopdf Info: Output file is already uptodate.
<follicles-1-eps-converted-to.pdf, id=270, 281.05pt x 62.2325pt>
File: follicles-1-eps-converted-to.pdf Graphic file (type pdf)

<use follicles-1-eps-converted-to.pdf>
Package pdftex.def Info: follicles-1-eps-converted-to.pdf used on input line 20
86.
(pdftex.def)             Requested size: 345.0pt x 76.39737pt.
Package epstopdf Info: Source file: <follicles-2.eps>
(epstopdf)                    date: 2017-08-24 20:02:17
(epstopdf)                    size: 4635 bytes
(epstopdf)             Output file: <follicles-2-eps-converted-to.pdf>
(epstopdf)                    date: 2017-08-24 20:02:33
(epstopdf)                    size: 4240 bytes
(epstopdf)             Command: <repstopdf --outfile=follicles-2-eps-converted-
to.pdf follicles-2.eps>
(epstopdf)             \includegraphics on input line 2091.
Package epstopdf Info: Output file is already uptodate.

<follicles-2-eps-converted-to.pdf, id=271, 281.05pt x 60.225pt>
File: follicles-2-eps-converted-to.pdf Graphic file (type pdf)

<use follicles-2-eps-converted-to.pdf>
Package pdftex.def Info: follicles-2-eps-converted-to.pdf used on input line 20
91.
(pdftex.def)             Requested size: 345.0pt x 73.93292pt.


LaTeX Warning: Citation `WanJiaZhoDu-ImProcBasFuzCelAuMod' on page 58 undefined
 on input line 2095.


LaTeX Warning: Citation `WanJiaZhoDu-ImProcBasFuzCelAuMod' on page 58 undefined
 on input line 2095.


LaTeX Warning: Citation `Lee-FuzTreAutSynPatRec' on page 58 undefined on input 
line 2101.


Overfull \hbox (10.47514pt too wide) in paragraph at lines 2101--2102
\temp tov^^Se uzly re-pre-zen-tuj^^S^^P []pri-mi-tivn^^S^^P ge-o-me-t-rick^^Se 
ob-jekty\ (^^Tctverec, kruh, troj^^Suheln^^S^^Pk,
 []


Overfull \hbox (1.20851pt too wide) in paragraph at lines 2101--2102
\temp aj.). Jeho vnit^^Trn^^S^^P uzly pak po-pi-suj^^S^^P vz^^Sajemn^^Sy vztah 
^^Tci vlast-nost (nap^^Tr. vz^^Sajemnou
 []

[58 <./follicles-1-eps-converted-to.pdf> <./follicles-2-eps-converted-to.pdf>]
File: trees11.mps Graphic file (type mps)

[MP to PDF] (./trees11.mps)
File: trees12.mps Graphic file (type mps)
 [MP to PDF] (./trees12.mps)
Overfull \hbox (31.63585pt too wide) in paragraph at lines 2116--2117
[][] 
 []


Overfull \hbox (0.25597pt too wide) in paragraph at lines 2133--2134
\OT1/cmr/bx/n/10 Definice 9.1 \temp (Obd^^Seln^^S^^Pk)\OT1/cmr/bx/n/10 . \OT1/c
mr/m/it/10 M^^Tejme ^^Tcty^^Tr^^Suheln^^S^^Pk $\temp g \temp = \temp ABCD$\OT1/
cmr/m/it/10 . Pak tento ^^Tcty^^Tr^^Suheln^^S^^Pk
 []


LaTeX Warning: Command \textdegree invalid in math mode on input line 2135.

[59] [60]

LaTeX Warning: Citation `Lee-AppFuzLanPatRec' on page 61 undefined on input lin
e 2224.


LaTeX Warning: Citation `HamKoNam-FirFlaDetBasFuzFinAut' on page 61 undefined o
n input line 2230.


LaTeX Warning: Citation `KoHamNam-ModForFuFiAuDetIrrFirFla' on page 61 undefine
d on input line 2230.


LaTeX Warning: Citation `AstGariGonVillFar-ApprStrMatUsiDefFuzzAutLearExpr' on 
page 61 undefined on input line 2241.


LaTeX Warning: Citation `WeeFu-FormFuzAutAppModLeaSys' on page 61 undefined on 
input line 2241.


LaTeX Warning: Citation `PatMor-EdgDetTecFuzzLogCEllLeaAutFuzzImPro' on page 61
 undefined on input line 2241.


LaTeX Warning: Citation `SinGha+HybrEdgDetMetFuzSetTheCelLeaAut' on page 61 und
efined on input line 2241.

[61] (./tmp-fapa.aux)

LaTeX Font Warning: Some font shapes were not available, defaults substituted.


LaTeX Warning: There were undefined references.

 ) 
Here is how much of TeX's memory you used:
 6888 strings out of 494330
 100183 string characters out of 6163450
 169626 words of memory out of 5000000
 10013 multiletter control sequences out of 15000+600000
 19075 words of font info for 71 fonts, out of 8000000 for 9000
 360 hyphenation exceptions out of 8191
 53i,20n,42p,1150b,599s stack positions out of 5000i,500n,10000p,200000b,80000s
</usr/share/texlive/texmf-dist/fonts/type1/public/amsfonts/cm/cmbx10.pfb></us
r/share/texlive/texmf-dist/fonts/type1/public/amsfonts/cm/cmbx12.pfb></usr/shar
e/texlive/texmf-dist/fonts/type1/public/amsfonts/cm/cmbx9.pfb></usr/share/texli
ve/texmf-dist/fonts/type1/public/amsfonts/cm/cmbxti10.pfb></usr/share/texlive/t
exmf-dist/fonts/type1/public/amsfonts/cm/cmcsc10.pfb></usr/share/texlive/texmf-
dist/fonts/type1/public/amsfonts/cm/cmex10.pfb></usr/share/texlive/texmf-dist/f
onts/type1/public/amsfonts/cm/cmitt10.pfb></usr/share/texlive/texmf-dist/fonts/
type1/public/amsfonts/cm/cmmi10.pfb></usr/share/texlive/texmf-dist/fonts/type1/
public/amsfonts/cm/cmmi12.pfb></usr/share/texlive/texmf-dist/fonts/type1/public
/amsfonts/cm/cmmi5.pfb></usr/share/texlive/texmf-dist/fonts/type1/public/amsfon
ts/cm/cmmi6.pfb></usr/share/texlive/texmf-dist/fonts/type1/public/amsfonts/cm/c
mmi7.pfb></usr/share/texlive/texmf-dist/fonts/type1/public/amsfonts/cm/cmmi8.pf
b></usr/share/texlive/texmf-dist/fonts/type1/public/amsfonts/cm/cmmi9.pfb></usr
/share/texlive/texmf-dist/fonts/type1/public/amsfonts/cm/cmr10.pfb></usr/share/
texlive/texmf-dist/fonts/type1/public/amsfonts/cm/cmr12.pfb></usr/share/texlive
/texmf-dist/fonts/type1/public/amsfonts/cm/cmr17.pfb></usr/share/texlive/texmf-
dist/fonts/type1/public/amsfonts/cm/cmr5.pfb></usr/share/texlive/texmf-dist/fon
ts/type1/public/amsfonts/cm/cmr6.pfb></usr/share/texlive/texmf-dist/fonts/type1
/public/amsfonts/cm/cmr7.pfb></usr/share/texlive/texmf-dist/fonts/type1/public/
amsfonts/cm/cmr8.pfb></usr/share/texlive/texmf-dist/fonts/type1/public/amsfonts
/cm/cmr9.pfb></usr/share/texlive/texmf-dist/fonts/type1/public/amsfonts/cm/cmss
8.pfb></usr/share/texlive/texmf-dist/fonts/type1/public/amsfonts/cm/cmsy10.pfb>
</usr/share/texlive/texmf-dist/fonts/type1/public/amsfonts/cm/cmsy5.pfb></usr/s
hare/texlive/texmf-dist/fonts/type1/public/amsfonts/cm/cmsy6.pfb></usr/share/te
xlive/texmf-dist/fonts/type1/public/amsfonts/cm/cmsy7.pfb></usr/share/texlive/t
exmf-dist/fonts/type1/public/amsfonts/cm/cmsy8.pfb></usr/share/texlive/texmf-di
st/fonts/type1/public/amsfonts/cm/cmsy9.pfb></usr/share/texlive/texmf-dist/font
s/type1/public/amsfonts/cm/cmti10.pfb></usr/share/texlive/texmf-dist/fonts/type
1/public/amsfonts/cm/cmti9.pfb></usr/share/texlive/texmf-dist/fonts/type1/publi
c/amsfonts/cm/cmtt10.pfb></usr/share/texlive/texmf-dist/fonts/type1/public/amsf
onts/cm/cmtt9.pfb></usr/share/texlive/texmf-dist/fonts/type1/public/amsfonts/sy
mbols/msbm10.pfb>
Output written on tmp-fapa.pdf (61 pages, 3009308 bytes).
PDF statistics:
 403 PDF objects out of 1000 (max. 8388607)
 271 compressed objects within 3 object streams
 0 named destinations out of 1000 (max. 500000)
 81 words of extra memory for PDF output out of 10000 (max. 10000000)

