This is pdfTeX, Version 3.14159265-2.6-1.40.17 (TeX Live 2016/Debian) (preloaded format=pdflatex 2017.10.16)  29 JAN 2018 18:44
entering extended mode
 restricted \write18 enabled.
 %&-line parsing enabled.
**fapa.tex
(./fapa.tex
LaTeX2e <2017/01/01> patch level 3
Babel <3.9r> and hyphenation patterns for 32 language(s) loaded.
(/usr/share/texlive/texmf-dist/tex/latex/base/article.cls
Document Class: article 2014/09/29 v1.4h Standard LaTeX document class
(/usr/share/texlive/texmf-dist/tex/latex/base/size10.clo
File: size10.clo 2014/09/29 v1.4h Standard LaTeX file (size option)
)
\c@part=\count79
\c@section=\count80
\c@subsection=\count81
\c@subsubsection=\count82
\c@paragraph=\count83
\c@subparagraph=\count84
\c@figure=\count85
\c@table=\count86
\abovecaptionskip=\skip41
\belowcaptionskip=\skip42
\bibindent=\dimen102
)
(/usr/share/texlive/texmf-dist/tex/latex/base/inputenc.sty
Package: inputenc 2015/03/17 v1.2c Input encoding file
\inpenc@prehook=\toks14
\inpenc@posthook=\toks15

(/usr/share/texlive/texmf-dist/tex/latex/ucs/utf8x.def
File: utf8x.def 2004/10/17 UCS: Input encoding UTF-8
))
(/usr/share/texlive/texmf-dist/tex/latex/ucs/ucs.sty
Package: ucs 2013/05/11 v2.2 UCS: Unicode input support

(/usr/share/texlive/texmf-dist/tex/latex/ucs/data/uni-global.def
File: uni-global.def 2013/05/13 UCS: Unicode global data
)
\uc@secondtry=\count87
\uc@combtoks=\toks16
\uc@combtoksb=\toks17
\uc@temptokena=\toks18
)
(/usr/share/texlive/texmf-dist/tex/generic/babel/babel.sty
Package: babel 2016/04/23 3.9r The Babel package

(/usr/share/texlive/texmf-dist/tex/generic/babel-czech/czech.ldf
Language: czech 2008/07/06 v3.1a Czech support from the babel system

(/usr/share/texlive/texmf-dist/tex/generic/babel/babel.def
File: babel.def 2016/04/23 3.9r Babel common definitions
\babel@savecnt=\count88
\U@D=\dimen103
)
Package babel Info: Making " an active character on input line 172.
\cs@wordlen=\count89
Package babel Info: Making - an active character on input line 226.
))
\@input{headers.aux}
\openout2 = `headers.aux'.

(./headers.tex (/usr/share/texlive/texmf-dist/tex/latex/amscls/amsthm.sty
Package: amsthm 2015/03/04 v2.20.2
\thm@style=\toks19
\thm@bodyfont=\toks20
\thm@headfont=\toks21
\thm@notefont=\toks22
\thm@headpunct=\toks23
\thm@preskip=\skip43
\thm@postskip=\skip44
\thm@headsep=\skip45
\dth@everypar=\toks24
)
(/usr/share/texlive/texmf-dist/tex/latex/amsmath/amsmath.sty
Package: amsmath 2016/11/05 v2.16a AMS math features
\@mathmargin=\skip46

For additional information on amsmath, use the `?' option.
(/usr/share/texlive/texmf-dist/tex/latex/amsmath/amstext.sty
Package: amstext 2000/06/29 v2.01 AMS text

(/usr/share/texlive/texmf-dist/tex/latex/amsmath/amsgen.sty
File: amsgen.sty 1999/11/30 v2.0 generic functions
\@emptytoks=\toks25
\ex@=\dimen104
))
(/usr/share/texlive/texmf-dist/tex/latex/amsmath/amsbsy.sty
Package: amsbsy 1999/11/29 v1.2d Bold Symbols
\pmbraise@=\dimen105
)
(/usr/share/texlive/texmf-dist/tex/latex/amsmath/amsopn.sty
Package: amsopn 2016/03/08 v2.02 operator names
)
\inf@bad=\count90
LaTeX Info: Redefining \frac on input line 213.
\uproot@=\count91
\leftroot@=\count92
LaTeX Info: Redefining \overline on input line 375.
\classnum@=\count93
\DOTSCASE@=\count94
LaTeX Info: Redefining \ldots on input line 472.
LaTeX Info: Redefining \dots on input line 475.
LaTeX Info: Redefining \cdots on input line 596.
\Mathstrutbox@=\box26
\strutbox@=\box27
\big@size=\dimen106
LaTeX Font Info:    Redeclaring font encoding OML on input line 712.
LaTeX Font Info:    Redeclaring font encoding OMS on input line 713.
\macc@depth=\count95
\c@MaxMatrixCols=\count96
\dotsspace@=\muskip10
\c@parentequation=\count97
\dspbrk@lvl=\count98
\tag@help=\toks26
\row@=\count99
\column@=\count100
\maxfields@=\count101
\andhelp@=\toks27
\eqnshift@=\dimen107
\alignsep@=\dimen108
\tagshift@=\dimen109
\tagwidth@=\dimen110
\totwidth@=\dimen111
\lineht@=\dimen112
\@envbody=\toks28
\multlinegap=\skip47
\multlinetaggap=\skip48
\mathdisplay@stack=\toks29
LaTeX Info: Redefining \[ on input line 2817.
LaTeX Info: Redefining \] on input line 2818.
)
(/usr/share/texlive/texmf-dist/tex/latex/amsfonts/amsfonts.sty
Package: amsfonts 2013/01/14 v3.01 Basic AMSFonts support
\symAMSa=\mathgroup4
\symAMSb=\mathgroup5
LaTeX Font Info:    Overwriting math alphabet `\mathfrak' in version `bold'
(Font)                  U/euf/m/n --> U/euf/b/n on input line 106.
)
(/usr/share/texlive/texmf-dist/tex/latex/amsfonts/amssymb.sty
Package: amssymb 2013/01/14 v3.01 AMS font symbols
)
(/usr/share/texlive/texmf-dist/tex/latex/jknapltx/mathrsfs.sty
Package: mathrsfs 1996/01/01 Math RSFS package v1.0 (jk)
\symrsfs=\mathgroup6
)
(/usr/share/texlive/texmf-dist/tex/latex/mathtools/mathtools.sty
Package: mathtools 2015/11/12 v1.18 mathematical typesetting tools

(/usr/share/texlive/texmf-dist/tex/latex/graphics/keyval.sty
Package: keyval 2014/10/28 v1.15 key=value parser (DPC)
\KV@toks@=\toks30
)
(/usr/share/texlive/texmf-dist/tex/latex/tools/calc.sty
Package: calc 2014/10/28 v4.3 Infix arithmetic (KKT,FJ)
\calc@Acount=\count102
\calc@Bcount=\count103
\calc@Adimen=\dimen113
\calc@Bdimen=\dimen114
\calc@Askip=\skip49
\calc@Bskip=\skip50
LaTeX Info: Redefining \setlength on input line 80.
LaTeX Info: Redefining \addtolength on input line 81.
\calc@Ccount=\count104
\calc@Cskip=\skip51
)
(/usr/share/texlive/texmf-dist/tex/latex/mathtools/mhsetup.sty
Package: mhsetup 2010/01/21 v1.2a programming setup (MH)
)
LaTeX Info: Thecontrolsequence`\('isalreadyrobust on input line 129.
LaTeX Info: Thecontrolsequence`\)'isalreadyrobust on input line 129.
LaTeX Info: Thecontrolsequence`\['isalreadyrobust on input line 129.
LaTeX Info: Thecontrolsequence`\]'isalreadyrobust on input line 129.
\g_MT_multlinerow_int=\count105
\l_MT_multwidth_dim=\dimen115
\origjot=\skip52
\l_MT_shortvdotswithinadjustabove_dim=\dimen116
\l_MT_shortvdotswithinadjustbelow_dim=\dimen117
\l_MT_above_intertext_sep=\dimen118
\l_MT_below_intertext_sep=\dimen119
\l_MT_above_shortintertext_sep=\dimen120
\l_MT_below_shortintertext_sep=\dimen121
)
(/usr/share/texlive/texmf-dist/tex/latex/cases/cases.sty
Package: cases 2002/05/02 ver 2.5 
)
(/usr/share/texlive/texmf-dist/tex/latex/multirow/multirow.sty
Package: multirow 2016/11/25 v2.2 Span multiple rows of a table
\multirow@colwidth=\skip53
\multirow@cntb=\count106
\multirow@dima=\skip54
\bigstrutjot=\dimen122
)
(/usr/share/texlive/texmf-dist/tex/latex/showlabels/showlabels.sty
Package: showlabels 2016/06/09 v1.8

Package: `showlabels' v1.8 <2016/06/09>
with amsmath equation tags
\SL@labelposition=\count107
) (/usr/share/texlive/texmf-dist/tex/latex/caption/subcaption.sty
Package: subcaption 2016/05/22 v1.1-161 Sub-captions (AR)

(/usr/share/texlive/texmf-dist/tex/latex/caption/caption.sty
Package: caption 2016/02/21 v3.3-144 Customizing captions (AR)

(/usr/share/texlive/texmf-dist/tex/latex/caption/caption3.sty
Package: caption3 2016/05/22 v1.7-166 caption3 kernel (AR)
Package caption3 Info: TeX engine: e-TeX on input line 67.
\captionmargin=\dimen123
\captionmargin@=\dimen124
\captionwidth=\dimen125
\caption@tempdima=\dimen126
\caption@indent=\dimen127
\caption@parindent=\dimen128
\caption@hangindent=\dimen129
)
\c@ContinuedFloat=\count108
)
\c@subfigure=\count109
\c@subtable=\count110
)
(/usr/share/texlive/texmf-dist/tex/latex/lineno/lineno.sty
Package: lineno 2005/11/02 line numbers on paragraphs v4.41
\linenopenalty=\count111
\output=\toks31
\linenoprevgraf=\count112
\linenumbersep=\dimen130
\linenumberwidth=\dimen131
\c@linenumber=\count113
\c@pagewiselinenumber=\count114
\c@LN@truepage=\count115
\c@internallinenumber=\count116
\c@internallinenumbers=\count117
\quotelinenumbersep=\dimen132
\bframerule=\dimen133
\bframesep=\dimen134
\bframebox=\box28
LaTeX Info: Redefining \\ on input line 3056.
)
\c@definition=\count118
\c@theorem=\count119
\c@note=\count120
\c@example=\count121
) (./fapa.aux)
\openout1 = `fapa.aux'.

LaTeX Font Info:    Checking defaults for OML/cmm/m/it on input line 12.
LaTeX Font Info:    ... okay on input line 12.
LaTeX Font Info:    Checking defaults for T1/cmr/m/n on input line 12.
LaTeX Font Info:    ... okay on input line 12.
LaTeX Font Info:    Checking defaults for OT1/cmr/m/n on input line 12.
LaTeX Font Info:    ... okay on input line 12.
LaTeX Font Info:    Checking defaults for OMS/cmsy/m/n on input line 12.
LaTeX Font Info:    ... okay on input line 12.
LaTeX Font Info:    Checking defaults for OMX/cmex/m/n on input line 12.
LaTeX Font Info:    ... okay on input line 12.
LaTeX Font Info:    Checking defaults for U/cmr/m/n on input line 12.
LaTeX Font Info:    ... okay on input line 12.

(/usr/share/texlive/texmf-dist/tex/latex/ucs/ucsencs.def
File: ucsencs.def 2011/01/21 Fixes to fontencodings LGR, T3
)
(/usr/share/texlive/texmf-dist/tex/latex/graphics/graphicx.sty
Package: graphicx 2014/10/28 v1.0g Enhanced LaTeX Graphics (DPC,SPQR)

(/usr/share/texlive/texmf-dist/tex/latex/graphics/graphics.sty
Package: graphics 2016/10/09 v1.0u Standard LaTeX Graphics (DPC,SPQR)

(/usr/share/texlive/texmf-dist/tex/latex/graphics/trig.sty
Package: trig 2016/01/03 v1.10 sin cos tan (DPC)
)
(/usr/share/texlive/texmf-dist/tex/latex/graphics-cfg/graphics.cfg
File: graphics.cfg 2016/06/04 v1.11 sample graphics configuration
)
Package graphics Info: Driver file: pdftex.def on input line 99.

(/usr/share/texlive/texmf-dist/tex/latex/graphics-def/pdftex.def
File: pdftex.def 2017/01/12 v0.06k Graphics/color for pdfTeX

(/usr/share/texlive/texmf-dist/tex/generic/oberdiek/infwarerr.sty
Package: infwarerr 2016/05/16 v1.4 Providing info/warning/error messages (HO)
)
(/usr/share/texlive/texmf-dist/tex/generic/oberdiek/ltxcmds.sty
Package: ltxcmds 2016/05/16 v1.23 LaTeX kernel commands for general use (HO)
)
\Gread@gobject=\count122

(/usr/share/texlive/texmf-dist/tex/context/base/mkii/supp-pdf.mkii
[Loading MPS to PDF converter (version 2006.09.02).]
\scratchcounter=\count123
\scratchdimen=\dimen135
\scratchbox=\box29
\nofMPsegments=\count124
\nofMParguments=\count125
\everyMPshowfont=\toks32
\MPscratchCnt=\count126
\MPscratchDim=\dimen136
\MPnumerator=\count127
\makeMPintoPDFobject=\count128
\everyMPtoPDFconversion=\toks33
))) (/usr/share/texlive/texmf-dist/tex/generic/oberdiek/pdftexcmds.sty
Package: pdftexcmds 2016/05/21 v0.22 Utility functions of pdfTeX for LuaTeX (HO
)

(/usr/share/texlive/texmf-dist/tex/generic/oberdiek/ifluatex.sty
Package: ifluatex 2016/05/16 v1.4 Provides the ifluatex switch (HO)
Package ifluatex Info: LuaTeX not detected.
)
(/usr/share/texlive/texmf-dist/tex/generic/oberdiek/ifpdf.sty
Package: ifpdf 2016/05/14 v3.1 Provides the ifpdf switch
)
Package pdftexcmds Info: LuaTeX not detected.
Package pdftexcmds Info: \pdf@primitive is available.
Package pdftexcmds Info: \pdf@ifprimitive is available.
Package pdftexcmds Info: \pdfdraftmode found.
)
(/usr/share/texlive/texmf-dist/tex/latex/oberdiek/epstopdf-base.sty
Package: epstopdf-base 2016/05/15 v2.6 Base part for package epstopdf

(/usr/share/texlive/texmf-dist/tex/latex/oberdiek/grfext.sty
Package: grfext 2016/05/16 v1.2 Manage graphics extensions (HO)

(/usr/share/texlive/texmf-dist/tex/generic/oberdiek/kvdefinekeys.sty
Package: kvdefinekeys 2016/05/16 v1.4 Define keys (HO)
))
(/usr/share/texlive/texmf-dist/tex/latex/oberdiek/kvoptions.sty
Package: kvoptions 2016/05/16 v3.12 Key value format for package options (HO)

(/usr/share/texlive/texmf-dist/tex/generic/oberdiek/kvsetkeys.sty
Package: kvsetkeys 2016/05/16 v1.17 Key value parser (HO)

(/usr/share/texlive/texmf-dist/tex/generic/oberdiek/etexcmds.sty
Package: etexcmds 2016/05/16 v1.6 Avoid name clashes with e-TeX commands (HO)
Package etexcmds Info: Could not find \expanded.
(etexcmds)             That can mean that you are not using pdfTeX 1.50 or
(etexcmds)             that some package has redefined \expanded.
(etexcmds)             In the latter case, load this package earlier.
)))
Package epstopdf-base Info: Redefining graphics rule for `.eps' on input line 4
38.
Package grfext Info: Graphics extension search list:
(grfext)             [.png,.pdf,.jpg,.mps,.jpeg,.jbig2,.jb2,.PNG,.PDF,.JPG,.JPE
G,.JBIG2,.JB2,.eps]
(grfext)             \AppendGraphicsExtensions on input line 456.

(/usr/share/texlive/texmf-dist/tex/latex/latexconfig/epstopdf-sys.cfg
File: epstopdf-sys.cfg 2010/07/13 v1.3 Configuration of (r)epstopdf for TeX Liv
e
))
\Gin@req@height=\dimen137
\Gin@req@width=\dimen138
)
Package caption Info: Begin \AtBeginDocument code.
Package caption Info: End \AtBeginDocument code.

(/usr/share/texlive/texmf-dist/tex/latex/ucs/data/uni-1.def
File: uni-1.def 2013/05/13 UCS: Unicode data U+0100..U+01FF
)
(/usr/share/texlive/texmf-dist/tex/latex/ucs/data/uni-0.def
File: uni-0.def 2013/05/13 UCS: Unicode data U+0000..U+00FF
)
LaTeX Font Info:    Try loading font information for U+msa on input line 14.

(/usr/share/texlive/texmf-dist/tex/latex/amsfonts/umsa.fd
File: umsa.fd 2013/01/14 v3.01 AMS symbols A
)
LaTeX Font Info:    Try loading font information for U+msb on input line 14.

(/usr/share/texlive/texmf-dist/tex/latex/amsfonts/umsb.fd
File: umsb.fd 2013/01/14 v3.01 AMS symbols B
)
LaTeX Font Info:    Try loading font information for U+rsfs on input line 14.

(/usr/share/texlive/texmf-dist/tex/latex/jknapltx/ursfs.fd
File: ursfs.fd 1998/03/24 rsfs font definition file (jk)
) (./fapa.toc)
\tf@toc=\write3
\openout3 = `fapa.toc'.


[1



{/var/lib/texmf/fonts/map/pdftex/updmap/pdftex.map}]
LaTeX Font Info:    Try loading font information for OMS+cmtt on input line 24.

LaTeX Font Info:    No file OMScmtt.fd. on input line 24.


LaTeX Font Warning: Font shape `OMS/cmtt/m/n' undefined
(Font)              using `OMS/cmsy/m/n' instead
(Font)              for symbol `textbraceleft' on input line 24.


LaTeX Warning: Citation `Law-FinAut' on page 2 undefined on input line 45.


Overfull \hbox (7.83754pt too wide) in paragraph at lines 49--50
\OT1/cmr/bx/n/10 Definice 0.2 \OT1/cmr/m/n/10 (Form^^Saln^^S^^P gra-ma-tika)\OT
1/cmr/bx/n/10 . \OT1/cmr/m/it/10 Jako form^^Saln^^S^^P gra-ma-tiku ozna^^Tcujem
e ^^Tctve^^Trici
 []

[2]

LaTeX Warning: Citation `Pee-FuzAcSynPatRec' on page 3 undefined on input line 
120.

[3] [4]
Overfull \hbox (1.86185pt too wide) in paragraph at lines 150--151
\OT1/cmr/m/n/10 To by v^^Tsak zkom-pli-ko-valo im-ple-men-taci ta-kov^^Seho au-
to-matu a proto toto roz^^Ts^^S^^P^^Tren^^S^^P
 []


LaTeX Warning: Citation `Wol-NewKinSci' on page 5 undefined on input line 165.


Overfull \hbox (9.7689pt too wide) in paragraph at lines 165--166
\OT1/cmr/m/n/10 Dle [[]] se s nimi lze se-tkat v ma-te-ma-tice, in-for-ma-tice,
 fy-zice, bi-o-lo-gii, spole^^Tcensk^^Sych
 []


LaTeX Warning: Citation `WhiEngInj-UsConsCelAuHiResModUrbLanUsDyn' on page 5 un
defined on input line 169.


LaTeX Warning: Citation `DiwPatGup-CelAutBasEdDetBraTum' on page 5 undefined on
 input line 169.


LaTeX Warning: Citation `MofSadRezMey-CelEdDetComCelAuCelLeaAu' on page 5 undef
ined on input line 169.


LaTeX Warning: Citation `BatXie-CellCity' on page 5 undefined on input line 169
.


Overfull \hbox (3.56282pt too wide) in paragraph at lines 169--170
[]\OT1/cmr/m/n/10 Nap^^Tr^^S^^Pklad [[]] pou^^Tz^^S^^Pv^^Sa ^^Tc^^S^^Psla z in-
ter-valu $[0\OML/cmm/m/it/10 ; \OT1/cmr/m/n/10 1]$ jako vstupn^^S^^P in-for-mac
i. [[]] pou^^Tz^^S^^Pv^^Sa
 []


LaTeX Warning: Citation `NayPatMah-SurTwDimCelAutAppImProc' on page 5 undefined
 on input line 171.


LaTeX Warning: Citation `Pla-FuzCelModTrafDatFus' on page 5 undefined on input 
line 173.


LaTeX Warning: Citation `CheMyn-ModAlgBloDutCosWat+' on page 5 undefined on inp
ut line 173.


Overfull \hbox (2.75166pt too wide) in paragraph at lines 173--174
\OT1/cmr/m/n/10 ^^Tre^^Tseny si-mu-lace hus-toty do-pravy [[]], r^^Wustu mo^^Tr
sk^^Sych ^^Tras u pob^^Tre^^Tz^^S^^P [[]] ^^Tci pl^^Sanov^^San^^S^^P
 []


LaTeX Warning: Citation `MarMeySol-HybMetGasDifModFuzCelAutImSha' on page 5 und
efined on input line 175.


LaTeX Warning: Citation `ZhaLiZha-EdgDetImaBasFuzCelAut' on page 5 undefined on
 input line 175.


LaTeX Warning: Citation `NayPatMah-SurTwDimCelAutAppImProc' on page 5 undefined
 on input line 175.


LaTeX Warning: Citation `MarMeySol-HybMetGasDifModFuzCelAutImSha' on page 5 und
efined on input line 175.


LaTeX Warning: Citation `WanJiaZhoDu-ImProcBasFuzCelAuMod' on page 5 undefined 
on input line 175.


LaTeX Warning: Citation `MajCha-FuzCelAutModPatClas' on page 5 undefined on inp
ut line 175.


LaTeX Warning: Citation `SadRetKam-EfMetImpNoiRedImFuzCelAut' on page 5 undefin
ed on input line 175.


LaTeX Warning: Citation `SahUguSah-SalPepNoiFilFuzCelAut' on page 5 undefined o
n input line 175.


LaTeX Warning: Citation `NayPatMah-SurTwDimCelAutAppImProc' on page 5 undefined
 on input line 175.

[5]

LaTeX Warning: Citation `War+-StoConCelModUrbGro' on page 6 undefined on input 
line 177.


LaTeX Warning: Citation `Wu-CalStoCelAutAppRurUrbLanConv' on page 6 undefined o
n input line 177.


LaTeX Warning: Citation `TofMar-CelAuMach+.pdf' on page 6 undefined on input li
ne 177.


Overfull \hbox (0.69623pt too wide) in paragraph at lines 177--178
[]\OT1/cmr/m/n/10 Co se pravd^^Tepodobnostn^^S^^Pch bun^^Te^^Tcn^^Sych au-to-ma
t^^Wu t^^Sy^^Tce, ty nach^^Sazej^^S^^P uplatn^^Ten^^S^^P
 []


Overfull \hbox (5.03629pt too wide) in paragraph at lines 177--178
\OT1/cmr/m/n/10 v^^Tsude tam, kde je t^^Treba do-dat n^^Sahodnost a ne-pra-vi-d
el-nost. Nap^^Tr^^S^^Pklad pro probl^^Sem
 []


LaTeX Warning: Citation `LiYe-NeuNetBasCelAutSim+' on page 6 undefined on input
 line 179.


LaTeX Warning: Citation `YehLi-SimLanDevIntCelAutMulCriEv' on page 6 undefined 
on input line 179.


LaTeX Warning: Citation `Ahm+-CalFuzCelAutModUrbDynSauAr' on page 6 undefined o
n input line 179.


LaTeX Warning: Citation `MarMeySol-HybMetGasDifModFuzCelAutImSha' on page 6 und
efined on input line 179.


LaTeX Warning: Citation `MofSadRezMey-CelEdDetComCelAuCelLeaAu' on page 6 undef
ined on input line 179.

[6] (/usr/share/texlive/texmf-dist/tex/latex/ucs/data/uni-32.def
File: uni-32.def 2013/05/13 UCS: Unicode data U+2000..U+20FF
)

LaTeX Warning: Citation `SalKarMor-ModRobAtDeHuRoIntUsFiFuStMa' on page 7 undef
ined on input line 233.


LaTeX Warning: Citation `GraPat-FuzLogFinStaMacModReaTimSys' on page 7 undefine
d on input line 249.

[7] (./fapa.bbl) [8] (./fapa.aux)

LaTeX Font Warning: Some font shapes were not available, defaults substituted.


LaTeX Warning: There were undefined references.

 ) 
Here is how much of TeX's memory you used:
 6739 strings out of 494330
 95032 string characters out of 6163450
 164272 words of memory out of 5000000
 9938 multiletter control sequences out of 15000+600000
 15528 words of font info for 63 fonts, out of 8000000 for 9000
 360 hyphenation exceptions out of 8191
 53i,7n,42p,966b,599s stack positions out of 5000i,500n,10000p,200000b,80000s
</usr/share/texlive/texmf-dist/fonts/type1/public/amsfonts/cm/cmbx10.pfb></us
r/share/texlive/texmf-dist/fonts/type1/public/amsfonts/cm/cmbx12.pfb></usr/shar
e/texlive/texmf-dist/fonts/type1/public/amsfonts/cm/cmmi10.pfb></usr/share/texl
ive/texmf-dist/fonts/type1/public/amsfonts/cm/cmmi7.pfb></usr/share/texlive/tex
mf-dist/fonts/type1/public/amsfonts/cm/cmmi9.pfb></usr/share/texlive/texmf-dist
/fonts/type1/public/amsfonts/cm/cmr10.pfb></usr/share/texlive/texmf-dist/fonts/
type1/public/amsfonts/cm/cmr12.pfb></usr/share/texlive/texmf-dist/fonts/type1/p
ublic/amsfonts/cm/cmr17.pfb></usr/share/texlive/texmf-dist/fonts/type1/public/a
msfonts/cm/cmr7.pfb></usr/share/texlive/texmf-dist/fonts/type1/public/amsfonts/
cm/cmr9.pfb></usr/share/texlive/texmf-dist/fonts/type1/public/amsfonts/cm/cmss8
.pfb></usr/share/texlive/texmf-dist/fonts/type1/public/amsfonts/cm/cmsy10.pfb><
/usr/share/texlive/texmf-dist/fonts/type1/public/amsfonts/cm/cmsy7.pfb></usr/sh
are/texlive/texmf-dist/fonts/type1/public/amsfonts/cm/cmsy9.pfb></usr/share/tex
live/texmf-dist/fonts/type1/public/amsfonts/cm/cmti10.pfb></usr/share/texlive/t
exmf-dist/fonts/type1/public/amsfonts/cm/cmti9.pfb></usr/share/texlive/texmf-di
st/fonts/type1/public/amsfonts/cm/cmtt10.pfb></usr/share/texlive/texmf-dist/fon
ts/type1/public/amsfonts/cm/cmtt9.pfb>
Output written on fapa.pdf (8 pages, 230484 bytes).
PDF statistics:
 103 PDF objects out of 1000 (max. 8388607)
 74 compressed objects within 1 object stream
 0 named destinations out of 1000 (max. 500000)
 1 words of extra memory for PDF output out of 10000 (max. 10000000)

