This is pdfTeX, Version 3.14159265-2.6-1.40.15 (TeX Live 2015/dev/Debian) (preloaded format=pdflatex 2015.11.29)  21 FEB 2017 13:42
entering extended mode
 restricted \write18 enabled.
 %&-line parsing enabled.
**notes.tex
(./notes.tex
LaTeX2e <2014/05/01>
Babel <3.9l> and hyphenation patterns for 29 languages loaded.
(/usr/share/texlive/texmf-dist/tex/latex/base/article.cls
Document Class: article 2014/09/29 v1.4h Standard LaTeX document class
(/usr/share/texlive/texmf-dist/tex/latex/base/size10.clo
File: size10.clo 2014/09/29 v1.4h Standard LaTeX file (size option)
)
\c@part=\count79
\c@section=\count80
\c@subsection=\count81
\c@subsubsection=\count82
\c@paragraph=\count83
\c@subparagraph=\count84
\c@figure=\count85
\c@table=\count86
\abovecaptionskip=\skip41
\belowcaptionskip=\skip42
\bibindent=\dimen102
)
(/usr/share/texlive/texmf-dist/tex/latex/base/inputenc.sty
Package: inputenc 2014/04/30 v1.2b Input encoding file
\inpenc@prehook=\toks14
\inpenc@posthook=\toks15

(/usr/share/texlive/texmf-dist/tex/latex/ucs/utf8x.def
File: utf8x.def 2004/10/17 UCS: Input encoding UTF-8
))
(/usr/share/texlive/texmf-dist/tex/latex/ucs/ucs.sty
Package: ucs 2013/05/11 v2.2 UCS: Unicode input support

(/usr/share/texlive/texmf-dist/tex/latex/ucs/data/uni-global.def
File: uni-global.def 2013/05/13 UCS: Unicode global data
)
\uc@secondtry=\count87
\uc@combtoks=\toks16
\uc@combtoksb=\toks17
\uc@temptokena=\toks18
)
(/usr/share/texlive/texmf-dist/tex/generic/babel/babel.sty
Package: babel 2014/09/25 3.9l The Babel package

(/usr/share/texlive/texmf-dist/tex/generic/babel-czech/czech.ldf
Language: czech 2008/07/06 v3.1a Czech support from the babel system

(/usr/share/texlive/texmf-dist/tex/generic/babel/babel.def
File: babel.def 2014/09/25 3.9l Babel common definitions
\babel@savecnt=\count88
\U@D=\dimen103
)
Package babel Info: Making " an active character on input line 172.
\cs@wordlen=\count89
Package babel Info: Making - an active character on input line 226.
))
\@input{headers.aux}
\openout2 = `headers.aux'.

(./headers.tex (/usr/share/texlive/texmf-dist/tex/latex/amscls/amsthm.sty
Package: amsthm 2009/07/02 v2.20.1
\thm@style=\toks19
\thm@bodyfont=\toks20
\thm@headfont=\toks21
\thm@notefont=\toks22
\thm@headpunct=\toks23
\thm@preskip=\skip43
\thm@postskip=\skip44
\thm@headsep=\skip45
\dth@everypar=\toks24
)
(/usr/share/texlive/texmf-dist/tex/latex/amsmath/amsmath.sty
Package: amsmath 2013/01/14 v2.14 AMS math features
\@mathmargin=\skip46

For additional information on amsmath, use the `?' option.
(/usr/share/texlive/texmf-dist/tex/latex/amsmath/amstext.sty
Package: amstext 2000/06/29 v2.01

(/usr/share/texlive/texmf-dist/tex/latex/amsmath/amsgen.sty
File: amsgen.sty 1999/11/30 v2.0
\@emptytoks=\toks25
\ex@=\dimen104
))
(/usr/share/texlive/texmf-dist/tex/latex/amsmath/amsbsy.sty
Package: amsbsy 1999/11/29 v1.2d
\pmbraise@=\dimen105
)
(/usr/share/texlive/texmf-dist/tex/latex/amsmath/amsopn.sty
Package: amsopn 1999/12/14 v2.01 operator names
)
\inf@bad=\count90
LaTeX Info: Redefining \frac on input line 210.
\uproot@=\count91
\leftroot@=\count92
LaTeX Info: Redefining \overline on input line 306.
\classnum@=\count93
\DOTSCASE@=\count94
LaTeX Info: Redefining \ldots on input line 378.
LaTeX Info: Redefining \dots on input line 381.
LaTeX Info: Redefining \cdots on input line 466.
\Mathstrutbox@=\box26
\strutbox@=\box27
\big@size=\dimen106
LaTeX Font Info:    Redeclaring font encoding OML on input line 566.
LaTeX Font Info:    Redeclaring font encoding OMS on input line 567.
\macc@depth=\count95
\c@MaxMatrixCols=\count96
\dotsspace@=\muskip10
\c@parentequation=\count97
\dspbrk@lvl=\count98
\tag@help=\toks26
\row@=\count99
\column@=\count100
\maxfields@=\count101
\andhelp@=\toks27
\eqnshift@=\dimen107
\alignsep@=\dimen108
\tagshift@=\dimen109
\tagwidth@=\dimen110
\totwidth@=\dimen111
\lineht@=\dimen112
\@envbody=\toks28
\multlinegap=\skip47
\multlinetaggap=\skip48
\mathdisplay@stack=\toks29
LaTeX Info: Redefining \[ on input line 2665.
LaTeX Info: Redefining \] on input line 2666.
)
(/usr/share/texlive/texmf-dist/tex/latex/amsfonts/amsfonts.sty
Package: amsfonts 2013/01/14 v3.01 Basic AMSFonts support
\symAMSa=\mathgroup4
\symAMSb=\mathgroup5
LaTeX Font Info:    Overwriting math alphabet `\mathfrak' in version `bold'
(Font)                  U/euf/m/n --> U/euf/b/n on input line 106.
)
(/usr/share/texlive/texmf-dist/tex/latex/mathtools/mathtools.sty
Package: mathtools 2014/07/16 v1.15 mathematical typesetting tools

(/usr/share/texlive/texmf-dist/tex/latex/graphics/keyval.sty
Package: keyval 2014/05/08 v1.15 key=value parser (DPC)
\KV@toks@=\toks30
)
(/usr/share/texlive/texmf-dist/tex/latex/tools/calc.sty
Package: calc 2014/10/28 v4.3 Infix arithmetic (KKT,FJ)
\calc@Acount=\count102
\calc@Bcount=\count103
\calc@Adimen=\dimen113
\calc@Bdimen=\dimen114
\calc@Askip=\skip49
\calc@Bskip=\skip50
LaTeX Info: Redefining \setlength on input line 75.
LaTeX Info: Redefining \addtolength on input line 76.
\calc@Ccount=\count104
\calc@Cskip=\skip51
)
(/usr/share/texlive/texmf-dist/tex/latex/mathtools/mhsetup.sty
Package: mhsetup 2010/01/21 v1.2a programming setup (MH)
)
LaTeX Info: Thecontrolsequence`\['isalreadyrobust on input line 129.
LaTeX Info: Thecontrolsequence`\]'isalreadyrobust on input line 129.
\g_MT_multlinerow_int=\count105
\l_MT_multwidth_dim=\dimen115
\origjot=\skip52
\l_MT_shortvdotswithinadjustabove_dim=\dimen116
\l_MT_shortvdotswithinadjustbelow_dim=\dimen117
\l_MT_above_intertext_sep=\dimen118
\l_MT_below_intertext_sep=\dimen119
\l_MT_above_shortintertext_sep=\dimen120
\l_MT_below_shortintertext_sep=\dimen121
)
(/usr/share/texlive/texmf-dist/tex/latex/cases/cases.sty
Package: cases 2002/05/02 ver 2.5 
)
(/usr/share/texlive/texmf-dist/tex/latex/multirow/multirow.sty
\bigstrutjot=\dimen122
)
\c@definition=\count106
\c@theorem=\count107
\c@note=\count108
\c@example=\count109
) (./notes.aux)
\openout1 = `notes.aux'.

LaTeX Font Info:    Checking defaults for OML/cmm/m/it on input line 12.
LaTeX Font Info:    ... okay on input line 12.
LaTeX Font Info:    Checking defaults for T1/cmr/m/n on input line 12.
LaTeX Font Info:    ... okay on input line 12.
LaTeX Font Info:    Checking defaults for OT1/cmr/m/n on input line 12.
LaTeX Font Info:    ... okay on input line 12.
LaTeX Font Info:    Checking defaults for OMS/cmsy/m/n on input line 12.
LaTeX Font Info:    ... okay on input line 12.
LaTeX Font Info:    Checking defaults for OMX/cmex/m/n on input line 12.
LaTeX Font Info:    ... okay on input line 12.
LaTeX Font Info:    Checking defaults for U/cmr/m/n on input line 12.
LaTeX Font Info:    ... okay on input line 12.

(/usr/share/texlive/texmf-dist/tex/latex/ucs/ucsencs.def
File: ucsencs.def 2011/01/21 Fixes to fontencodings LGR, T3
)
(/usr/share/texlive/texmf-dist/tex/latex/graphics/graphicx.sty
Package: graphicx 2014/04/25 v1.0g Enhanced LaTeX Graphics (DPC,SPQR)

(/usr/share/texlive/texmf-dist/tex/latex/graphics/graphics.sty
Package: graphics 2009/02/05 v1.0o Standard LaTeX Graphics (DPC,SPQR)

(/usr/share/texlive/texmf-dist/tex/latex/graphics/trig.sty
Package: trig 1999/03/16 v1.09 sin cos tan (DPC)
)
(/usr/share/texlive/texmf-dist/tex/latex/latexconfig/graphics.cfg
File: graphics.cfg 2010/04/23 v1.9 graphics configuration of TeX Live
)
Package graphics Info: Driver file: pdftex.def on input line 91.

(/usr/share/texlive/texmf-dist/tex/latex/pdftex-def/pdftex.def
File: pdftex.def 2011/05/27 v0.06d Graphics/color for pdfTeX

(/usr/share/texlive/texmf-dist/tex/generic/oberdiek/infwarerr.sty
Package: infwarerr 2010/04/08 v1.3 Providing info/warning/error messages (HO)
)
(/usr/share/texlive/texmf-dist/tex/generic/oberdiek/ltxcmds.sty
Package: ltxcmds 2011/11/09 v1.22 LaTeX kernel commands for general use (HO)
)
\Gread@gobject=\count110

(/usr/share/texlive/texmf-dist/tex/context/base/supp-pdf.mkii
[Loading MPS to PDF converter (version 2006.09.02).]
\scratchcounter=\count111
\scratchdimen=\dimen123
\scratchbox=\box28
\nofMPsegments=\count112
\nofMParguments=\count113
\everyMPshowfont=\toks31
\MPscratchCnt=\count114
\MPscratchDim=\dimen124
\MPnumerator=\count115
\makeMPintoPDFobject=\count116
\everyMPtoPDFconversion=\toks32
))) (/usr/share/texlive/texmf-dist/tex/generic/oberdiek/pdftexcmds.sty
Package: pdftexcmds 2011/11/29 v0.20 Utility functions of pdfTeX for LuaTeX (HO
)

(/usr/share/texlive/texmf-dist/tex/generic/oberdiek/ifluatex.sty
Package: ifluatex 2010/03/01 v1.3 Provides the ifluatex switch (HO)
Package ifluatex Info: LuaTeX not detected.
)
(/usr/share/texlive/texmf-dist/tex/generic/oberdiek/ifpdf.sty
Package: ifpdf 2011/01/30 v2.3 Provides the ifpdf switch (HO)
Package ifpdf Info: pdfTeX in PDF mode is detected.
)
Package pdftexcmds Info: LuaTeX not detected.
Package pdftexcmds Info: \pdf@primitive is available.
Package pdftexcmds Info: \pdf@ifprimitive is available.
Package pdftexcmds Info: \pdfdraftmode found.
)
(/usr/share/texlive/texmf-dist/tex/latex/oberdiek/epstopdf-base.sty
Package: epstopdf-base 2010/02/09 v2.5 Base part for package epstopdf

(/usr/share/texlive/texmf-dist/tex/latex/oberdiek/grfext.sty
Package: grfext 2010/08/19 v1.1 Manage graphics extensions (HO)

(/usr/share/texlive/texmf-dist/tex/generic/oberdiek/kvdefinekeys.sty
Package: kvdefinekeys 2011/04/07 v1.3 Define keys (HO)
))
(/usr/share/texlive/texmf-dist/tex/latex/oberdiek/kvoptions.sty
Package: kvoptions 2011/06/30 v3.11 Key value format for package options (HO)

(/usr/share/texlive/texmf-dist/tex/generic/oberdiek/kvsetkeys.sty
Package: kvsetkeys 2012/04/25 v1.16 Key value parser (HO)

(/usr/share/texlive/texmf-dist/tex/generic/oberdiek/etexcmds.sty
Package: etexcmds 2011/02/16 v1.5 Avoid name clashes with e-TeX commands (HO)
Package etexcmds Info: Could not find \expanded.
(etexcmds)             That can mean that you are not using pdfTeX 1.50 or
(etexcmds)             that some package has redefined \expanded.
(etexcmds)             In the latter case, load this package earlier.
)))
Package grfext Info: Graphics extension search list:
(grfext)             [.png,.pdf,.jpg,.mps,.jpeg,.jbig2,.jb2,.PNG,.PDF,.JPG,.JPE
G,.JBIG2,.JB2,.eps]
(grfext)             \AppendGraphicsExtensions on input line 452.

(/usr/share/texlive/texmf-dist/tex/latex/latexconfig/epstopdf-sys.cfg
File: epstopdf-sys.cfg 2010/07/13 v1.3 Configuration of (r)epstopdf for TeX Liv
e
))
\Gin@req@height=\dimen125
\Gin@req@width=\dimen126
)
(/usr/share/texlive/texmf-dist/tex/latex/ucs/data/uni-1.def
File: uni-1.def 2013/05/13 UCS: Unicode data U+0100..U+01FF
)
(/usr/share/texlive/texmf-dist/tex/latex/ucs/data/uni-0.def
File: uni-0.def 2013/05/13 UCS: Unicode data U+0000..U+00FF
)
LaTeX Font Info:    Try loading font information for U+msa on input line 14.

(/usr/share/texlive/texmf-dist/tex/latex/amsfonts/umsa.fd
File: umsa.fd 2013/01/14 v3.01 AMS symbols A
)
LaTeX Font Info:    Try loading font information for U+msb on input line 14.

(/usr/share/texlive/texmf-dist/tex/latex/amsfonts/umsb.fd
File: umsb.fd 2013/01/14 v3.01 AMS symbols B
) (./notes.toc)
\tf@toc=\write3
\openout3 = `notes.toc'.


[1



{/home/martin/.texmf-var/fonts/map/pdftex/updmap/pdftex.map}] [2]
Overfull \hbox (2.3974pt too wide) in paragraph at lines 87--87
[]\OT1/cmr/bx/n/10 Fuzzy au-to-mata with $\OML/cmm/m/it/10 ^^O$\OT1/cmr/bx/n/10
 -moves com-pute fuzzy me-a-su-res be-tween strings
 []


Overfull \hbox (13.68707pt too wide) in paragraph at lines 108--109
[]\OT1/cmr/m/n/10 Mno^^Tzina $\OML/cmm/m/it/10 G\OT1/cmr/m/n/10 (\OML/cmm/m/it/
10 ; !\OT1/cmr/m/n/10 )$ n^^Sam re-pre-ze-nuje v^^Tsechny mo^^Tzn^^Se zp^^Wuso
by, jak p^^Tretransformovat
 []

[3]
Overfull \hbox (17.69516pt too wide) in paragraph at lines 128--129
[]\OT1/cmr/m/n/10 P^^Trechodem z []b^^Te^^Tzn^^Sych\ sym-bol^^Wu na fuzzy sym-b
oly n^^Sam v^^Tsak p^^Trest^^Sav^^Sa dosta^^Tcovat
 []


Overfull \hbox (7.4307pt too wide) in paragraph at lines 128--129
\OT1/cmr/m/n/10 kla-sick^^Sy au-to-mat. Je proto nutn^^Se pou^^Tz^^S^^Pt mocn^^
Tej^^Ts^^S^^P n^^Saststroj. Auto^^Tri proto pou^^Tz^^S^^Pvaj^^S^^P
 []


Overfull \hbox (13.81001pt too wide) in paragraph at lines 133--134
\OT1/cmr/m/it/10 dou $\OT1/cmr/m/n/10 ^^F$\OT1/cmr/m/it/10 . Au-to-mat roz-pozn
^^Savaj^^S^^Pc^^S^^P $\OML/cmm/m/it/10 !$ \OT1/cmr/m/it/10 je pak kone^^Tcn^^Sy
 au-to-mat $\OML/cmm/m/it/10 M\OT1/cmr/m/n/10 (\OML/cmm/m/it/10 !\OT1/cmr/m/n/1
0 ) = \OMS/cmsy/m/n/10 h\OML/cmm/m/it/10 Q; \OT1/cmr/m/n/10 ^^F\OML/cmm/m/it/10
 ; ^^N; q[]; \OMS/cmsy/m/n/10 f\OML/cmm/m/it/10 q[]\OMS/cmsy/m/n/10 gi$
 []


Overfull \hbox (31.78975pt too wide) in paragraph at lines 146--147
\OT1/cmr/m/it/10 p^^Trij^^S^^Pmaj^^S^^Pc^^S^^P $\OML/cmm/m/it/10 !$\OT1/cmr/m/i
t/10 . Pak de-fi-nu-jeme fuzzy de-for-mo-van^^Sy au-to-mat $\OML/cmm/m/it/10 MD
\OT1/cmr/m/n/10 (\OML/cmm/m/it/10 !\OT1/cmr/m/n/10 )$ \OT1/cmr/m/it/10 jako $\O
MS/cmsy/m/n/10 h\OML/cmm/m/it/10 Q; \OT1/cmr/m/n/10 ^^F\OML/cmm/m/it/10 ; ^^V; 
^^[; ^^Q; []\OMS/cmsy/m/n/10 i$\OT1/cmr/m/it/10 ,
 []

LaTeX Font Info:    Try loading font information for OMS+cmr on input line 148.

(/usr/share/texlive/texmf-dist/tex/latex/base/omscmr.fd
File: omscmr.fd 2014/09/29 v2.5h Standard LaTeX font definitions
)
LaTeX Font Info:    Font shape `OMS/cmr/m/it' in size <10> not available
(Font)              Font shape `OMS/cmsy/m/n' tried instead on input line 148.
 [4]
LaTeX Font Info:    Font shape `OMS/cmr/m/n' in size <10> not available
(Font)              Font shape `OMS/cmsy/m/n' tried instead on input line 189.
 [5] [6] [7]
Overfull \hbox (13.00175pt too wide) in paragraph at lines 291--292
[]\OT1/cmr/m/n/10 Na konci zmi^^Tnuj^^S^^P, ^^Tze pou^^Tzit^^S^^P fuzzy au-to-m
atu v t^^Techto si-tuac^^S^^Pch p^^Trin^^Sa^^Ts^^S^^P p^^Tredev^^Ts^^S^^Pm
 []

[8]
Overfull \hbox (137.33449pt too wide) in paragraph at lines 375--376
\OT1/cmr/m/n/10 http://search.proquest.com/computerscience/docview/1784418314/5
5737592510249A1PQ/6?accountid=16730 
 []


Overfull \hbox (132.33447pt too wide) in paragraph at lines 378--379
\OT1/cmr/m/n/10 http://search.proquest.com/computerscience/docview/963845527/55
737592510249A1PQ/5?accountid=16730 
 []

[9]
Overfull \hbox (54.78522pt too wide) in paragraph at lines 395--396
[]\OT1/cmr/m/n/10 Inverse fuzzy au-to-mata and in-verse fuzzy lan-gu-ages, http
://www.afmi.or.kr/articles[]in[] 
 []


Overfull \hbox (144.19655pt too wide) in paragraph at lines 396--397
[]\OT1/cmr/m/n/10 Entropies of pro-ba-bi-lis-tic gra-m-mars, http://www.science
direct.com/science/article/pii/S0019995874907992 
 []


Overfull \hbox (16.91751pt too wide) in paragraph at lines 398--399
[]\OT1/cmr/m/n/10 Applied Au-to-mata The-ory (hlavn^^Te pravd^^Tepodobnostn^^S^
^P) http://bit.ly/2cCHJ8i 
 []


Overfull \hbox (164.64003pt too wide) in paragraph at lines 399--400
[]\OT1/cmr/m/n/10 PRISM: A Tool for Au-to-ma-tic Ve-ri-fi-cation of Pro-ba-bi-l
is-tic Sys-tems, http://eprints.gla.ac.uk/43841/1/43841.pdf, 
 []


Overfull \hbox (144.22775pt too wide) in paragraph at lines 402--403
[]\OT1/cmr/m/n/10 Approximate String Matching by Fuzzy Au-to-mata, ano-tace: ht
tp://link.springer.com/chapter/10.1007/978-
 []


Overfull \hbox (220.12444pt too wide) in paragraph at lines 406--407
[]\OT1/cmr/m/n/10 Latent De-pen-dency Fo-rest Mo-dels, https://www.researchgate
.net/publication/307931171[]Latent[]Dependency[]Forest[]Models 
 []

(/usr/share/texlive/texmf-dist/tex/latex/ucs/data/uni-2.def
File: uni-2.def 2013/05/13 UCS: Unicode data U+0200..U+02FF
)
Overfull \hbox (74.41768pt too wide) in paragraph at lines 408--410
[]\OT1/cmr/m/n/10 http://citeseerx.ist.psu.edu/viewdoc/download?doi=10.1.1.483.
4871&rep=rep1&type=pdf
 []


Overfull \hbox (204.15015pt too wide) in paragraph at lines 411--412
\OT1/cmr/m/n/10 STA-TES. A. CHOU-BEY AND K. M. RAVI. 2013. http://ijfs.usb.ac.i
r/pdf[]164[]8f88d3102db5acd9349513069a44355a.html 
 []


Overfull \hbox (3.33395pt too wide) in paragraph at lines 414--415
[]\OT1/cmr/m/n/10 cao-ezawa-nondeterministic-fuzzy-automata-paper.pdf (v re-sou
r-ces je bam-
 []

[10] (/usr/share/texlive/texmf-dist/tex/latex/ucs/data/uni-32.def
File: uni-32.def 2013/05/13 UCS: Unicode data U+2000..U+20FF
)
Overfull \hbox (61.83519pt too wide) in paragraph at lines 445--446
[]\OT1/cmr/m/n/10 Social Co-gni-tive Lear-ning The-ory and other The-o-ries and
 Mo-dels, https://www.learning-
 []

[11]
Overfull \hbox (95.94977pt too wide) in paragraph at lines 446--447
[]\OT1/cmr/m/n/10 Zadeh: Fuzzy al-go-ri-thms, http://www.sciencedirect.com/scie
nce/article/pii/S0019995868902118 
 []

[12] (./notes.bbl [13]
Underfull \hbox (badness 8151) in paragraph at lines 117--123
[]\OT1/cmr/m/n/10 Szilveszter Kov^^Sacs.  Fuzzy re-a-so-ning and fuzzy au-to-ma
ta in
 []


Underfull \hbox (badness 10000) in paragraph at lines 117--123
\OT1/cmr/m/n/10 user adap-tive sys-tems.  \OT1/cmr/m/it/10 De-part-ment of In-f
or-mation Tech-
 []


Underfull \hbox (badness 10000) in paragraph at lines 117--123
\OT1/cmr/m/it/10 no-logy, Uni-ver-sity of Miskolc\OT1/cmr/m/n/10 , 2002.  http:
//users.iit.uni-
 []


Overfull \hbox (2.22292pt too wide) in paragraph at lines 117--123
\OT1/cmr/m/n/10 miskolc.hu/ szkovacs/Research/UserAdaptiveApplications/HunKorea
n02fl-
 []

[14]
Underfull \hbox (badness 10000) in paragraph at lines 198--203
[]\OT1/cmr/m/n/10 Akhil Ra-n-jan Roy Supriya Ku-mar De, Ra-n-jit Bis-
 []


Underfull \hbox (badness 10000) in paragraph at lines 198--203
\OT1/cmr/m/n/10 was.  An ap-pli-cation of in-tu-i-ti-o-nis-tic fuzzy sets in me
-di-
 []


Underfull \hbox (badness 10000) in paragraph at lines 198--203
\OT1/cmr/m/n/10 cal di-a-gno-sis.  \OT1/cmr/m/it/10 Fuzzy Sets and Sys-tems\OT1
/cmr/m/n/10 , 2001.  abs-trakt:
 []

) [15] (./notes.aux) ) 
Here is how much of TeX's memory you used:
 5373 strings out of 494422
 70891 string characters out of 6164715
 136135 words of memory out of 5000000
 8519 multiletter control sequences out of 15000+600000
 14437 words of font info for 55 fonts, out of 8000000 for 9000
 360 hyphenation exceptions out of 8191
 51i,12n,27p,813b,597s stack positions out of 5000i,500n,10000p,200000b,80000s
</usr/share/texlive/texmf-dist/fonts/type1/public/amsfont
s/cm/cmbx10.pfb></usr/share/texlive/texmf-dist/fonts/type1/public/amsfonts/cm/c
mbx12.pfb></usr/share/texlive/texmf-dist/fonts/type1/public/amsfonts/cm/cmex10.
pfb></usr/share/texlive/texmf-dist/fonts/type1/public/amsfonts/cmextra/cmex7.pf
b></usr/share/texlive/texmf-dist/fonts/type1/public/amsfonts/cm/cmmi10.pfb></us
r/share/texlive/texmf-dist/fonts/type1/public/amsfonts/cm/cmmi7.pfb></usr/share
/texlive/texmf-dist/fonts/type1/public/amsfonts/cm/cmmi9.pfb></usr/share/texliv
e/texmf-dist/fonts/type1/public/amsfonts/cm/cmr10.pfb></usr/share/texlive/texmf
-dist/fonts/type1/public/amsfonts/cm/cmr12.pfb></usr/share/texlive/texmf-dist/f
onts/type1/public/amsfonts/cm/cmr17.pfb></usr/share/texlive/texmf-dist/fonts/ty
pe1/public/amsfonts/cm/cmr7.pfb></usr/share/texlive/texmf-dist/fonts/type1/publ
ic/amsfonts/cm/cmsy10.pfb></usr/share/texlive/texmf-dist/fonts/type1/public/ams
fonts/cm/cmsy7.pfb></usr/share/texlive/texmf-dist/fonts/type1/public/amsfonts/c
m/cmti10.pfb></usr/share/texlive/texmf-dist/fonts/type1/public/amsfonts/cm/cmti
9.pfb>
Output written on notes.pdf (15 pages, 239219 bytes).
PDF statistics:
 113 PDF objects out of 1000 (max. 8388607)
 80 compressed objects within 1 object stream
 0 named destinations out of 1000 (max. 500000)
 1 words of extra memory for PDF output out of 10000 (max. 10000000)

